This is pdfTeX, Version 3.141592653-2.6-1.40.22 (TeX Live 2021 - Flatpak) (preloaded format=pdflatex 2021.10.11)  10 DEC 2021 18:58
entering extended mode
 restricted \write18 enabled.
 %&-line parsing enabled.
**report.tex
(./report.tex
LaTeX2e <2020-10-01> patch level 4
L3 programming layer <2021-02-18>
(/app/texlive/texmf-dist/tex/latex/disser/disser.cls
Document Class: disser 2017/03/03 1.4.1 Document class for dissertations
(/app/texlive/texmf-dist/tex/latex/kvoptions/kvoptions.sty
Package: kvoptions 2020-10-07 v3.14 Key value format for package options (HO)

(/app/texlive/texmf-dist/tex/latex/graphics/keyval.sty
Package: keyval 2014/10/28 v1.15 key=value parser (DPC)
\KV@toks@=\toks15
)
(/app/texlive/texmf-dist/tex/generic/ltxcmds/ltxcmds.sty
Package: ltxcmds 2020-05-10 v1.25 LaTeX kernel commands for general use (HO)
)
(/app/texlive/texmf-dist/tex/generic/kvsetkeys/kvsetkeys.sty
Package: kvsetkeys 2019/12/15 v1.18 Key value parser (HO)
))
(/app/texlive/texmf-dist/tex/generic/iftex/ifpdf.sty
Package: ifpdf 2019/10/25 v3.4 ifpdf legacy package. Use iftex instead.

(/app/texlive/texmf-dist/tex/generic/iftex/iftex.sty
Package: iftex 2020/03/06 v1.0d TeX engine tests
))
(/app/texlive/texmf-dist/tex/latex/base/ifthen.sty
Package: ifthen 2014/09/29 v1.1c Standard LaTeX ifthen package (DPC)
)
(/app/texlive/texmf-dist/tex/latex/textcase/textcase.sty
Package: textcase 2019/09/14 v1.00 Text only upper/lower case changing (DPC)
)
(/app/texlive/texmf-dist/tex/latex/extsizes/size14.clo
File: size14.clo 1999/11/11 v1.4a NON-Standard LaTeX file (size option)
)
(/app/texlive/texmf-dist/tex/latex/base/exscale.sty
Package: exscale 2018/09/24 v2.1i Standard LaTeX package exscale
LaTeX Font Info:    Redeclaring symbol font `largesymbols' on input line 57.
LaTeX Font Info:    Overwriting symbol font `largesymbols' in version `normal'
(Font)                  OMX/cmex/m/n --> OMX/cmex/m/n on input line 57.
LaTeX Font Info:    Overwriting symbol font `largesymbols' in version `bold'
(Font)                  OMX/cmex/m/n --> OMX/cmex/m/n on input line 57.
\big@size=\dimen138
)
\c@part=\count179
\c@chapter=\count180
\c@section=\count181
\c@subsection=\count182
\c@subsubsection=\count183
\c@paragraph=\count184
\c@subparagraph=\count185
\c@figure=\count186
\c@table=\count187
\chapterindent=\skip47
\schapterindent=\skip48
\abovecaptionskip=\skip49
\belowcaptionskip=\skip50
\footnoteindent=\skip51

(/app/texlive/texmf-dist/tex/latex/disser/titledefs.rtx
File: titledefs.rtx 
\fieldhshift=\skip52
)
\bibindent=\dimen139
\bibsep=\skip53

(/app/texlive/texmf-dist/tex/latex/caption/caption.sty
Package: caption 2020/10/26 v3.5g Customizing captions (AR)

(/app/texlive/texmf-dist/tex/latex/caption/caption3.sty
Package: caption3 2020/10/21 v2.2e caption3 kernel (AR)
\captionmargin=\dimen140
\captionmargin@=\dimen141
\captionwidth=\dimen142
\caption@tempdima=\dimen143
\caption@indent=\dimen144
\caption@parindent=\dimen145
\caption@hangindent=\dimen146
Package caption Info: Unknown document class (or package),
(caption)             standard defaults will be used.
Package caption Info: \@makecaption = \long macro:#1#2->\vskip \abovecaptionski
p \sbox \@tempboxa {{\captionlabelfont #1\captionlabeldelim } {\captionfont #2}
}\ifdim \wd \@tempboxa >\hsize {{\captionlabelfont #1\captionlabeldelim } {\cap
tionfont #2}}\par \else \global \@minipagefalse \hb@xt@ \hsize {\hfil \box \@te
mpboxa \hfil }\fi \vskip \belowcaptionskip  on input line 1139.
)

Package caption Warning: Unknown document class (or package),
(caption)                standard defaults will be used.
See the caption package documentation for explanation.

\c@caption@flags=\count188
\c@continuedfloat=\count189
) (/app/texlive/texmf-dist/tex/latex/caption/subcaption.sty
Package: subcaption 2020/10/07 v1.3j Sub-captions (AR)
\c@subfigure=\count190
\c@subtable=\count191
)
(/app/texlive/texmf-dist/tex/latex/hyperref/hyperref.sty
Package: hyperref 2021-02-27 v7.00k Hypertext links for LaTeX

(/app/texlive/texmf-dist/tex/generic/pdftexcmds/pdftexcmds.sty
Package: pdftexcmds 2020-06-27 v0.33 Utility functions of pdfTeX for LuaTeX (HO
)

(/app/texlive/texmf-dist/tex/generic/infwarerr/infwarerr.sty
Package: infwarerr 2019/12/03 v1.5 Providing info/warning/error messages (HO)
)
Package pdftexcmds Info: \pdf@primitive is available.
Package pdftexcmds Info: \pdf@ifprimitive is available.
Package pdftexcmds Info: \pdfdraftmode found.
)
(/app/texlive/texmf-dist/tex/generic/kvdefinekeys/kvdefinekeys.sty
Package: kvdefinekeys 2019-12-19 v1.6 Define keys (HO)
)
(/app/texlive/texmf-dist/tex/generic/pdfescape/pdfescape.sty
Package: pdfescape 2019/12/09 v1.15 Implements pdfTeX's escape features (HO)
)
(/app/texlive/texmf-dist/tex/latex/hycolor/hycolor.sty
Package: hycolor 2020-01-27 v1.10 Color options for hyperref/bookmark (HO)
)
(/app/texlive/texmf-dist/tex/latex/letltxmacro/letltxmacro.sty
Package: letltxmacro 2019/12/03 v1.6 Let assignment for LaTeX macros (HO)
)
(/app/texlive/texmf-dist/tex/latex/auxhook/auxhook.sty
Package: auxhook 2019-12-17 v1.6 Hooks for auxiliary files (HO)
)
\@linkdim=\dimen147
\Hy@linkcounter=\count192
\Hy@pagecounter=\count193

(/app/texlive/texmf-dist/tex/latex/hyperref/pd1enc.def
File: pd1enc.def 2021-02-27 v7.00k Hyperref: PDFDocEncoding definition (HO)
Now handling font encoding PD1 ...
... no UTF-8 mapping file for font encoding PD1
)
(/app/texlive/texmf-dist/tex/latex/hyperref/hyperref-langpatches.def
File: hyperref-langpatches.def 2021-02-27 v7.00k Hyperref: patches for babel la
nguages
)
(/app/texlive/texmf-dist/tex/generic/intcalc/intcalc.sty
Package: intcalc 2019/12/15 v1.3 Expandable calculations with integers (HO)
)
(/app/texlive/texmf-dist/tex/generic/etexcmds/etexcmds.sty
Package: etexcmds 2019/12/15 v1.7 Avoid name clashes with e-TeX commands (HO)
)
\Hy@SavedSpaceFactor=\count194

(/app/texlive/texmf-dist/tex/latex/hyperref/puenc.def
File: puenc.def 2021-02-27 v7.00k Hyperref: PDF Unicode definition (HO)
Now handling font encoding PU ...
... no UTF-8 mapping file for font encoding PU
)
Package hyperref Info: Option `colorlinks' set `true' on input line 4073.
Package hyperref Info: Option `final' set `true' on input line 4073.
Package hyperref Info: Option `unicode' set `true' on input line 4073.
Package hyperref Info: Hyper figures OFF on input line 4192.
Package hyperref Info: Link nesting OFF on input line 4197.
Package hyperref Info: Hyper index ON on input line 4200.
Package hyperref Info: Plain pages OFF on input line 4207.
Package hyperref Info: Backreferencing OFF on input line 4212.
Package hyperref Info: Implicit mode ON; LaTeX internals redefined.
Package hyperref Info: Bookmarks ON on input line 4445.
\c@Hy@tempcnt=\count195

(/app/texlive/texmf-dist/tex/latex/url/url.sty
\Urlmuskip=\muskip16
Package: url 2013/09/16  ver 3.4  Verb mode for urls, etc.
)
LaTeX Info: Redefining \url on input line 4804.
\XeTeXLinkMargin=\dimen148

(/app/texlive/texmf-dist/tex/generic/bitset/bitset.sty
Package: bitset 2019/12/09 v1.3 Handle bit-vector datatype (HO)

(/app/texlive/texmf-dist/tex/generic/bigintcalc/bigintcalc.sty
Package: bigintcalc 2019/12/15 v1.5 Expandable calculations on big integers (HO
)
))
\Fld@menulength=\count196
\Field@Width=\dimen149
\Fld@charsize=\dimen150
Package hyperref Info: Hyper figures OFF on input line 6075.
Package hyperref Info: Link nesting OFF on input line 6080.
Package hyperref Info: Hyper index ON on input line 6083.
Package hyperref Info: backreferencing OFF on input line 6090.
Package hyperref Info: Link coloring ON on input line 6093.
Package hyperref Info: Link coloring with OCG OFF on input line 6100.
Package hyperref Info: PDF/A mode OFF on input line 6105.
LaTeX Info: Redefining \ref on input line 6145.
LaTeX Info: Redefining \pageref on input line 6149.

(/app/texlive/texmf-dist/tex/latex/base/atbegshi-ltx.sty
Package: atbegshi-ltx 2020/08/17 v1.0a Emulation of the original atbegshi packa
ge
with kernel methods
)
\Hy@abspage=\count197
\c@Item=\count198
\c@Hfootnote=\count199
)
Package hyperref Info: Driver: hpdftex.

(/app/texlive/texmf-dist/tex/latex/hyperref/hpdftex.def
File: hpdftex.def 2021-02-27 v7.00k Hyperref driver for pdfTeX

(/app/texlive/texmf-dist/tex/latex/base/atveryend-ltx.sty
Package: atveryend-ltx 2020/08/19 v1.0a Emulation of the original atvery packag
e
with kernel methods
)
\Fld@listcount=\count266
\c@bookmark@seq@number=\count267

(/app/texlive/texmf-dist/tex/latex/rerunfilecheck/rerunfilecheck.sty
Package: rerunfilecheck 2019/12/05 v1.9 Rerun checks for auxiliary files (HO)

(/app/texlive/texmf-dist/tex/generic/uniquecounter/uniquecounter.sty
Package: uniquecounter 2019/12/15 v1.4 Provide unlimited unique counter (HO)
)
Package uniquecounter Info: New unique counter `rerunfilecheck' on input line 2
86.
)
\Hy@SectionHShift=\skip54
)
Package hyperref Info: Option `colorlinks' set `false' on input line 1453.
Package hyperref Info: Option `bookmarksopen' set `true' on input line 1453.
Package hyperref Info: Option `bookmarksnumbered' set `true' on input line 1453
.

(/app/texlive/texmf-dist/tex/latex/graphics/graphicx.sty
Package: graphicx 2020/09/09 v1.2b Enhanced LaTeX Graphics (DPC,SPQR)

(/app/texlive/texmf-dist/tex/latex/graphics/graphics.sty
Package: graphics 2020/08/30 v1.4c Standard LaTeX Graphics (DPC,SPQR)

(/app/texlive/texmf-dist/tex/latex/graphics/trig.sty
Package: trig 2016/01/03 v1.10 sin cos tan (DPC)
)
(/app/texlive/texmf-dist/tex/latex/graphics-cfg/graphics.cfg
File: graphics.cfg 2016/06/04 v1.11 sample graphics configuration
)
Package graphics Info: Driver file: pdftex.def on input line 105.

(/app/texlive/texmf-dist/tex/latex/graphics-def/pdftex.def
File: pdftex.def 2020/10/05 v1.2a Graphics/color driver for pdftex
))
\Gin@req@height=\dimen151
\Gin@req@width=\dimen152
)
(/app/texlive/texmf-dist/tex/latex/cmap/cmap.sty
Package: cmap 2021/02/06 v1.0j CMap support: searchable PDF
))
(/app/texlive/texmf-dist/tex/latex/disser/specialist.rtx
File: specialist.rtx 
)
(/app/texlive/texmf-dist/tex/latex/base/inputenc.sty
Package: inputenc 2020/08/01 v1.3d Input encoding file
\inpenc@prehook=\toks16
\inpenc@posthook=\toks17

(/app/texlive/texmf-dist/tex/latex/ucs/utf8x.def
File: utf8x.def 2004/10/17 UCS: Input encoding UTF-8
))
(/app/texlive/texmf-dist/tex/latex/ucs/ucs.sty
Package: ucs 2013/05/11 v2.2 UCS: Unicode input support

(/app/texlive/texmf-dist/tex/latex/ucs/data/uni-global.def
File: uni-global.def 2013/05/13 UCS: Unicode global data
)
\uc@secondtry=\count268
\uc@combtoks=\toks18
\uc@combtoksb=\toks19
\uc@temptokena=\toks20
)
(/app/texlive/texmf-dist/tex/generic/babel/babel.sty
Package: babel 2021/03/24 3.56 The Babel package

(/app/texlive/texmf-dist/tex/generic/babel/babel.def
File: babel.def 2021/03/24 3.56 Babel common definitions
\babel@savecnt=\count269
\U@D=\dimen153
\l@babelnohyphens=\language87

(/app/texlive/texmf-dist/tex/generic/babel/txtbabel.def)
\bbl@readstream=\read2
)
\bbl@dirlevel=\count270

(/app/texlive/texmf-dist/tex/generic/babel-english/english.ldf
Language: english 2017/06/06 v3.3r English support from the babel system
Package babel Info: \l@canadian = using hyphenrules for english
(babel)             (\language0) on input line 102.
Package babel Info: \l@australian = using hyphenrules for ukenglish
(babel)             (\language21) on input line 105.
Package babel Info: \l@newzealand = using hyphenrules for ukenglish
(babel)             (\language21) on input line 108.
)
(/app/texlive/texmf-dist/tex/generic/babel-russian/russianb.ldf
File: russianb.ldf 2021/01/10 1.3m Russian support for the Babel system
Language: russian 2020/09/09 1.3k Russian support for the Babel system


Package babel Warning: No Cyrillic font encoding has been loaded so far.
(babel)                A font encoding should be declared before babel.
(babel)                Default `T2A' encoding will be loaded  on input line 78.


(/app/texlive/texmf-dist/tex/latex/cyrillic/t2aenc.def
File: t2aenc.def 2005/09/27 v1.0i Cyrillic encoding definition file
)
Package babel Info: Making " an active character on input line 124.
Package babel Info: Default for \cyrdash is provided on input line 163.
))
(/app/texlive/texmf-dist/tex/latex/base/fontenc.sty
Package: fontenc 2020/08/10 v2.0s Standard LaTeX package
LaTeX Font Info:    Trying to load font information for T2A+cmr on input line 1
12.

(/app/texlive/texmf-dist/tex/latex/cyrillic/t2acmr.fd
File: t2acmr.fd 2001/08/11 v1.0a Computer Modern Cyrillic font definitions
)<<t2a.cmap>>)
(/app/texlive/texmf-dist/tex/latex/amsmath/amsmath.sty
Package: amsmath 2020/09/23 v2.17i AMS math features
\@mathmargin=\skip55

For additional information on amsmath, use the `?' option.
(/app/texlive/texmf-dist/tex/latex/amsmath/amstext.sty
Package: amstext 2000/06/29 v2.01 AMS text

(/app/texlive/texmf-dist/tex/latex/amsmath/amsgen.sty
File: amsgen.sty 1999/11/30 v2.0 generic functions
\@emptytoks=\toks21
\ex@=\dimen154
))
(/app/texlive/texmf-dist/tex/latex/amsmath/amsbsy.sty
Package: amsbsy 1999/11/29 v1.2d Bold Symbols
\pmbraise@=\dimen155
)
(/app/texlive/texmf-dist/tex/latex/amsmath/amsopn.sty
Package: amsopn 2016/03/08 v2.02 operator names
)
\inf@bad=\count271
LaTeX Info: Redefining \frac on input line 234.
\uproot@=\count272
\leftroot@=\count273
LaTeX Info: Redefining \overline on input line 399.
\classnum@=\count274
\DOTSCASE@=\count275
LaTeX Info: Redefining \ldots on input line 496.
LaTeX Info: Redefining \dots on input line 499.
LaTeX Info: Redefining \cdots on input line 620.
\Mathstrutbox@=\box47
\strutbox@=\box48
\big@size=\dimen156
LaTeX Font Info:    Redeclaring font encoding OML on input line 743.
LaTeX Font Info:    Redeclaring font encoding OMS on input line 744.
\macc@depth=\count276
\c@MaxMatrixCols=\count277
\dotsspace@=\muskip17
\c@parentequation=\count278
\dspbrk@lvl=\count279
\tag@help=\toks22
\row@=\count280
\column@=\count281
\maxfields@=\count282
\andhelp@=\toks23
\eqnshift@=\dimen157
\alignsep@=\dimen158
\tagshift@=\dimen159
\tagwidth@=\dimen160
\totwidth@=\dimen161
\lineht@=\dimen162
\@envbody=\toks24
\multlinegap=\skip56
\multlinetaggap=\skip57
\mathdisplay@stack=\toks25
LaTeX Info: Redefining \[ on input line 2923.
LaTeX Info: Redefining \] on input line 2924.
)
(/app/texlive/texmf-dist/tex/latex/amscls/amsthm.sty
Package: amsthm 2020/05/29 v2.20.6
\thm@style=\toks26
\thm@bodyfont=\toks27
\thm@headfont=\toks28
\thm@notefont=\toks29
\thm@headpunct=\toks30
\thm@preskip=\skip58
\thm@postskip=\skip59
\thm@headsep=\skip60
\dth@everypar=\toks31
)
(/app/texlive/texmf-dist/tex/latex/amsfonts/amssymb.sty
Package: amssymb 2013/01/14 v3.01 AMS font symbols

(/app/texlive/texmf-dist/tex/latex/amsfonts/amsfonts.sty
Package: amsfonts 2013/01/14 v3.01 Basic AMSFonts support
\symAMSa=\mathgroup4
\symAMSb=\mathgroup5
LaTeX Font Info:    Redeclaring math symbol \hbar on input line 98.
LaTeX Font Info:    Overwriting math alphabet `\mathfrak' in version `bold'
(Font)                  U/euf/m/n --> U/euf/b/n on input line 106.
))
(/app/texlive/texmf-dist/tex/latex/wrapfig/wrapfig.sty
\wrapoverhang=\dimen163
\WF@size=\dimen164
\c@WF@wrappedlines=\count283
\WF@box=\box49
\WF@everypar=\toks32
Package: wrapfig 2003/01/31  v 3.6
)
(/app/texlive/texmf-dist/tex/latex/enumitem/enumitem.sty
Package: enumitem 2019/06/20 v3.9 Customized lists
\labelindent=\skip61
\enit@outerparindent=\dimen165
\enit@toks=\toks33
\enit@inbox=\box50
\enit@count@id=\count284
\enitdp@description=\count285
)
(/app/texlive/texmf-dist/tex/latex/tools/multicol.sty
Package: multicol 2019/12/09 v1.8y multicolumn formatting (FMi)
\c@tracingmulticols=\count286
\mult@box=\box51
\multicol@leftmargin=\dimen166
\c@unbalance=\count287
\c@collectmore=\count288
\doublecol@number=\count289
\multicoltolerance=\count290
\multicolpretolerance=\count291
\full@width=\dimen167
\page@free=\dimen168
\premulticols=\dimen169
\postmulticols=\dimen170
\multicolsep=\skip62
\multicolbaselineskip=\skip63
\partial@page=\box52
\last@line=\box53
\maxbalancingoverflow=\dimen171
\mult@rightbox=\box54
\mult@grightbox=\box55
\mult@gfirstbox=\box56
\mult@firstbox=\box57
\@tempa=\box58
\@tempa=\box59
\@tempa=\box60
\@tempa=\box61
\@tempa=\box62
\@tempa=\box63
\@tempa=\box64
\@tempa=\box65
\@tempa=\box66
\@tempa=\box67
\@tempa=\box68
\@tempa=\box69
\@tempa=\box70
\@tempa=\box71
\@tempa=\box72
\@tempa=\box73
\@tempa=\box74
\@tempa=\box75
\@tempa=\box76
\@tempa=\box77
\@tempa=\box78
\@tempa=\box79
\@tempa=\box80
\@tempa=\box81
\@tempa=\box82
\@tempa=\box83
\@tempa=\box84
\@tempa=\box85
\@tempa=\box86
\@tempa=\box87
\@tempa=\box88
\@tempa=\box89
\@tempa=\box90
\@tempa=\box91
\@tempa=\box92
\@tempa=\box93
\@tempa=\box94
\c@minrows=\count292
\c@columnbadness=\count293
\c@finalcolumnbadness=\count294
\last@try=\dimen172
\multicolovershoot=\dimen173
\multicolundershoot=\dimen174
\mult@nat@firstbox=\box95
\colbreak@box=\box96
\mc@col@check@num=\count295
)
(/app/texlive/texmf-dist/tex/latex/jknapltx/mathrsfs.sty
Package: mathrsfs 1996/01/01 Math RSFS package v1.0 (jk)
\symrsfs=\mathgroup6
)
(/app/texlive/texmf-dist/tex/latex/xcolor/xcolor.sty
Package: xcolor 2016/05/11 v2.12 LaTeX color extensions (UK)

(/app/texlive/texmf-dist/tex/latex/graphics-cfg/color.cfg
File: color.cfg 2016/01/02 v1.6 sample color configuration
)
Package xcolor Info: Driver file: pdftex.def on input line 225.
Package xcolor Info: Model `cmy' substituted by `cmy0' on input line 1348.
Package xcolor Info: Model `hsb' substituted by `rgb' on input line 1352.
Package xcolor Info: Model `RGB' extended on input line 1364.
Package xcolor Info: Model `HTML' substituted by `rgb' on input line 1366.
Package xcolor Info: Model `Hsb' substituted by `hsb' on input line 1367.
Package xcolor Info: Model `tHsb' substituted by `hsb' on input line 1368.
Package xcolor Info: Model `HSB' substituted by `hsb' on input line 1369.
Package xcolor Info: Model `Gray' substituted by `gray' on input line 1370.
Package xcolor Info: Model `wave' substituted by `hsb' on input line 1371.
)
(/app/texlive/texmf-dist/tex/latex/pgf/frontendlayer/tikz.sty
(/app/texlive/texmf-dist/tex/latex/pgf/basiclayer/pgf.sty
(/app/texlive/texmf-dist/tex/latex/pgf/utilities/pgfrcs.sty
(/app/texlive/texmf-dist/tex/generic/pgf/utilities/pgfutil-common.tex
\pgfutil@everybye=\toks34
\pgfutil@tempdima=\dimen175
\pgfutil@tempdimb=\dimen176

(/app/texlive/texmf-dist/tex/generic/pgf/utilities/pgfutil-common-lists.tex))
(/app/texlive/texmf-dist/tex/generic/pgf/utilities/pgfutil-latex.def
\pgfutil@abb=\box97
)
(/app/texlive/texmf-dist/tex/generic/pgf/utilities/pgfrcs.code.tex
(/app/texlive/texmf-dist/tex/generic/pgf/pgf.revision.tex)
Package: pgfrcs 2020/12/27 v3.1.8b (3.1.8b)
))
Package: pgf 2020/12/27 v3.1.8b (3.1.8b)

(/app/texlive/texmf-dist/tex/latex/pgf/basiclayer/pgfcore.sty
(/app/texlive/texmf-dist/tex/latex/pgf/systemlayer/pgfsys.sty
(/app/texlive/texmf-dist/tex/generic/pgf/systemlayer/pgfsys.code.tex
Package: pgfsys 2020/12/27 v3.1.8b (3.1.8b)

(/app/texlive/texmf-dist/tex/generic/pgf/utilities/pgfkeys.code.tex
\pgfkeys@pathtoks=\toks35
\pgfkeys@temptoks=\toks36

(/app/texlive/texmf-dist/tex/generic/pgf/utilities/pgfkeysfiltered.code.tex
\pgfkeys@tmptoks=\toks37
))
\pgf@x=\dimen177
\pgf@y=\dimen178
\pgf@xa=\dimen179
\pgf@ya=\dimen180
\pgf@xb=\dimen181
\pgf@yb=\dimen182
\pgf@xc=\dimen183
\pgf@yc=\dimen184
\pgf@xd=\dimen185
\pgf@yd=\dimen186
\w@pgf@writea=\write3
\r@pgf@reada=\read3
\c@pgf@counta=\count296
\c@pgf@countb=\count297
\c@pgf@countc=\count298
\c@pgf@countd=\count299
\t@pgf@toka=\toks38
\t@pgf@tokb=\toks39
\t@pgf@tokc=\toks40
\pgf@sys@id@count=\count300

(/app/texlive/texmf-dist/tex/generic/pgf/systemlayer/pgf.cfg
File: pgf.cfg 2020/12/27 v3.1.8b (3.1.8b)
)
Driver file for pgf: pgfsys-pdftex.def

(/app/texlive/texmf-dist/tex/generic/pgf/systemlayer/pgfsys-pdftex.def
File: pgfsys-pdftex.def 2020/12/27 v3.1.8b (3.1.8b)

(/app/texlive/texmf-dist/tex/generic/pgf/systemlayer/pgfsys-common-pdf.def
File: pgfsys-common-pdf.def 2020/12/27 v3.1.8b (3.1.8b)
)))
(/app/texlive/texmf-dist/tex/generic/pgf/systemlayer/pgfsyssoftpath.code.tex
File: pgfsyssoftpath.code.tex 2020/12/27 v3.1.8b (3.1.8b)
\pgfsyssoftpath@smallbuffer@items=\count301
\pgfsyssoftpath@bigbuffer@items=\count302
)
(/app/texlive/texmf-dist/tex/generic/pgf/systemlayer/pgfsysprotocol.code.tex
File: pgfsysprotocol.code.tex 2020/12/27 v3.1.8b (3.1.8b)
))
(/app/texlive/texmf-dist/tex/generic/pgf/basiclayer/pgfcore.code.tex
Package: pgfcore 2020/12/27 v3.1.8b (3.1.8b)

(/app/texlive/texmf-dist/tex/generic/pgf/math/pgfmath.code.tex
(/app/texlive/texmf-dist/tex/generic/pgf/math/pgfmathcalc.code.tex
(/app/texlive/texmf-dist/tex/generic/pgf/math/pgfmathutil.code.tex)
(/app/texlive/texmf-dist/tex/generic/pgf/math/pgfmathparser.code.tex
\pgfmath@dimen=\dimen187
\pgfmath@count=\count303
\pgfmath@box=\box98
\pgfmath@toks=\toks41
\pgfmath@stack@operand=\toks42
\pgfmath@stack@operation=\toks43
)
(/app/texlive/texmf-dist/tex/generic/pgf/math/pgfmathfunctions.code.tex
(/app/texlive/texmf-dist/tex/generic/pgf/math/pgfmathfunctions.basic.code.tex)
(/app/texlive/texmf-dist/tex/generic/pgf/math/pgfmathfunctions.trigonometric.co
de.tex)
(/app/texlive/texmf-dist/tex/generic/pgf/math/pgfmathfunctions.random.code.tex)

(/app/texlive/texmf-dist/tex/generic/pgf/math/pgfmathfunctions.comparison.code.
tex)
(/app/texlive/texmf-dist/tex/generic/pgf/math/pgfmathfunctions.base.code.tex)
(/app/texlive/texmf-dist/tex/generic/pgf/math/pgfmathfunctions.round.code.tex)
(/app/texlive/texmf-dist/tex/generic/pgf/math/pgfmathfunctions.misc.code.tex)
(/app/texlive/texmf-dist/tex/generic/pgf/math/pgfmathfunctions.integerarithmeti
cs.code.tex)))
(/app/texlive/texmf-dist/tex/generic/pgf/math/pgfmathfloat.code.tex
\c@pgfmathroundto@lastzeros=\count304
))
(/app/texlive/texmf-dist/tex/generic/pgf/math/pgfint.code.tex)
(/app/texlive/texmf-dist/tex/generic/pgf/basiclayer/pgfcorepoints.code.tex
File: pgfcorepoints.code.tex 2020/12/27 v3.1.8b (3.1.8b)
\pgf@picminx=\dimen188
\pgf@picmaxx=\dimen189
\pgf@picminy=\dimen190
\pgf@picmaxy=\dimen191
\pgf@pathminx=\dimen192
\pgf@pathmaxx=\dimen193
\pgf@pathminy=\dimen194
\pgf@pathmaxy=\dimen195
\pgf@xx=\dimen196
\pgf@xy=\dimen197
\pgf@yx=\dimen198
\pgf@yy=\dimen199
\pgf@zx=\dimen256
\pgf@zy=\dimen257
)
(/app/texlive/texmf-dist/tex/generic/pgf/basiclayer/pgfcorepathconstruct.code.t
ex
File: pgfcorepathconstruct.code.tex 2020/12/27 v3.1.8b (3.1.8b)
\pgf@path@lastx=\dimen258
\pgf@path@lasty=\dimen259
)
(/app/texlive/texmf-dist/tex/generic/pgf/basiclayer/pgfcorepathusage.code.tex
File: pgfcorepathusage.code.tex 2020/12/27 v3.1.8b (3.1.8b)
\pgf@shorten@end@additional=\dimen260
\pgf@shorten@start@additional=\dimen261
)
(/app/texlive/texmf-dist/tex/generic/pgf/basiclayer/pgfcorescopes.code.tex
File: pgfcorescopes.code.tex 2020/12/27 v3.1.8b (3.1.8b)
\pgfpic=\box99
\pgf@hbox=\box100
\pgf@layerbox@main=\box101
\pgf@picture@serial@count=\count305
)
(/app/texlive/texmf-dist/tex/generic/pgf/basiclayer/pgfcoregraphicstate.code.te
x
File: pgfcoregraphicstate.code.tex 2020/12/27 v3.1.8b (3.1.8b)
\pgflinewidth=\dimen262
)
(/app/texlive/texmf-dist/tex/generic/pgf/basiclayer/pgfcoretransformations.code
.tex
File: pgfcoretransformations.code.tex 2020/12/27 v3.1.8b (3.1.8b)
\pgf@pt@x=\dimen263
\pgf@pt@y=\dimen264
\pgf@pt@temp=\dimen265
) (/app/texlive/texmf-dist/tex/generic/pgf/basiclayer/pgfcorequick.code.tex
File: pgfcorequick.code.tex 2020/12/27 v3.1.8b (3.1.8b)
) (/app/texlive/texmf-dist/tex/generic/pgf/basiclayer/pgfcoreobjects.code.tex
File: pgfcoreobjects.code.tex 2020/12/27 v3.1.8b (3.1.8b)
)
(/app/texlive/texmf-dist/tex/generic/pgf/basiclayer/pgfcorepathprocessing.code.
tex
File: pgfcorepathprocessing.code.tex 2020/12/27 v3.1.8b (3.1.8b)
) (/app/texlive/texmf-dist/tex/generic/pgf/basiclayer/pgfcorearrows.code.tex
File: pgfcorearrows.code.tex 2020/12/27 v3.1.8b (3.1.8b)
\pgfarrowsep=\dimen266
) (/app/texlive/texmf-dist/tex/generic/pgf/basiclayer/pgfcoreshade.code.tex
File: pgfcoreshade.code.tex 2020/12/27 v3.1.8b (3.1.8b)
\pgf@max=\dimen267
\pgf@sys@shading@range@num=\count306
\pgf@shadingcount=\count307
)
(/app/texlive/texmf-dist/tex/generic/pgf/basiclayer/pgfcoreimage.code.tex
File: pgfcoreimage.code.tex 2020/12/27 v3.1.8b (3.1.8b)

(/app/texlive/texmf-dist/tex/generic/pgf/basiclayer/pgfcoreexternal.code.tex
File: pgfcoreexternal.code.tex 2020/12/27 v3.1.8b (3.1.8b)
\pgfexternal@startupbox=\box102
))
(/app/texlive/texmf-dist/tex/generic/pgf/basiclayer/pgfcorelayers.code.tex
File: pgfcorelayers.code.tex 2020/12/27 v3.1.8b (3.1.8b)
)
(/app/texlive/texmf-dist/tex/generic/pgf/basiclayer/pgfcoretransparency.code.te
x
File: pgfcoretransparency.code.tex 2020/12/27 v3.1.8b (3.1.8b)
) (/app/texlive/texmf-dist/tex/generic/pgf/basiclayer/pgfcorepatterns.code.tex
File: pgfcorepatterns.code.tex 2020/12/27 v3.1.8b (3.1.8b)
) (/app/texlive/texmf-dist/tex/generic/pgf/basiclayer/pgfcorerdf.code.tex
File: pgfcorerdf.code.tex 2020/12/27 v3.1.8b (3.1.8b)
)))
(/app/texlive/texmf-dist/tex/generic/pgf/modules/pgfmoduleshapes.code.tex
File: pgfmoduleshapes.code.tex 2020/12/27 v3.1.8b (3.1.8b)
\pgfnodeparttextbox=\box103
)
(/app/texlive/texmf-dist/tex/generic/pgf/modules/pgfmoduleplot.code.tex
File: pgfmoduleplot.code.tex 2020/12/27 v3.1.8b (3.1.8b)
)
(/app/texlive/texmf-dist/tex/latex/pgf/compatibility/pgfcomp-version-0-65.sty
Package: pgfcomp-version-0-65 2020/12/27 v3.1.8b (3.1.8b)
\pgf@nodesepstart=\dimen268
\pgf@nodesepend=\dimen269
)
(/app/texlive/texmf-dist/tex/latex/pgf/compatibility/pgfcomp-version-1-18.sty
Package: pgfcomp-version-1-18 2020/12/27 v3.1.8b (3.1.8b)
)) (/app/texlive/texmf-dist/tex/latex/pgf/utilities/pgffor.sty
(/app/texlive/texmf-dist/tex/latex/pgf/utilities/pgfkeys.sty
(/app/texlive/texmf-dist/tex/generic/pgf/utilities/pgfkeys.code.tex))
(/app/texlive/texmf-dist/tex/latex/pgf/math/pgfmath.sty
(/app/texlive/texmf-dist/tex/generic/pgf/math/pgfmath.code.tex))
(/app/texlive/texmf-dist/tex/generic/pgf/utilities/pgffor.code.tex
Package: pgffor 2020/12/27 v3.1.8b (3.1.8b)

(/app/texlive/texmf-dist/tex/generic/pgf/math/pgfmath.code.tex)
\pgffor@iter=\dimen270
\pgffor@skip=\dimen271
\pgffor@stack=\toks44
\pgffor@toks=\toks45
))
(/app/texlive/texmf-dist/tex/generic/pgf/frontendlayer/tikz/tikz.code.tex
Package: tikz 2020/12/27 v3.1.8b (3.1.8b)

(/app/texlive/texmf-dist/tex/generic/pgf/libraries/pgflibraryplothandlers.code.
tex
File: pgflibraryplothandlers.code.tex 2020/12/27 v3.1.8b (3.1.8b)
\pgf@plot@mark@count=\count308
\pgfplotmarksize=\dimen272
)
\tikz@lastx=\dimen273
\tikz@lasty=\dimen274
\tikz@lastxsaved=\dimen275
\tikz@lastysaved=\dimen276
\tikz@lastmovetox=\dimen277
\tikz@lastmovetoy=\dimen278
\tikzleveldistance=\dimen279
\tikzsiblingdistance=\dimen280
\tikz@figbox=\box104
\tikz@figbox@bg=\box105
\tikz@tempbox=\box106
\tikz@tempbox@bg=\box107
\tikztreelevel=\count309
\tikznumberofchildren=\count310
\tikznumberofcurrentchild=\count311
\tikz@fig@count=\count312
 (/app/texlive/texmf-dist/tex/generic/pgf/modules/pgfmodulematrix.code.tex
File: pgfmodulematrix.code.tex 2020/12/27 v3.1.8b (3.1.8b)
\pgfmatrixcurrentrow=\count313
\pgfmatrixcurrentcolumn=\count314
\pgf@matrix@numberofcolumns=\count315
)
\tikz@expandcount=\count316

(/app/texlive/texmf-dist/tex/generic/pgf/frontendlayer/tikz/libraries/tikzlibra
rytopaths.code.tex
File: tikzlibrarytopaths.code.tex 2020/12/27 v3.1.8b (3.1.8b)
))) (/app/texlive/texmf-dist/tex/latex/pdfpages/pdfpages.sty
Package: pdfpages 2021/03/06 v0.5t Insert pages of external PDF documents (AM)

(/app/texlive/texmf-dist/tex/latex/tools/calc.sty
Package: calc 2017/05/25 v4.3 Infix arithmetic (KKT,FJ)
\calc@Acount=\count317
\calc@Bcount=\count318
\calc@Adimen=\dimen281
\calc@Bdimen=\dimen282
\calc@Askip=\skip64
\calc@Bskip=\skip65
LaTeX Info: Redefining \setlength on input line 80.
LaTeX Info: Redefining \addtolength on input line 81.
\calc@Ccount=\count319
\calc@Cskip=\skip66
)
(/app/texlive/texmf-dist/tex/latex/eso-pic/eso-pic.sty
Package: eso-pic 2020/10/14 v3.0a eso-pic (RN)
\ESO@tempdima=\dimen283
\ESO@tempdimb=\dimen284
)
\AM@pagewidth=\dimen285
\AM@pageheight=\dimen286
\AM@fboxrule=\dimen287

(/app/texlive/texmf-dist/tex/latex/pdfpages/pppdftex.def
File: pppdftex.def 2021/03/06 v0.5t Pdfpages driver for pdfTeX (AM)
)
\pdfpages@includegraphics@status=\count320
\AM@pagebox=\box108
\AM@global@opts=\toks46
\AM@pagecnt=\count321
\AM@toc@title=\toks47
\c@AM@survey=\count322
\AM@templatesizebox=\box109
)
(/app/texlive/texmf-dist/tex/generic/pgf/frontendlayer/tikz/libraries/tikzlibra
rydecorations.pathreplacing.code.tex
(/app/texlive/texmf-dist/tex/generic/pgf/frontendlayer/tikz/libraries/tikzlibra
rydecorations.code.tex
(/app/texlive/texmf-dist/tex/generic/pgf/modules/pgfmoduledecorations.code.tex
\pgfdecoratedcompleteddistance=\dimen288
\pgfdecoratedremainingdistance=\dimen289
\pgfdecoratedinputsegmentcompleteddistance=\dimen290
\pgfdecoratedinputsegmentremainingdistance=\dimen291
\pgf@decorate@distancetomove=\dimen292
\pgf@decorate@repeatstate=\count323
\pgfdecorationsegmentamplitude=\dimen293
\pgfdecorationsegmentlength=\dimen294
)
\tikz@lib@dec@box=\box110
)
(/app/texlive/texmf-dist/tex/generic/pgf/libraries/decorations/pgflibrarydecora
tions.pathreplacing.code.tex))
(/app/texlive/texmf-dist/tex/latex/algorithmicx/algpseudocode.sty
Package: algpseudocode 

(/app/texlive/texmf-dist/tex/latex/algorithmicx/algorithmicx.sty
Package: algorithmicx 2005/04/27 v1.2 Algorithmicx

Document Style algorithmicx 1.2 - a greatly improved `algorithmic' style
\c@ALG@line=\count324
\c@ALG@rem=\count325
\c@ALG@nested=\count326
\ALG@tlm=\skip67
\ALG@thistlm=\skip68
\c@ALG@Lnr=\count327
\c@ALG@blocknr=\count328
\c@ALG@storecount=\count329
\c@ALG@tmpcounter=\count330
\ALG@tmplength=\skip69
)
Document Style - pseudocode environments for use with the `algorithmicx' style
) (/app/texlive/texmf-dist/tex/latex/geometry/geometry.sty
Package: geometry 2020/01/02 v5.9 Page Geometry

(/app/texlive/texmf-dist/tex/generic/iftex/ifvtex.sty
Package: ifvtex 2019/10/25 v1.7 ifvtex legacy package. Use iftex instead.
)
\Gm@cnth=\count331
\Gm@cntv=\count332
\c@Gm@tempcnt=\count333
\Gm@bindingoffset=\dimen295
\Gm@wd@mp=\dimen296
\Gm@odd@mp=\dimen297
\Gm@even@mp=\dimen298
\Gm@layoutwidth=\dimen299
\Gm@layoutheight=\dimen300
\Gm@layouthoffset=\dimen301
\Gm@layoutvoffset=\dimen302
\Gm@dimlist=\toks48
)
(/app/texlive/texmf-dist/tex/latex/floatrow/floatrow.sty
Package: floatrow 2008/08/02 v0.3b floatrow: float package extension
\c@float@type=\count334
\float@exts=\toks49
\float@box=\box111
\@floatcapt=\box112
Package floatrow Info: Modified float package code loaded on input line 455.
Package floatrow Info: Modified rotfloat package code loaded on input line 473.

\FR@everyfloat=\toks50
\flrow@foot=\insert252
\FB@wd=\dimen303
\FBo@wd=\dimen304
\FBc@wd=\dimen305
\FBo@ht=\skip70
\FBc@ht=\skip71
\FBf@ht=\skip72
\FBo@max=\skip73
\FBc@max=\skip74
\FBf@max=\skip75
\c@FBl@b=\count335
\floatbox@depth=\count336
\c@FRobj=\count337
\c@FRsobj=\count338
\Xhsize=\skip76
\sXhsize=\skip77
\Zhsize=\skip78
\sZhsize=\skip79
\flrow@rowbox=\box113
\FR@Zunitlength=\dimen306
\c@FBcnt=\count339
\FPOScnt=\count340
\LTleft=\skip80
\LTright=\skip81
\LTleft=\skip82
\LTright=\skip83
\flrow@types=\toks51
)
(/app/texlive/texmf-dist/tex/generic/pgf/frontendlayer/tikz/libraries/graphs/ti
kzlibrarygraphs.code.tex
File: tikzlibrarygraphs.code.tex 2020/12/27 v3.1.8b (3.1.8b)
\tikz@lib@auto@number=\count341
\tikz@qnode@count=\count342
)
\c@defn=\count343
\c@example=\count344
\c@state=\count345
\c@theorem=\count346
\c@lemma=\count347
\c@axiom=\count348
\c@consequence=\count349

(/app/texlive/texmf-dist/tex/latex/l3backend/l3backend-pdftex.def
File: l3backend-pdftex.def 2021-03-18 L3 backend support: PDF output (pdfTeX)
\l__color_backend_stack_int=\count350
\l__pdf_internal_box=\box114
)

LaTeX Warning: Unused global option(s):
    [times,mtpro].

(./report.aux)
\openout1 = `report.aux'.

LaTeX Font Info:    Checking defaults for OML/cmm/m/it on input line 34.
LaTeX Font Info:    ... okay on input line 34.
LaTeX Font Info:    Checking defaults for OMS/cmsy/m/n on input line 34.
LaTeX Font Info:    ... okay on input line 34.
LaTeX Font Info:    Checking defaults for OT1/cmr/m/n on input line 34.
LaTeX Font Info:    ... okay on input line 34.
LaTeX Font Info:    Checking defaults for T1/cmr/m/n on input line 34.
LaTeX Font Info:    ... okay on input line 34.
LaTeX Font Info:    Checking defaults for TS1/cmr/m/n on input line 34.
LaTeX Font Info:    ... okay on input line 34.
LaTeX Font Info:    Checking defaults for OMX/cmex/m/n on input line 34.
LaTeX Font Info:    ... okay on input line 34.
LaTeX Font Info:    Checking defaults for U/cmr/m/n on input line 34.
LaTeX Font Info:    ... okay on input line 34.
LaTeX Font Info:    Checking defaults for PD1/pdf/m/n on input line 34.
LaTeX Font Info:    ... okay on input line 34.
LaTeX Font Info:    Checking defaults for PU/pdf/m/n on input line 34.
LaTeX Font Info:    ... okay on input line 34.
LaTeX Font Info:    Checking defaults for T2A/cmr/m/n on input line 34.
LaTeX Font Info:    ... okay on input line 34.
Package caption Info: Begin \AtBeginDocument code.
Package caption Info: float package is loaded.
Package caption Info: floatrow package is loaded.
Package caption Info: hyperref package is loaded.
Package caption Info: wrapfig package is loaded.
Package caption Info: End \AtBeginDocument code.
Package hyperref Info: Link coloring OFF on input line 34.
 (/app/texlive/texmf-dist/tex/latex/hyperref/nameref.sty
Package: nameref 2021-04-02 v2.47 Cross-referencing by name of section

(/app/texlive/texmf-dist/tex/latex/refcount/refcount.sty
Package: refcount 2019/12/15 v3.6 Data extraction from label references (HO)
)
(/app/texlive/texmf-dist/tex/generic/gettitlestring/gettitlestring.sty
Package: gettitlestring 2019/12/15 v1.6 Cleanup title references (HO)
)
\c@section@level=\count351
)
LaTeX Info: Redefining \ref on input line 34.
LaTeX Info: Redefining \pageref on input line 34.
LaTeX Info: Redefining \nameref on input line 34.

(./report.out) (./report.out)
\@outlinefile=\write4
\openout4 = `report.out'.


(/app/texlive/texmf-dist/tex/context/base/mkii/supp-pdf.mkii
[Loading MPS to PDF converter (version 2006.09.02).]
\scratchcounter=\count352
\scratchdimen=\dimen307
\scratchbox=\box115
\nofMPsegments=\count353
\nofMParguments=\count354
\everyMPshowfont=\toks52
\MPscratchCnt=\count355
\MPscratchDim=\dimen308
\MPnumerator=\count356
\makeMPintoPDFobject=\count357
\everyMPtoPDFconversion=\toks53
) (/app/texlive/texmf-dist/tex/latex/epstopdf-pkg/epstopdf-base.sty
Package: epstopdf-base 2020-01-24 v2.11 Base part for package epstopdf
Package epstopdf-base Info: Redefining graphics rule for `.eps' on input line 4
85.

(/app/texlive/texmf-dist/tex/latex/latexconfig/epstopdf-sys.cfg
File: epstopdf-sys.cfg 2010/07/13 v1.3 Configuration of (r)epstopdf for TeX Liv
e
))
(/app/texlive/texmf-dist/tex/latex/ucs/ucsencs.def
File: ucsencs.def 2011/01/21 Fixes to fontencodings LGR, T3
)
LaTeX Info: Redefining \th on input line 34.

(/app/texlive/texmf-dist/tex/latex/pdflscape/pdflscape.sty
Package: pdflscape 2019/12/05 v0.12 Display of landscape pages in PDF (HO)

(/app/texlive/texmf-dist/tex/latex/graphics/lscape.sty
Package: lscape 2020/05/28 v3.02 Landscape Pages (DPC)
)
Package pdflscape Info: Auto-detected driver: pdftex on input line 81.
)
*geometry* driver: auto-detecting
*geometry* detected driver: pdftex
*geometry* verbose mode - [ preamble ] result:
* driver: pdftex
* paper: a4paper
* layout: <same size as paper>
* layoutoffset:(h,v)=(0.0pt,0.0pt)
* modes: includefoot 
* h-part:(L,W,R)=(85.35826pt, 469.47049pt, 42.67912pt)
* v-part:(T,H,B)=(28.45274pt, 788.14136pt, 28.45274pt)
* \paperwidth=597.50787pt
* \paperheight=845.04684pt
* \textwidth=469.47049pt
* \textheight=759.68861pt
* \oddsidemargin=13.08827pt
* \evensidemargin=13.08827pt
* \topmargin=-86.26999pt
* \headheight=14.0pt
* \headsep=28.45274pt
* \topskip=14.0pt
* \footskip=28.45274pt
* \marginparwidth=15.0pt
* \marginparsep=10.0pt
* \columnsep=10.0pt
* \skip\footins=12.0pt plus 4.0pt minus 2.0pt
* \hoffset=0.0pt
* \voffset=0.0pt
* \mag=1000
* \@twocolumnfalse
* \@twosidefalse
* \@mparswitchfalse
* \@reversemarginfalse
* (1in=72.27pt=25.4mm, 1cm=28.453pt)

(./title.tex (/app/texlive/texmf-dist/tex/latex/ucs/data/uni-4.def
File: uni-4.def 2013/05/13 UCS: Unicode data U+0400..U+04FF
)
<pics/mmlogo.png, id=24, 143.53625pt x 167.62625pt>
File: pics/mmlogo.png Graphic file (type png)
<use pics/mmlogo.png>
Package pdftex.def Info: pics/mmlogo.png  used on input line 13.
(pdftex.def)             Requested size: 56.9055pt x 66.4559pt.
<<ot1.cmap>><<oml.cmap>><<oms.cmap>><<omx.cmap>>
LaTeX Font Info:    Trying to load font information for U+msa on input line 19.


(/app/texlive/texmf-dist/tex/latex/amsfonts/umsa.fd
File: umsa.fd 2013/01/14 v3.01 AMS symbols A
)
LaTeX Font Info:    Trying to load font information for U+msb on input line 19.


(/app/texlive/texmf-dist/tex/latex/amsfonts/umsb.fd
File: umsb.fd 2013/01/14 v3.01 AMS symbols B
)
LaTeX Font Info:    Trying to load font information for U+rsfs on input line 19
.

(/app/texlive/texmf-dist/tex/latex/jknapltx/ursfs.fd
File: ursfs.fd 1998/03/24 rsfs font definition file (jk)
) [1

{/app/texlive/texmf-dist/fonts/map/pdftex/updmap/pdftex.map} <./pics/mmlogo.png
>]) (./report.toc)
\tf@toc=\write5
\openout5 = `report.toc'.

pdfTeX warning (ext4): destination with the same identifier (name{page.1}) has 
been already used, duplicate ignored
<to be read again> 
                   \relax 
l.37 	\tableofcontents
                       [1

] (./intro.tex
Overfull \hbox (2.30434pt too wide) in paragraph at lines 19--20
[]\T2A/cmr/m/n/14.4 Неизвестные функ^^?ции: плот^^?ность $\OML/cmm/m/it/14.4 ^^
Z$ \T2A/cmr/m/n/14.4 и ско^^?рость $\OML/cmm/m/it/14.4 u$ \T2A/cmr/m/n/14.4 так
^^?же яв^^?ля^^?ют^^?ся функ^^?
 []

[2

]) (./cds_scheme.tex
Underfull \hbox (badness 10000) in paragraph at lines 20--22

 []


Underfull \hbox (badness 10000) in paragraph at lines 23--26

 []

[3]
Overfull \hbox (9.48116pt too wide) in paragraph at lines 31--34
[]$\OML/cmm/m/it/14.4 H[] [] \OT1/cmr/m/n/14.4 + \OML/cmm/m/it/14.4 H[] [] \OT1
/cmr/m/n/14.4 + \OML/cmm/m/it/14.4 H[] [] \OT1/cmr/m/n/14.4 = \OML/cmm/m/it/14.
4 H[] []$ 
 []


Underfull \hbox (badness 10000) in paragraph at lines 31--34

 []


Underfull \hbox (badness 10000) in paragraph at lines 35--40

 []


Underfull \hbox (badness 10000) in paragraph at lines 41--46

 []


Underfull \hbox (badness 10000) in paragraph at lines 47--52

 []


Underfull \hbox (badness 10000) in paragraph at lines 53--58

 []


Underfull \hbox (badness 10000) in paragraph at lines 59--64

 []


Underfull \hbox (badness 10000) in paragraph at lines 65--70

 []


Underfull \hbox (badness 10000) in paragraph at lines 71--75

 []

[4]
Underfull \hbox (badness 10000) in paragraph at lines 76--79

 []

[5]) (./smooth_problem.tex
Underfull \hbox (badness 10000) in paragraph at lines 4--5

 []

[6] (../tables/Times.tex) (../tables/H_norms_mu0.001_C100.000_gamma1.000.tex
Underfull \hbox (badness 4328) in paragraph at lines 8--8
[]$\OML/cmm/m/it/14.4 nan$ $\OMS/cmsy/m/n/14.4 ^^@\OML/cmm/m/it/14.4 nan$
 []


Underfull \hbox (badness 4328) in paragraph at lines 8--8
[]$\OML/cmm/m/it/14.4 nan$ $\OMS/cmsy/m/n/14.4 ^^@\OML/cmm/m/it/14.4 nan$
 []


Underfull \hbox (badness 4328) in paragraph at lines 8--8
[]$\OML/cmm/m/it/14.4 nan$ $\OMS/cmsy/m/n/14.4 ^^@\OML/cmm/m/it/14.4 nan$
 []


Underfull \hbox (badness 4328) in paragraph at lines 9--9
[]$\OML/cmm/m/it/14.4 nan$ $\OMS/cmsy/m/n/14.4 ^^@\OML/cmm/m/it/14.4 nan$
 []


Underfull \hbox (badness 4328) in paragraph at lines 9--9
[]$\OML/cmm/m/it/14.4 nan$ $\OMS/cmsy/m/n/14.4 ^^@\OML/cmm/m/it/14.4 nan$
 []


Underfull \hbox (badness 4328) in paragraph at lines 9--9
[]$\OML/cmm/m/it/14.4 nan$ $\OMS/cmsy/m/n/14.4 ^^@\OML/cmm/m/it/14.4 nan$
 []


Underfull \hbox (badness 4328) in paragraph at lines 9--9
[]$\OML/cmm/m/it/14.4 nan$ $\OMS/cmsy/m/n/14.4 ^^@\OML/cmm/m/it/14.4 nan$
 []

) (../tables/V_norms_mu0.001_C100.000_gamma1.000.tex
Underfull \hbox (badness 4328) in paragraph at lines 8--8
[]$\OML/cmm/m/it/14.4 nan$ $\OMS/cmsy/m/n/14.4 ^^@\OML/cmm/m/it/14.4 nan$
 []


Underfull \hbox (badness 10000) in paragraph at lines 8--8
[]$\OML/cmm/m/it/14.4 nan$ $nan$
 []


Underfull \hbox (badness 10000) in paragraph at lines 8--8
[]$\OML/cmm/m/it/14.4 nan$ $nan$
 []


Underfull \hbox (badness 10000) in paragraph at lines 9--9
[]$\OML/cmm/m/it/14.4 nan$ $nan$
 []


Underfull \hbox (badness 10000) in paragraph at lines 9--9
[]$\OML/cmm/m/it/14.4 nan$ $nan$
 []


Underfull \hbox (badness 4328) in paragraph at lines 9--9
[]$\OML/cmm/m/it/14.4 nan$ $\OMS/cmsy/m/n/14.4 ^^@\OML/cmm/m/it/14.4 nan$
 []


Underfull \hbox (badness 10000) in paragraph at lines 9--9
[]$\OML/cmm/m/it/14.4 nan$ $nan$
 []

[7]) (../tables/H_norms_mu0.001_C10.000_gamma1.000.tex
Underfull \hbox (badness 4328) in paragraph at lines 8--8
[]$\OML/cmm/m/it/14.4 nan$ $\OMS/cmsy/m/n/14.4 ^^@\OML/cmm/m/it/14.4 nan$
 []


Underfull \hbox (badness 4328) in paragraph at lines 8--8
[]$\OML/cmm/m/it/14.4 nan$ $\OMS/cmsy/m/n/14.4 ^^@\OML/cmm/m/it/14.4 nan$
 []


Underfull \hbox (badness 4328) in paragraph at lines 9--9
[]$\OML/cmm/m/it/14.4 nan$ $\OMS/cmsy/m/n/14.4 ^^@\OML/cmm/m/it/14.4 nan$
 []


Underfull \hbox (badness 4328) in paragraph at lines 9--9
[]$\OML/cmm/m/it/14.4 nan$ $\OMS/cmsy/m/n/14.4 ^^@\OML/cmm/m/it/14.4 nan$
 []

) (../tables/V_norms_mu0.001_C10.000_gamma1.000.tex
Underfull \hbox (badness 10000) in paragraph at lines 8--8
[]$\OML/cmm/m/it/14.4 nan$ $nan$
 []


Underfull \hbox (badness 10000) in paragraph at lines 8--8
[]$\OML/cmm/m/it/14.4 nan$ $nan$
 []


Underfull \hbox (badness 10000) in paragraph at lines 9--9
[]$\OML/cmm/m/it/14.4 nan$ $nan$
 []


Underfull \hbox (badness 10000) in paragraph at lines 9--9
[]$\OML/cmm/m/it/14.4 nan$ $nan$
 []

[8]) (../tables/H_norms_mu0.001_C1.000_gamma1.000.tex
Underfull \hbox (badness 4328) in paragraph at lines 8--8
[]$\OML/cmm/m/it/14.4 nan$ $\OMS/cmsy/m/n/14.4 ^^@\OML/cmm/m/it/14.4 nan$
 []

) (../tables/V_norms_mu0.001_C1.000_gamma1.000.tex
Underfull \hbox (badness 10000) in paragraph at lines 8--8
[]$\OML/cmm/m/it/14.4 nan$ $nan$
 []

[9]) (../tables/H_norms_mu0.001_C1.000_gamma1.400.tex
Underfull \hbox (badness 4328) in paragraph at lines 6--6
[]$\OML/cmm/m/it/14.4 nan$ $\OMS/cmsy/m/n/14.4 ^^@\OML/cmm/m/it/14.4 nan$
 []


Underfull \hbox (badness 4328) in paragraph at lines 6--6
[]$\OML/cmm/m/it/14.4 nan$ $\OMS/cmsy/m/n/14.4 ^^@\OML/cmm/m/it/14.4 nan$
 []


Underfull \hbox (badness 4328) in paragraph at lines 6--6
[]$\OML/cmm/m/it/14.4 nan$ $\OMS/cmsy/m/n/14.4 ^^@\OML/cmm/m/it/14.4 nan$
 []


Underfull \hbox (badness 4328) in paragraph at lines 6--6
[]$\OML/cmm/m/it/14.4 nan$ $\OMS/cmsy/m/n/14.4 ^^@\OML/cmm/m/it/14.4 nan$
 []


Underfull \hbox (badness 4328) in paragraph at lines 7--7
[]$\OML/cmm/m/it/14.4 nan$ $\OMS/cmsy/m/n/14.4 ^^@\OML/cmm/m/it/14.4 nan$
 []


Underfull \hbox (badness 4328) in paragraph at lines 7--7
[]$\OML/cmm/m/it/14.4 nan$ $\OMS/cmsy/m/n/14.4 ^^@\OML/cmm/m/it/14.4 nan$
 []


Underfull \hbox (badness 4328) in paragraph at lines 7--7
[]$\OML/cmm/m/it/14.4 nan$ $\OMS/cmsy/m/n/14.4 ^^@\OML/cmm/m/it/14.4 nan$
 []


Underfull \hbox (badness 4328) in paragraph at lines 7--7
[]$\OML/cmm/m/it/14.4 nan$ $\OMS/cmsy/m/n/14.4 ^^@\OML/cmm/m/it/14.4 nan$
 []


Underfull \hbox (badness 4328) in paragraph at lines 8--8
[]$\OML/cmm/m/it/14.4 nan$ $\OMS/cmsy/m/n/14.4 ^^@\OML/cmm/m/it/14.4 nan$
 []


Underfull \hbox (badness 4328) in paragraph at lines 8--8
[]$\OML/cmm/m/it/14.4 nan$ $\OMS/cmsy/m/n/14.4 ^^@\OML/cmm/m/it/14.4 nan$
 []


Underfull \hbox (badness 4328) in paragraph at lines 8--8
[]$\OML/cmm/m/it/14.4 nan$ $\OMS/cmsy/m/n/14.4 ^^@\OML/cmm/m/it/14.4 nan$
 []


Underfull \hbox (badness 4328) in paragraph at lines 8--8
[]$\OML/cmm/m/it/14.4 nan$ $\OMS/cmsy/m/n/14.4 ^^@\OML/cmm/m/it/14.4 nan$
 []


Underfull \hbox (badness 4328) in paragraph at lines 9--9
[]$\OML/cmm/m/it/14.4 nan$ $\OMS/cmsy/m/n/14.4 ^^@\OML/cmm/m/it/14.4 nan$
 []


Underfull \hbox (badness 4328) in paragraph at lines 9--9
[]$\OML/cmm/m/it/14.4 nan$ $\OMS/cmsy/m/n/14.4 ^^@\OML/cmm/m/it/14.4 nan$
 []

) (../tables/V_norms_mu0.001_C1.000_gamma1.400.tex
Underfull \hbox (badness 4328) in paragraph at lines 6--6
[]$\OML/cmm/m/it/14.4 nan$ $\OMS/cmsy/m/n/14.4 ^^@\OML/cmm/m/it/14.4 nan$
 []


Underfull \hbox (badness 4328) in paragraph at lines 6--6
[]$\OML/cmm/m/it/14.4 nan$ $\OMS/cmsy/m/n/14.4 ^^@\OML/cmm/m/it/14.4 nan$
 []


Underfull \hbox (badness 4328) in paragraph at lines 6--6
[]$\OML/cmm/m/it/14.4 nan$ $\OMS/cmsy/m/n/14.4 ^^@\OML/cmm/m/it/14.4 nan$
 []


Underfull \hbox (badness 4328) in paragraph at lines 6--6
[]$\OML/cmm/m/it/14.4 nan$ $\OMS/cmsy/m/n/14.4 ^^@\OML/cmm/m/it/14.4 nan$
 []


Underfull \hbox (badness 4328) in paragraph at lines 7--7
[]$\OML/cmm/m/it/14.4 nan$ $\OMS/cmsy/m/n/14.4 ^^@\OML/cmm/m/it/14.4 nan$
 []


Underfull \hbox (badness 4328) in paragraph at lines 7--7
[]$\OML/cmm/m/it/14.4 nan$ $\OMS/cmsy/m/n/14.4 ^^@\OML/cmm/m/it/14.4 nan$
 []


Underfull \hbox (badness 4328) in paragraph at lines 7--7
[]$\OML/cmm/m/it/14.4 nan$ $\OMS/cmsy/m/n/14.4 ^^@\OML/cmm/m/it/14.4 nan$
 []


Underfull \hbox (badness 4328) in paragraph at lines 7--7
[]$\OML/cmm/m/it/14.4 nan$ $\OMS/cmsy/m/n/14.4 ^^@\OML/cmm/m/it/14.4 nan$
 []


Underfull \hbox (badness 4328) in paragraph at lines 8--8
[]$\OML/cmm/m/it/14.4 nan$ $\OMS/cmsy/m/n/14.4 ^^@\OML/cmm/m/it/14.4 nan$
 []


Underfull \hbox (badness 4328) in paragraph at lines 8--8
[]$\OML/cmm/m/it/14.4 nan$ $\OMS/cmsy/m/n/14.4 ^^@\OML/cmm/m/it/14.4 nan$
 []


Underfull \hbox (badness 4328) in paragraph at lines 8--8
[]$\OML/cmm/m/it/14.4 nan$ $\OMS/cmsy/m/n/14.4 ^^@\OML/cmm/m/it/14.4 nan$
 []


Underfull \hbox (badness 4328) in paragraph at lines 8--8
[]$\OML/cmm/m/it/14.4 nan$ $\OMS/cmsy/m/n/14.4 ^^@\OML/cmm/m/it/14.4 nan$
 []


Underfull \hbox (badness 4328) in paragraph at lines 9--9
[]$\OML/cmm/m/it/14.4 nan$ $\OMS/cmsy/m/n/14.4 ^^@\OML/cmm/m/it/14.4 nan$
 []


Underfull \hbox (badness 4328) in paragraph at lines 9--9
[]$\OML/cmm/m/it/14.4 nan$ $\OMS/cmsy/m/n/14.4 ^^@\OML/cmm/m/it/14.4 nan$
 []

[10]) (../tables/H_norms_mu0.010_C100.000_gamma1.000.tex
Underfull \hbox (badness 4328) in paragraph at lines 8--8
[]$\OML/cmm/m/it/14.4 nan$ $\OMS/cmsy/m/n/14.4 ^^@\OML/cmm/m/it/14.4 nan$
 []


Underfull \hbox (badness 4328) in paragraph at lines 8--8
[]$\OML/cmm/m/it/14.4 nan$ $\OMS/cmsy/m/n/14.4 ^^@\OML/cmm/m/it/14.4 nan$
 []


Underfull \hbox (badness 4328) in paragraph at lines 8--8
[]$\OML/cmm/m/it/14.4 nan$ $\OMS/cmsy/m/n/14.4 ^^@\OML/cmm/m/it/14.4 nan$
 []


Underfull \hbox (badness 4328) in paragraph at lines 9--9
[]$\OML/cmm/m/it/14.4 nan$ $\OMS/cmsy/m/n/14.4 ^^@\OML/cmm/m/it/14.4 nan$
 []


Underfull \hbox (badness 4328) in paragraph at lines 9--9
[]$\OML/cmm/m/it/14.4 nan$ $\OMS/cmsy/m/n/14.4 ^^@\OML/cmm/m/it/14.4 nan$
 []


Underfull \hbox (badness 4328) in paragraph at lines 9--9
[]$\OML/cmm/m/it/14.4 nan$ $\OMS/cmsy/m/n/14.4 ^^@\OML/cmm/m/it/14.4 nan$
 []


Underfull \hbox (badness 4328) in paragraph at lines 9--9
[]$\OML/cmm/m/it/14.4 nan$ $\OMS/cmsy/m/n/14.4 ^^@\OML/cmm/m/it/14.4 nan$
 []

) (../tables/V_norms_mu0.010_C100.000_gamma1.000.tex
Underfull \hbox (badness 10000) in paragraph at lines 8--8
[]$\OML/cmm/m/it/14.4 nan$ $nan$
 []


Underfull \hbox (badness 4328) in paragraph at lines 8--8
[]$\OML/cmm/m/it/14.4 nan$ $\OMS/cmsy/m/n/14.4 ^^@\OML/cmm/m/it/14.4 nan$
 []


Underfull \hbox (badness 10000) in paragraph at lines 8--8
[]$\OML/cmm/m/it/14.4 nan$ $nan$
 []


Underfull \hbox (badness 10000) in paragraph at lines 9--9
[]$\OML/cmm/m/it/14.4 nan$ $nan$
 []


Underfull \hbox (badness 10000) in paragraph at lines 9--9
[]$\OML/cmm/m/it/14.4 nan$ $nan$
 []


Underfull \hbox (badness 10000) in paragraph at lines 9--9
[]$\OML/cmm/m/it/14.4 nan$ $nan$
 []


Underfull \hbox (badness 10000) in paragraph at lines 9--9
[]$\OML/cmm/m/it/14.4 nan$ $nan$
 []

[11]) (../tables/H_norms_mu0.010_C10.000_gamma1.000.tex
Underfull \hbox (badness 4328) in paragraph at lines 8--8
[]$\OML/cmm/m/it/14.4 nan$ $\OMS/cmsy/m/n/14.4 ^^@\OML/cmm/m/it/14.4 nan$
 []


Underfull \hbox (badness 4328) in paragraph at lines 8--8
[]$\OML/cmm/m/it/14.4 nan$ $\OMS/cmsy/m/n/14.4 ^^@\OML/cmm/m/it/14.4 nan$
 []

) (../tables/V_norms_mu0.010_C10.000_gamma1.000.tex
Underfull \hbox (badness 10000) in paragraph at lines 8--8
[]$\OML/cmm/m/it/14.4 nan$ $nan$
 []


Underfull \hbox (badness 10000) in paragraph at lines 8--8
[]$\OML/cmm/m/it/14.4 nan$ $nan$
 []

[12]) (../tables/H_norms_mu0.010_C1.000_gamma1.000.tex)
(../tables/V_norms_mu0.010_C1.000_gamma1.000.tex [13])
(../tables/H_norms_mu0.010_C1.000_gamma1.400.tex
Underfull \hbox (badness 4328) in paragraph at lines 6--6
[]$\OML/cmm/m/it/14.4 nan$ $\OMS/cmsy/m/n/14.4 ^^@\OML/cmm/m/it/14.4 nan$
 []


Underfull \hbox (badness 4328) in paragraph at lines 6--6
[]$\OML/cmm/m/it/14.4 nan$ $\OMS/cmsy/m/n/14.4 ^^@\OML/cmm/m/it/14.4 nan$
 []


Underfull \hbox (badness 4328) in paragraph at lines 6--6
[]$\OML/cmm/m/it/14.4 nan$ $\OMS/cmsy/m/n/14.4 ^^@\OML/cmm/m/it/14.4 nan$
 []


Underfull \hbox (badness 4328) in paragraph at lines 6--6
[]$\OML/cmm/m/it/14.4 nan$ $\OMS/cmsy/m/n/14.4 ^^@\OML/cmm/m/it/14.4 nan$
 []


Underfull \hbox (badness 4328) in paragraph at lines 7--7
[]$\OML/cmm/m/it/14.4 nan$ $\OMS/cmsy/m/n/14.4 ^^@\OML/cmm/m/it/14.4 nan$
 []


Underfull \hbox (badness 4328) in paragraph at lines 7--7
[]$\OML/cmm/m/it/14.4 nan$ $\OMS/cmsy/m/n/14.4 ^^@\OML/cmm/m/it/14.4 nan$
 []


Underfull \hbox (badness 4328) in paragraph at lines 7--7
[]$\OML/cmm/m/it/14.4 nan$ $\OMS/cmsy/m/n/14.4 ^^@\OML/cmm/m/it/14.4 nan$
 []


Underfull \hbox (badness 4328) in paragraph at lines 7--7
[]$\OML/cmm/m/it/14.4 nan$ $\OMS/cmsy/m/n/14.4 ^^@\OML/cmm/m/it/14.4 nan$
 []


Underfull \hbox (badness 4328) in paragraph at lines 8--8
[]$\OML/cmm/m/it/14.4 nan$ $\OMS/cmsy/m/n/14.4 ^^@\OML/cmm/m/it/14.4 nan$
 []


Underfull \hbox (badness 4328) in paragraph at lines 9--9
[]$\OML/cmm/m/it/14.4 nan$ $\OMS/cmsy/m/n/14.4 ^^@\OML/cmm/m/it/14.4 nan$
 []

) (../tables/V_norms_mu0.010_C1.000_gamma1.400.tex
Underfull \hbox (badness 4328) in paragraph at lines 6--6
[]$\OML/cmm/m/it/14.4 nan$ $\OMS/cmsy/m/n/14.4 ^^@\OML/cmm/m/it/14.4 nan$
 []


Underfull \hbox (badness 4328) in paragraph at lines 6--6
[]$\OML/cmm/m/it/14.4 nan$ $\OMS/cmsy/m/n/14.4 ^^@\OML/cmm/m/it/14.4 nan$
 []


Underfull \hbox (badness 4328) in paragraph at lines 6--6
[]$\OML/cmm/m/it/14.4 nan$ $\OMS/cmsy/m/n/14.4 ^^@\OML/cmm/m/it/14.4 nan$
 []


Underfull \hbox (badness 4328) in paragraph at lines 6--6
[]$\OML/cmm/m/it/14.4 nan$ $\OMS/cmsy/m/n/14.4 ^^@\OML/cmm/m/it/14.4 nan$
 []


Underfull \hbox (badness 4328) in paragraph at lines 7--7
[]$\OML/cmm/m/it/14.4 nan$ $\OMS/cmsy/m/n/14.4 ^^@\OML/cmm/m/it/14.4 nan$
 []


Underfull \hbox (badness 4328) in paragraph at lines 7--7
[]$\OML/cmm/m/it/14.4 nan$ $\OMS/cmsy/m/n/14.4 ^^@\OML/cmm/m/it/14.4 nan$
 []


Underfull \hbox (badness 4328) in paragraph at lines 7--7
[]$\OML/cmm/m/it/14.4 nan$ $\OMS/cmsy/m/n/14.4 ^^@\OML/cmm/m/it/14.4 nan$
 []


Underfull \hbox (badness 4328) in paragraph at lines 7--7
[]$\OML/cmm/m/it/14.4 nan$ $\OMS/cmsy/m/n/14.4 ^^@\OML/cmm/m/it/14.4 nan$
 []


Underfull \hbox (badness 4328) in paragraph at lines 8--8
[]$\OML/cmm/m/it/14.4 nan$ $\OMS/cmsy/m/n/14.4 ^^@\OML/cmm/m/it/14.4 nan$
 []


Underfull \hbox (badness 4328) in paragraph at lines 9--9
[]$\OML/cmm/m/it/14.4 nan$ $\OMS/cmsy/m/n/14.4 ^^@\OML/cmm/m/it/14.4 nan$
 []

[14]) (../tables/H_norms_mu0.100_C100.000_gamma1.000.tex
Underfull \hbox (badness 4328) in paragraph at lines 8--8
[]$\OML/cmm/m/it/14.4 nan$ $\OMS/cmsy/m/n/14.4 ^^@\OML/cmm/m/it/14.4 nan$
 []


Underfull \hbox (badness 4328) in paragraph at lines 8--8
[]$\OML/cmm/m/it/14.4 nan$ $\OMS/cmsy/m/n/14.4 ^^@\OML/cmm/m/it/14.4 nan$
 []


Underfull \hbox (badness 4328) in paragraph at lines 8--8
[]$\OML/cmm/m/it/14.4 nan$ $\OMS/cmsy/m/n/14.4 ^^@\OML/cmm/m/it/14.4 nan$
 []

) (../tables/V_norms_mu0.100_C100.000_gamma1.000.tex
Underfull \hbox (badness 10000) in paragraph at lines 8--8
[]$\OML/cmm/m/it/14.4 nan$ $nan$
 []


Underfull \hbox (badness 10000) in paragraph at lines 8--8
[]$\OML/cmm/m/it/14.4 nan$ $nan$
 []


Underfull \hbox (badness 10000) in paragraph at lines 8--8
[]$\OML/cmm/m/it/14.4 nan$ $nan$
 []

[15]) (../tables/H_norms_mu0.100_C10.000_gamma1.000.tex)
(../tables/V_norms_mu0.100_C10.000_gamma1.000.tex [16])
(../tables/H_norms_mu0.100_C1.000_gamma1.000.tex)
(../tables/V_norms_mu0.100_C1.000_gamma1.000.tex [17])
(../tables/H_norms_mu0.100_C1.000_gamma1.400.tex
Underfull \hbox (badness 4328) in paragraph at lines 6--6
[]$\OML/cmm/m/it/14.4 nan$ $\OMS/cmsy/m/n/14.4 ^^@\OML/cmm/m/it/14.4 nan$
 []


Underfull \hbox (badness 4328) in paragraph at lines 6--6
[]$\OML/cmm/m/it/14.4 nan$ $\OMS/cmsy/m/n/14.4 ^^@\OML/cmm/m/it/14.4 nan$
 []


Underfull \hbox (badness 4328) in paragraph at lines 6--6
[]$\OML/cmm/m/it/14.4 nan$ $\OMS/cmsy/m/n/14.4 ^^@\OML/cmm/m/it/14.4 nan$
 []


Underfull \hbox (badness 4328) in paragraph at lines 6--6
[]$\OML/cmm/m/it/14.4 nan$ $\OMS/cmsy/m/n/14.4 ^^@\OML/cmm/m/it/14.4 nan$
 []


Underfull \hbox (badness 4328) in paragraph at lines 7--7
[]$\OML/cmm/m/it/14.4 nan$ $\OMS/cmsy/m/n/14.4 ^^@\OML/cmm/m/it/14.4 nan$
 []


Underfull \hbox (badness 4328) in paragraph at lines 8--8
[]$\OML/cmm/m/it/14.4 nan$ $\OMS/cmsy/m/n/14.4 ^^@\OML/cmm/m/it/14.4 nan$
 []


Underfull \hbox (badness 4328) in paragraph at lines 9--9
[]$\OML/cmm/m/it/14.4 nan$ $\OMS/cmsy/m/n/14.4 ^^@\OML/cmm/m/it/14.4 nan$
 []

) (../tables/V_norms_mu0.100_C1.000_gamma1.400.tex
Underfull \hbox (badness 4328) in paragraph at lines 6--6
[]$\OML/cmm/m/it/14.4 nan$ $\OMS/cmsy/m/n/14.4 ^^@\OML/cmm/m/it/14.4 nan$
 []


Underfull \hbox (badness 4328) in paragraph at lines 6--6
[]$\OML/cmm/m/it/14.4 nan$ $\OMS/cmsy/m/n/14.4 ^^@\OML/cmm/m/it/14.4 nan$
 []


Underfull \hbox (badness 4328) in paragraph at lines 6--6
[]$\OML/cmm/m/it/14.4 nan$ $\OMS/cmsy/m/n/14.4 ^^@\OML/cmm/m/it/14.4 nan$
 []


Underfull \hbox (badness 4328) in paragraph at lines 6--6
[]$\OML/cmm/m/it/14.4 nan$ $\OMS/cmsy/m/n/14.4 ^^@\OML/cmm/m/it/14.4 nan$
 []


Underfull \hbox (badness 4328) in paragraph at lines 7--7
[]$\OML/cmm/m/it/14.4 nan$ $\OMS/cmsy/m/n/14.4 ^^@\OML/cmm/m/it/14.4 nan$
 []


Underfull \hbox (badness 4328) in paragraph at lines 8--8
[]$\OML/cmm/m/it/14.4 nan$ $\OMS/cmsy/m/n/14.4 ^^@\OML/cmm/m/it/14.4 nan$
 []


Underfull \hbox (badness 4328) in paragraph at lines 9--9
[]$\OML/cmm/m/it/14.4 nan$ $\OMS/cmsy/m/n/14.4 ^^@\OML/cmm/m/it/14.4 nan$
 []

[18])

LaTeX Warning: Command \CYRS invalid in math mode on input line 66.

Missing character: There is no С in font cmr12!
[19] (../tables_grf/Times.tex)
(../tables_grf/H_norms_mu0.001_C100.000_gamma1.000.tex
Underfull \hbox (badness 4328) in paragraph at lines 6--6
[]$\OML/cmm/m/it/14.4 nan$ $\OMS/cmsy/m/n/14.4 ^^@\OML/cmm/m/it/14.4 nan$
 []


Underfull \hbox (badness 4328) in paragraph at lines 7--7
[]$\OML/cmm/m/it/14.4 nan$ $\OMS/cmsy/m/n/14.4 ^^@\OML/cmm/m/it/14.4 nan$
 []


Underfull \hbox (badness 4328) in paragraph at lines 7--7
[]$\OML/cmm/m/it/14.4 nan$ $\OMS/cmsy/m/n/14.4 ^^@\OML/cmm/m/it/14.4 nan$
 []


Underfull \hbox (badness 4328) in paragraph at lines 8--8
[]$\OML/cmm/m/it/14.4 nan$ $\OMS/cmsy/m/n/14.4 ^^@\OML/cmm/m/it/14.4 nan$
 []


Underfull \hbox (badness 4328) in paragraph at lines 8--8
[]$\OML/cmm/m/it/14.4 nan$ $\OMS/cmsy/m/n/14.4 ^^@\OML/cmm/m/it/14.4 nan$
 []


Underfull \hbox (badness 4328) in paragraph at lines 9--9
[]$\OML/cmm/m/it/14.4 nan$ $\OMS/cmsy/m/n/14.4 ^^@\OML/cmm/m/it/14.4 nan$
 []


Underfull \hbox (badness 4328) in paragraph at lines 9--9
[]$\OML/cmm/m/it/14.4 nan$ $\OMS/cmsy/m/n/14.4 ^^@\OML/cmm/m/it/14.4 nan$
 []

) (../tables_grf/V_norms_mu0.001_C100.000_gamma1.000.tex
Underfull \hbox (badness 10000) in paragraph at lines 6--6
[]$\OML/cmm/m/it/14.4 nan$ $nan$
 []


Underfull \hbox (badness 4328) in paragraph at lines 7--7
[]$\OML/cmm/m/it/14.4 nan$ $\OMS/cmsy/m/n/14.4 ^^@\OML/cmm/m/it/14.4 nan$
 []


Underfull \hbox (badness 10000) in paragraph at lines 7--7
[]$\OML/cmm/m/it/14.4 nan$ $nan$
 []


Underfull \hbox (badness 10000) in paragraph at lines 8--8
[]$\OML/cmm/m/it/14.4 nan$ $nan$
 []


Underfull \hbox (badness 10000) in paragraph at lines 8--8
[]$\OML/cmm/m/it/14.4 nan$ $nan$
 []


Underfull \hbox (badness 10000) in paragraph at lines 9--9
[]$\OML/cmm/m/it/14.4 nan$ $nan$
 []


Underfull \hbox (badness 10000) in paragraph at lines 9--9
[]$\OML/cmm/m/it/14.4 nan$ $nan$
 []

[20]) (../tables_grf/H_norms_mu0.001_C10.000_gamma1.000.tex
Underfull \hbox (badness 4328) in paragraph at lines 6--6
[]$\OML/cmm/m/it/14.4 nan$ $\OMS/cmsy/m/n/14.4 ^^@\OML/cmm/m/it/14.4 nan$
 []


Underfull \hbox (badness 4328) in paragraph at lines 7--7
[]$\OML/cmm/m/it/14.4 nan$ $\OMS/cmsy/m/n/14.4 ^^@\OML/cmm/m/it/14.4 nan$
 []


Underfull \hbox (badness 4328) in paragraph at lines 8--8
[]$\OML/cmm/m/it/14.4 nan$ $\OMS/cmsy/m/n/14.4 ^^@\OML/cmm/m/it/14.4 nan$
 []


Underfull \hbox (badness 4328) in paragraph at lines 8--8
[]$\OML/cmm/m/it/14.4 nan$ $\OMS/cmsy/m/n/14.4 ^^@\OML/cmm/m/it/14.4 nan$
 []


Underfull \hbox (badness 4328) in paragraph at lines 9--9
[]$\OML/cmm/m/it/14.4 nan$ $\OMS/cmsy/m/n/14.4 ^^@\OML/cmm/m/it/14.4 nan$
 []


Underfull \hbox (badness 4328) in paragraph at lines 9--9
[]$\OML/cmm/m/it/14.4 nan$ $\OMS/cmsy/m/n/14.4 ^^@\OML/cmm/m/it/14.4 nan$
 []

) (../tables_grf/V_norms_mu0.001_C10.000_gamma1.000.tex
Underfull \hbox (badness 10000) in paragraph at lines 6--6
[]$\OML/cmm/m/it/14.4 nan$ $nan$
 []


Underfull \hbox (badness 10000) in paragraph at lines 7--7
[]$\OML/cmm/m/it/14.4 nan$ $nan$
 []


Underfull \hbox (badness 4328) in paragraph at lines 8--8
[]$\OML/cmm/m/it/14.4 nan$ $\OMS/cmsy/m/n/14.4 ^^@\OML/cmm/m/it/14.4 nan$
 []


Underfull \hbox (badness 10000) in paragraph at lines 8--8
[]$\OML/cmm/m/it/14.4 nan$ $nan$
 []


Underfull \hbox (badness 10000) in paragraph at lines 9--9
[]$\OML/cmm/m/it/14.4 nan$ $nan$
 []


Underfull \hbox (badness 10000) in paragraph at lines 9--9
[]$\OML/cmm/m/it/14.4 nan$ $nan$
 []

[21]) (../tables_grf/H_norms_mu0.001_C1.000_gamma1.000.tex
Underfull \hbox (badness 4328) in paragraph at lines 9--9
[]$\OML/cmm/m/it/14.4 nan$ $\OMS/cmsy/m/n/14.4 ^^@\OML/cmm/m/it/14.4 nan$
 []

) (../tables_grf/V_norms_mu0.001_C1.000_gamma1.000.tex
Underfull \hbox (badness 10000) in paragraph at lines 9--9
[]$\OML/cmm/m/it/14.4 nan$ $nan$
 []

[22]) (../tables_grf/H_norms_mu0.001_C1.000_gamma1.400.tex
Underfull \hbox (badness 4328) in paragraph at lines 6--6
[]$\OML/cmm/m/it/14.4 nan$ $\OMS/cmsy/m/n/14.4 ^^@\OML/cmm/m/it/14.4 nan$
 []


Underfull \hbox (badness 4328) in paragraph at lines 6--6
[]$\OML/cmm/m/it/14.4 nan$ $\OMS/cmsy/m/n/14.4 ^^@\OML/cmm/m/it/14.4 nan$
 []


Underfull \hbox (badness 4328) in paragraph at lines 6--6
[]$\OML/cmm/m/it/14.4 nan$ $\OMS/cmsy/m/n/14.4 ^^@\OML/cmm/m/it/14.4 nan$
 []


Underfull \hbox (badness 4328) in paragraph at lines 7--7
[]$\OML/cmm/m/it/14.4 nan$ $\OMS/cmsy/m/n/14.4 ^^@\OML/cmm/m/it/14.4 nan$
 []


Underfull \hbox (badness 4328) in paragraph at lines 7--7
[]$\OML/cmm/m/it/14.4 nan$ $\OMS/cmsy/m/n/14.4 ^^@\OML/cmm/m/it/14.4 nan$
 []


Underfull \hbox (badness 4328) in paragraph at lines 7--7
[]$\OML/cmm/m/it/14.4 nan$ $\OMS/cmsy/m/n/14.4 ^^@\OML/cmm/m/it/14.4 nan$
 []


Underfull \hbox (badness 4328) in paragraph at lines 8--8
[]$\OML/cmm/m/it/14.4 nan$ $\OMS/cmsy/m/n/14.4 ^^@\OML/cmm/m/it/14.4 nan$
 []


Underfull \hbox (badness 4328) in paragraph at lines 8--8
[]$\OML/cmm/m/it/14.4 nan$ $\OMS/cmsy/m/n/14.4 ^^@\OML/cmm/m/it/14.4 nan$
 []


Underfull \hbox (badness 4328) in paragraph at lines 8--8
[]$\OML/cmm/m/it/14.4 nan$ $\OMS/cmsy/m/n/14.4 ^^@\OML/cmm/m/it/14.4 nan$
 []


Underfull \hbox (badness 4328) in paragraph at lines 9--9
[]$\OML/cmm/m/it/14.4 nan$ $\OMS/cmsy/m/n/14.4 ^^@\OML/cmm/m/it/14.4 nan$
 []


Underfull \hbox (badness 4328) in paragraph at lines 9--9
[]$\OML/cmm/m/it/14.4 nan$ $\OMS/cmsy/m/n/14.4 ^^@\OML/cmm/m/it/14.4 nan$
 []

) (../tables_grf/V_norms_mu0.001_C1.000_gamma1.400.tex
Underfull \hbox (badness 4328) in paragraph at lines 6--6
[]$\OML/cmm/m/it/14.4 nan$ $\OMS/cmsy/m/n/14.4 ^^@\OML/cmm/m/it/14.4 nan$
 []


Underfull \hbox (badness 4328) in paragraph at lines 6--6
[]$\OML/cmm/m/it/14.4 nan$ $\OMS/cmsy/m/n/14.4 ^^@\OML/cmm/m/it/14.4 nan$
 []


Underfull \hbox (badness 4328) in paragraph at lines 6--6
[]$\OML/cmm/m/it/14.4 nan$ $\OMS/cmsy/m/n/14.4 ^^@\OML/cmm/m/it/14.4 nan$
 []


Underfull \hbox (badness 4328) in paragraph at lines 7--7
[]$\OML/cmm/m/it/14.4 nan$ $\OMS/cmsy/m/n/14.4 ^^@\OML/cmm/m/it/14.4 nan$
 []


Underfull \hbox (badness 4328) in paragraph at lines 7--7
[]$\OML/cmm/m/it/14.4 nan$ $\OMS/cmsy/m/n/14.4 ^^@\OML/cmm/m/it/14.4 nan$
 []


Underfull \hbox (badness 4328) in paragraph at lines 7--7
[]$\OML/cmm/m/it/14.4 nan$ $\OMS/cmsy/m/n/14.4 ^^@\OML/cmm/m/it/14.4 nan$
 []


Underfull \hbox (badness 4328) in paragraph at lines 8--8
[]$\OML/cmm/m/it/14.4 nan$ $\OMS/cmsy/m/n/14.4 ^^@\OML/cmm/m/it/14.4 nan$
 []


Underfull \hbox (badness 4328) in paragraph at lines 8--8
[]$\OML/cmm/m/it/14.4 nan$ $\OMS/cmsy/m/n/14.4 ^^@\OML/cmm/m/it/14.4 nan$
 []


Underfull \hbox (badness 4328) in paragraph at lines 8--8
[]$\OML/cmm/m/it/14.4 nan$ $\OMS/cmsy/m/n/14.4 ^^@\OML/cmm/m/it/14.4 nan$
 []


Underfull \hbox (badness 4328) in paragraph at lines 9--9
[]$\OML/cmm/m/it/14.4 nan$ $\OMS/cmsy/m/n/14.4 ^^@\OML/cmm/m/it/14.4 nan$
 []


Underfull \hbox (badness 4328) in paragraph at lines 9--9
[]$\OML/cmm/m/it/14.4 nan$ $\OMS/cmsy/m/n/14.4 ^^@\OML/cmm/m/it/14.4 nan$
 []

[23]) (../tables_grf/H_norms_mu0.010_C100.000_gamma1.000.tex
Underfull \hbox (badness 4328) in paragraph at lines 6--6
[]$\OML/cmm/m/it/14.4 nan$ $\OMS/cmsy/m/n/14.4 ^^@\OML/cmm/m/it/14.4 nan$
 []


Underfull \hbox (badness 4328) in paragraph at lines 7--7
[]$\OML/cmm/m/it/14.4 nan$ $\OMS/cmsy/m/n/14.4 ^^@\OML/cmm/m/it/14.4 nan$
 []


Underfull \hbox (badness 4328) in paragraph at lines 7--7
[]$\OML/cmm/m/it/14.4 nan$ $\OMS/cmsy/m/n/14.4 ^^@\OML/cmm/m/it/14.4 nan$
 []


Underfull \hbox (badness 4328) in paragraph at lines 8--8
[]$\OML/cmm/m/it/14.4 nan$ $\OMS/cmsy/m/n/14.4 ^^@\OML/cmm/m/it/14.4 nan$
 []


Underfull \hbox (badness 4328) in paragraph at lines 8--8
[]$\OML/cmm/m/it/14.4 nan$ $\OMS/cmsy/m/n/14.4 ^^@\OML/cmm/m/it/14.4 nan$
 []


Underfull \hbox (badness 4328) in paragraph at lines 9--9
[]$\OML/cmm/m/it/14.4 nan$ $\OMS/cmsy/m/n/14.4 ^^@\OML/cmm/m/it/14.4 nan$
 []


Underfull \hbox (badness 4328) in paragraph at lines 9--9
[]$\OML/cmm/m/it/14.4 nan$ $\OMS/cmsy/m/n/14.4 ^^@\OML/cmm/m/it/14.4 nan$
 []

) (../tables_grf/V_norms_mu0.010_C100.000_gamma1.000.tex
Underfull \hbox (badness 4328) in paragraph at lines 6--6
[]$\OML/cmm/m/it/14.4 nan$ $\OMS/cmsy/m/n/14.4 ^^@\OML/cmm/m/it/14.4 nan$
 []


Underfull \hbox (badness 10000) in paragraph at lines 7--7
[]$\OML/cmm/m/it/14.4 nan$ $nan$
 []


Underfull \hbox (badness 10000) in paragraph at lines 7--7
[]$\OML/cmm/m/it/14.4 nan$ $nan$
 []


Underfull \hbox (badness 10000) in paragraph at lines 8--8
[]$\OML/cmm/m/it/14.4 nan$ $nan$
 []


Underfull \hbox (badness 10000) in paragraph at lines 8--8
[]$\OML/cmm/m/it/14.4 nan$ $nan$
 []


Underfull \hbox (badness 10000) in paragraph at lines 9--9
[]$\OML/cmm/m/it/14.4 nan$ $nan$
 []


Underfull \hbox (badness 10000) in paragraph at lines 9--9
[]$\OML/cmm/m/it/14.4 nan$ $nan$
 []

[24]) (../tables_grf/H_norms_mu0.010_C10.000_gamma1.000.tex
Underfull \hbox (badness 4328) in paragraph at lines 6--6
[]$\OML/cmm/m/it/14.4 nan$ $\OMS/cmsy/m/n/14.4 ^^@\OML/cmm/m/it/14.4 nan$
 []


Underfull \hbox (badness 4328) in paragraph at lines 8--8
[]$\OML/cmm/m/it/14.4 nan$ $\OMS/cmsy/m/n/14.4 ^^@\OML/cmm/m/it/14.4 nan$
 []


Underfull \hbox (badness 4328) in paragraph at lines 9--9
[]$\OML/cmm/m/it/14.4 nan$ $\OMS/cmsy/m/n/14.4 ^^@\OML/cmm/m/it/14.4 nan$
 []

) (../tables_grf/V_norms_mu0.010_C10.000_gamma1.000.tex
Underfull \hbox (badness 10000) in paragraph at lines 6--6
[]$\OML/cmm/m/it/14.4 nan$ $nan$
 []


Underfull \hbox (badness 10000) in paragraph at lines 8--8
[]$\OML/cmm/m/it/14.4 nan$ $nan$
 []


Underfull \hbox (badness 10000) in paragraph at lines 9--9
[]$\OML/cmm/m/it/14.4 nan$ $nan$
 []

[25]) (../tables_grf/H_norms_mu0.010_C1.000_gamma1.000.tex)
(../tables_grf/V_norms_mu0.010_C1.000_gamma1.000.tex [26])
(../tables_grf/H_norms_mu0.010_C1.000_gamma1.400.tex
Underfull \hbox (badness 4328) in paragraph at lines 6--6
[]$\OML/cmm/m/it/14.4 nan$ $\OMS/cmsy/m/n/14.4 ^^@\OML/cmm/m/it/14.4 nan$
 []


Underfull \hbox (badness 4328) in paragraph at lines 6--6
[]$\OML/cmm/m/it/14.4 nan$ $\OMS/cmsy/m/n/14.4 ^^@\OML/cmm/m/it/14.4 nan$
 []


Underfull \hbox (badness 4328) in paragraph at lines 7--7
[]$\OML/cmm/m/it/14.4 nan$ $\OMS/cmsy/m/n/14.4 ^^@\OML/cmm/m/it/14.4 nan$
 []


Underfull \hbox (badness 4328) in paragraph at lines 7--7
[]$\OML/cmm/m/it/14.4 nan$ $\OMS/cmsy/m/n/14.4 ^^@\OML/cmm/m/it/14.4 nan$
 []


Underfull \hbox (badness 4328) in paragraph at lines 8--8
[]$\OML/cmm/m/it/14.4 nan$ $\OMS/cmsy/m/n/14.4 ^^@\OML/cmm/m/it/14.4 nan$
 []


Underfull \hbox (badness 4328) in paragraph at lines 8--8
[]$\OML/cmm/m/it/14.4 nan$ $\OMS/cmsy/m/n/14.4 ^^@\OML/cmm/m/it/14.4 nan$
 []


Underfull \hbox (badness 4328) in paragraph at lines 9--9
[]$\OML/cmm/m/it/14.4 nan$ $\OMS/cmsy/m/n/14.4 ^^@\OML/cmm/m/it/14.4 nan$
 []

) (../tables_grf/V_norms_mu0.010_C1.000_gamma1.400.tex
Underfull \hbox (badness 4328) in paragraph at lines 6--6
[]$\OML/cmm/m/it/14.4 nan$ $\OMS/cmsy/m/n/14.4 ^^@\OML/cmm/m/it/14.4 nan$
 []


Underfull \hbox (badness 4328) in paragraph at lines 6--6
[]$\OML/cmm/m/it/14.4 nan$ $\OMS/cmsy/m/n/14.4 ^^@\OML/cmm/m/it/14.4 nan$
 []


Underfull \hbox (badness 4328) in paragraph at lines 7--7
[]$\OML/cmm/m/it/14.4 nan$ $\OMS/cmsy/m/n/14.4 ^^@\OML/cmm/m/it/14.4 nan$
 []


Underfull \hbox (badness 4328) in paragraph at lines 7--7
[]$\OML/cmm/m/it/14.4 nan$ $\OMS/cmsy/m/n/14.4 ^^@\OML/cmm/m/it/14.4 nan$
 []


Underfull \hbox (badness 4328) in paragraph at lines 8--8
[]$\OML/cmm/m/it/14.4 nan$ $\OMS/cmsy/m/n/14.4 ^^@\OML/cmm/m/it/14.4 nan$
 []


Underfull \hbox (badness 4328) in paragraph at lines 8--8
[]$\OML/cmm/m/it/14.4 nan$ $\OMS/cmsy/m/n/14.4 ^^@\OML/cmm/m/it/14.4 nan$
 []


Underfull \hbox (badness 4328) in paragraph at lines 9--9
[]$\OML/cmm/m/it/14.4 nan$ $\OMS/cmsy/m/n/14.4 ^^@\OML/cmm/m/it/14.4 nan$
 []

[27]) (../tables_grf/H_norms_mu0.100_C100.000_gamma1.000.tex
Underfull \hbox (badness 4328) in paragraph at lines 6--6
[]$\OML/cmm/m/it/14.4 nan$ $\OMS/cmsy/m/n/14.4 ^^@\OML/cmm/m/it/14.4 nan$
 []


Underfull \hbox (badness 4328) in paragraph at lines 7--7
[]$\OML/cmm/m/it/14.4 nan$ $\OMS/cmsy/m/n/14.4 ^^@\OML/cmm/m/it/14.4 nan$
 []


Underfull \hbox (badness 4328) in paragraph at lines 8--8
[]$\OML/cmm/m/it/14.4 nan$ $\OMS/cmsy/m/n/14.4 ^^@\OML/cmm/m/it/14.4 nan$
 []


Underfull \hbox (badness 4328) in paragraph at lines 9--9
[]$\OML/cmm/m/it/14.4 nan$ $\OMS/cmsy/m/n/14.4 ^^@\OML/cmm/m/it/14.4 nan$
 []

) (../tables_grf/V_norms_mu0.100_C100.000_gamma1.000.tex
Underfull \hbox (badness 10000) in paragraph at lines 6--6
[]$\OML/cmm/m/it/14.4 nan$ $nan$
 []


Underfull \hbox (badness 10000) in paragraph at lines 7--7
[]$\OML/cmm/m/it/14.4 nan$ $nan$
 []


Underfull \hbox (badness 10000) in paragraph at lines 8--8
[]$\OML/cmm/m/it/14.4 nan$ $nan$
 []


Underfull \hbox (badness 10000) in paragraph at lines 9--9
[]$\OML/cmm/m/it/14.4 nan$ $nan$
 []

[28]) (../tables_grf/H_norms_mu0.100_C10.000_gamma1.000.tex)
(../tables_grf/V_norms_mu0.100_C10.000_gamma1.000.tex [29])
(../tables_grf/H_norms_mu0.100_C1.000_gamma1.000.tex)
(../tables_grf/V_norms_mu0.100_C1.000_gamma1.000.tex [30])
(../tables_grf/H_norms_mu0.100_C1.000_gamma1.400.tex
Underfull \hbox (badness 4328) in paragraph at lines 6--6
[]$\OML/cmm/m/it/14.4 nan$ $\OMS/cmsy/m/n/14.4 ^^@\OML/cmm/m/it/14.4 nan$
 []


Underfull \hbox (badness 4328) in paragraph at lines 7--7
[]$\OML/cmm/m/it/14.4 nan$ $\OMS/cmsy/m/n/14.4 ^^@\OML/cmm/m/it/14.4 nan$
 []


Underfull \hbox (badness 4328) in paragraph at lines 8--8
[]$\OML/cmm/m/it/14.4 nan$ $\OMS/cmsy/m/n/14.4 ^^@\OML/cmm/m/it/14.4 nan$
 []

) (../tables_grf/V_norms_mu0.100_C1.000_gamma1.400.tex
Underfull \hbox (badness 4328) in paragraph at lines 6--6
[]$\OML/cmm/m/it/14.4 nan$ $\OMS/cmsy/m/n/14.4 ^^@\OML/cmm/m/it/14.4 nan$
 []


Underfull \hbox (badness 4328) in paragraph at lines 7--7
[]$\OML/cmm/m/it/14.4 nan$ $\OMS/cmsy/m/n/14.4 ^^@\OML/cmm/m/it/14.4 nan$
 []


Underfull \hbox (badness 4328) in paragraph at lines 8--8
[]$\OML/cmm/m/it/14.4 nan$ $\OMS/cmsy/m/n/14.4 ^^@\OML/cmm/m/it/14.4 nan$
 []

[31])) [32]

Package hyperref Warning: Glyph not defined in PU encoding,
(hyperref)                removing `\CYRS' on input line 48.


Package hyperref Warning: Glyph not defined in PU encoding,
(hyperref)                removing `\cyrp' on input line 48.


Package hyperref Warning: Glyph not defined in PU encoding,
(hyperref)                removing `\cyri' on input line 48.


Package hyperref Warning: Glyph not defined in PU encoding,
(hyperref)                removing `\cyrs' on input line 48.


Package hyperref Warning: Glyph not defined in PU encoding,
(hyperref)                removing `\cyro' on input line 48.


Package hyperref Warning: Glyph not defined in PU encoding,
(hyperref)                removing `\cyrk' on input line 48.


Package hyperref Warning: Glyph not defined in PU encoding,
(hyperref)                removing `\cyrl' on input line 48.


Package hyperref Warning: Glyph not defined in PU encoding,
(hyperref)                removing `\cyri' on input line 48.


Package hyperref Warning: Glyph not defined in PU encoding,
(hyperref)                removing `\cyrt' on input line 48.


Package hyperref Warning: Glyph not defined in PU encoding,
(hyperref)                removing `\cyre' on input line 48.


Package hyperref Warning: Glyph not defined in PU encoding,
(hyperref)                removing `\cyrr' on input line 48.


Package hyperref Warning: Glyph not defined in PU encoding,
(hyperref)                removing `\cyra' on input line 48.


Package hyperref Warning: Glyph not defined in PU encoding,
(hyperref)                removing `\cyrt' on input line 48.


Package hyperref Warning: Glyph not defined in PU encoding,
(hyperref)                removing `\cyru' on input line 48.


Package hyperref Warning: Glyph not defined in PU encoding,
(hyperref)                removing `\cyrr' on input line 48.


Package hyperref Warning: Glyph not defined in PU encoding,
(hyperref)                removing `\cyrery' on input line 48.


LaTeX Warning: Empty `thebibliography' environment on input line 51.

[33

] (./report.aux)
Package rerunfilecheck Info: File `report.out' has not changed.
(rerunfilecheck)             Checksum: F8119AB4B915F562A5627C69573557CB;573.
 ) 
Here is how much of TeX's memory you used:
 27520 strings out of 478994
 497359 string characters out of 5859688
 809304 words of memory out of 5000000
 44283 multiletter control sequences out of 15000+600000
 411403 words of font info for 47 fonts, out of 8000000 for 9000
 1141 hyphenation exceptions out of 8191
 87i,13n,88p,640b,667s stack positions out of 5000i,500n,10000p,200000b,80000s
{/app/texlive/texmf-dist/fonts/enc/dvips/cm-super/cm-super-t2a.enc}</app/texl
ive/texmf-dist/fonts/type1/public/amsfonts/cm/cmex10.pfb></app/texlive/texmf-di
st/fonts/type1/public/amsfonts/cm/cmmi10.pfb></app/texlive/texmf-dist/fonts/typ
e1/public/amsfonts/cm/cmmi12.pfb></app/texlive/texmf-dist/fonts/type1/public/am
sfonts/cm/cmmi7.pfb></app/texlive/texmf-dist/fonts/type1/public/amsfonts/cm/cmr
10.pfb></app/texlive/texmf-dist/fonts/type1/public/amsfonts/cm/cmr12.pfb></app/
texlive/texmf-dist/fonts/type1/public/amsfonts/cm/cmr7.pfb></app/texlive/texmf-
dist/fonts/type1/public/amsfonts/cm/cmsy10.pfb></app/texlive/texmf-dist/fonts/t
ype1/public/amsfonts/cm/cmsy7.pfb></app/texlive/texmf-dist/fonts/type1/public/c
m-super/sfbx1440.pfb></app/texlive/texmf-dist/fonts/type1/public/cm-super/sfbx1
728.pfb></app/texlive/texmf-dist/fonts/type1/public/cm-super/sfbx2074.pfb></app
/texlive/texmf-dist/fonts/type1/public/cm-super/sfrm1440.pfb>
Output written on report.pdf (34 pages, 237151 bytes).
PDF statistics:
 271 PDF objects out of 1000 (max. 8388607)
 212 compressed objects within 3 object streams
 59 named destinations out of 1000 (max. 500000)
 70 words of extra memory for PDF output out of 10000 (max. 10000000)

