This is pdfTeX, Version 3.141592653-2.6-1.40.22 (TeX Live 2021 - Flatpak) (preloaded format=pdflatex 2021.10.11)  3 DEC 2021 18:57
entering extended mode
 restricted \write18 enabled.
 %&-line parsing enabled.
**title.tex
(./title.tex
LaTeX2e <2020-10-01> patch level 4
L3 programming layer <2021-02-18>

! LaTeX Error: Environment titlepage undefined.

See the LaTeX manual or LaTeX Companion for explanation.
Type  H <return>  for immediate help.
 ...                                              
                                                  
l.1 \begin{titlepage}
                     
Your command was ignored.
Type  I <command> <return>  to replace it with another command,
or  <return>  to continue without it.


! LaTeX Error: Missing \begin{document}.

See the LaTeX manual or LaTeX Companion for explanation.
Type  H <return>  for immediate help.
 ...                                              
                                                  
l.2 	\begin{center}
                   
You're in trouble here.  Try typing  <return>  to proceed.
If that doesn't work, type  X <return>  to quit.


Overfull \hbox (20.0pt too wide) in paragraph at lines 2--2
[] 
 []

! Undefined control sequence.
l.7 		{\bf
           –ß–∏—Å–ª–µ–Ω–Ω–æ–µ –º–æ–¥–µ–ª–∏—Ä–æ–≤–∞–Ω–∏–µ –Ω–µ—Å—Ç–∞—Ü–∏–æ–Ω–...
The control sequence at the end of the top line
of your error message was never \def'ed. If you have
misspelled it (e.g., `\hobx'), type `I' and the correct
spelling (e.g., `I\hbox'). Otherwise just continue,
and I'll forget about whatever was undefined.


! Package inputenc Error: Unicode character –ß (U+0427)
(inputenc)                not set up for use with LaTeX.

See the inputenc package documentation for explanation.
Type  H <return>  for immediate help.
 ...                                              
                                                  
l.7 		{\bf –ß
             –∏—Å–ª–µ–Ω–Ω–æ–µ –º–æ–¥–µ–ª–∏—Ä–æ–≤–∞–Ω–∏–µ –Ω–µ—Å—Ç–∞—Ü–∏–æ–Ω–...

You may provide a definition with
\DeclareUnicodeCharacter 


! Package inputenc Error: Unicode character –∏ (U+0438)
(inputenc)                not set up for use with LaTeX.

See the inputenc package documentation for explanation.
Type  H <return>  for immediate help.
 ...                                              
                                                  
l.7 		{\bf –ß–∏
               —Å–ª–µ–Ω–Ω–æ–µ –º–æ–¥–µ–ª–∏—Ä–æ–≤–∞–Ω–∏–µ –Ω–µ—Å—Ç–∞—Ü–∏–æ–Ω–...

You may provide a definition with
\DeclareUnicodeCharacter 


! Package inputenc Error: Unicode character —Å (U+0441)
(inputenc)                not set up for use with LaTeX.

See the inputenc package documentation for explanation.
Type  H <return>  for immediate help.
 ...                                              
                                                  
l.7 		{\bf –ß–∏—Å
                 –ª–µ–Ω–Ω–æ–µ –º–æ–¥–µ–ª–∏—Ä–æ–≤–∞–Ω–∏–µ –Ω–µ—Å—Ç–∞—Ü–∏–æ–Ω–...

You may provide a definition with
\DeclareUnicodeCharacter 


! Package inputenc Error: Unicode character –ª (U+043B)
(inputenc)                not set up for use with LaTeX.

See the inputenc package documentation for explanation.
Type  H <return>  for immediate help.
 ...                                              
                                                  
l.7 		{\bf –ß–∏—Å–ª
                   –µ–Ω–Ω–æ–µ –º–æ–¥–µ–ª–∏—Ä–æ–≤–∞–Ω–∏–µ –Ω–µ—Å—Ç–∞—Ü–∏–æ–Ω–...

You may provide a definition with
\DeclareUnicodeCharacter 


! Package inputenc Error: Unicode character –µ (U+0435)
(inputenc)                not set up for use with LaTeX.

See the inputenc package documentation for explanation.
Type  H <return>  for immediate help.
 ...                                              
                                                  
l.7 		{\bf –ß–∏—Å–ª–µ
                     –Ω–Ω–æ–µ –º–æ–¥–µ–ª–∏—Ä–æ–≤–∞–Ω–∏–µ –Ω–µ—Å—Ç–∞—Ü–∏–æ–Ω–...

You may provide a definition with
\DeclareUnicodeCharacter 


! Package inputenc Error: Unicode character –Ω (U+043D)
(inputenc)                not set up for use with LaTeX.

See the inputenc package documentation for explanation.
Type  H <return>  for immediate help.
 ...                                              
                                                  
l.7 		{\bf –ß–∏—Å–ª–µ–Ω
                       –Ω–æ–µ –º–æ–¥–µ–ª–∏—Ä–æ–≤–∞–Ω–∏–µ –Ω–µ—Å—Ç–∞—Ü–∏–æ–Ω–...

You may provide a definition with
\DeclareUnicodeCharacter 


! Package inputenc Error: Unicode character –Ω (U+043D)
(inputenc)                not set up for use with LaTeX.

See the inputenc package documentation for explanation.
Type  H <return>  for immediate help.
 ...                                              
                                                  
l.7 		{\bf –ß–∏—Å–ª–µ–Ω–Ω
                         –æ–µ –º–æ–¥–µ–ª–∏—Ä–æ–≤–∞–Ω–∏–µ –Ω–µ—Å—Ç–∞—Ü–∏–æ–Ω–...

You may provide a definition with
\DeclareUnicodeCharacter 


! Package inputenc Error: Unicode character –æ (U+043E)
(inputenc)                not set up for use with LaTeX.

See the inputenc package documentation for explanation.
Type  H <return>  for immediate help.
 ...                                              
                                                  
l.7 		{\bf –ß–∏—Å–ª–µ–Ω–Ω–æ
                           –µ –º–æ–¥–µ–ª–∏—Ä–æ–≤–∞–Ω–∏–µ –Ω–µ—Å—Ç–∞—Ü–∏–æ–Ω–...

You may provide a definition with
\DeclareUnicodeCharacter 


! Package inputenc Error: Unicode character –µ (U+0435)
(inputenc)                not set up for use with LaTeX.

See the inputenc package documentation for explanation.
Type  H <return>  for immediate help.
 ...                                              
                                                  
l.7 		{\bf –ß–∏—Å–ª–µ–Ω–Ω–æ–µ
                              –º–æ–¥–µ–ª–∏—Ä–æ–≤–∞–Ω–∏–µ –Ω–µ—Å—Ç–∞—Ü–∏–æ–Ω–...

You may provide a definition with
\DeclareUnicodeCharacter 


! Package inputenc Error: Unicode character –º (U+043C)
(inputenc)                not set up for use with LaTeX.

See the inputenc package documentation for explanation.
Type  H <return>  for immediate help.
 ...                                              
                                                  
l.7 		{\bf –ß–∏—Å–ª–µ–Ω–Ω–æ–µ –º
                                –æ–¥–µ–ª–∏—Ä–æ–≤–∞–Ω–∏–µ –Ω–µ—Å—Ç–∞—Ü–∏–æ–Ω–...

You may provide a definition with
\DeclareUnicodeCharacter 


! Package inputenc Error: Unicode character –æ (U+043E)
(inputenc)                not set up for use with LaTeX.

See the inputenc package documentation for explanation.
Type  H <return>  for immediate help.
 ...                                              
                                                  
l.7 		{\bf –ß–∏—Å–ª–µ–Ω–Ω–æ–µ –º–æ
                                  –¥–µ–ª–∏—Ä–æ–≤–∞–Ω–∏–µ –Ω–µ—Å—Ç–∞—Ü–∏–æ–Ω–...

You may provide a definition with
\DeclareUnicodeCharacter 


! Package inputenc Error: Unicode character –¥ (U+0434)
(inputenc)                not set up for use with LaTeX.

See the inputenc package documentation for explanation.
Type  H <return>  for immediate help.
 ...                                              
                                                  
l.7 		{\bf –ß–∏—Å–ª–µ–Ω–Ω–æ–µ –º–æ–¥
                                    –µ–ª–∏—Ä–æ–≤–∞–Ω–∏–µ –Ω–µ—Å—Ç–∞—Ü–∏–æ–Ω–...

You may provide a definition with
\DeclareUnicodeCharacter 


! Package inputenc Error: Unicode character –µ (U+0435)
(inputenc)                not set up for use with LaTeX.

See the inputenc package documentation for explanation.
Type  H <return>  for immediate help.
 ...                                              
                                                  
l.7 		{\bf –ß–∏—Å–ª–µ–Ω–Ω–æ–µ –º–æ–¥–µ
                                      –ª–∏—Ä–æ–≤–∞–Ω–∏–µ –Ω–µ—Å—Ç–∞—Ü–∏–æ–Ω–...

You may provide a definition with
\DeclareUnicodeCharacter 


! Package inputenc Error: Unicode character –ª (U+043B)
(inputenc)                not set up for use with LaTeX.

See the inputenc package documentation for explanation.
Type  H <return>  for immediate help.
 ...                                              
                                                  
l.7 		{\bf –ß–∏—Å–ª–µ–Ω–Ω–æ–µ –º–æ–¥–µ–ª
                                        –∏—Ä–æ–≤–∞–Ω–∏–µ –Ω–µ—Å—Ç–∞—Ü–∏–æ–Ω–...

You may provide a definition with
\DeclareUnicodeCharacter 


! Package inputenc Error: Unicode character –∏ (U+0438)
(inputenc)                not set up for use with LaTeX.

See the inputenc package documentation for explanation.
Type  H <return>  for immediate help.
 ...                                              
                                                  
l.7 		{\bf –ß–∏—Å–ª–µ–Ω–Ω–æ–µ –º–æ–¥–µ–ª–∏
                                          —Ä–æ–≤–∞–Ω–∏–µ –Ω–µ—Å—Ç–∞—Ü–∏–æ–Ω–...

You may provide a definition with
\DeclareUnicodeCharacter 


! Package inputenc Error: Unicode character —Ä (U+0440)
(inputenc)                not set up for use with LaTeX.

See the inputenc package documentation for explanation.
Type  H <return>  for immediate help.
 ...                                              
                                                  
l.7 		{\bf –ß–∏—Å–ª–µ–Ω–Ω–æ–µ –º–æ–¥–µ–ª–∏—Ä
                                            –æ–≤–∞–Ω–∏–µ –Ω–µ—Å—Ç–∞—Ü–∏–æ–Ω–...

You may provide a definition with
\DeclareUnicodeCharacter 


! Package inputenc Error: Unicode character –æ (U+043E)
(inputenc)                not set up for use with LaTeX.

See the inputenc package documentation for explanation.
Type  H <return>  for immediate help.
 ...                                              
                                                  
l.7 		{\bf –ß–∏—Å–ª–µ–Ω–Ω–æ–µ –º–æ–¥–µ–ª–∏—Ä–æ
                                              –≤–∞–Ω–∏–µ –Ω–µ—Å—Ç–∞—Ü–∏–æ–Ω–...

You may provide a definition with
\DeclareUnicodeCharacter 


! Package inputenc Error: Unicode character –≤ (U+0432)
(inputenc)                not set up for use with LaTeX.

See the inputenc package documentation for explanation.
Type  H <return>  for immediate help.
 ...                                              
                                                  
l.7 		{\bf –ß–∏—Å–ª–µ–Ω–Ω–æ–µ –º–æ–¥–µ–ª–∏—Ä–æ–≤
                                                –∞–Ω–∏–µ –Ω–µ—Å—Ç–∞—Ü–∏–æ–Ω–...

You may provide a definition with
\DeclareUnicodeCharacter 


! Package inputenc Error: Unicode character –∞ (U+0430)
(inputenc)                not set up for use with LaTeX.

See the inputenc package documentation for explanation.
Type  H <return>  for immediate help.
 ...                                              
                                                  
l.7 		{\bf –ß–∏—Å–ª–µ–Ω–Ω–æ–µ –º–æ–¥–µ–ª–∏—Ä–æ–≤–∞
                                                  –Ω–∏–µ –Ω–µ—Å—Ç–∞—Ü–∏–æ–Ω–...

You may provide a definition with
\DeclareUnicodeCharacter 


! Package inputenc Error: Unicode character –Ω (U+043D)
(inputenc)                not set up for use with LaTeX.

See the inputenc package documentation for explanation.
Type  H <return>  for immediate help.
 ...                                              
                                                  
l.7 ...f –ß–∏—Å–ª–µ–Ω–Ω–æ–µ –º–æ–¥–µ–ª–∏—Ä–æ–≤–∞–Ω
                                                  –∏–µ –Ω–µ—Å—Ç–∞—Ü–∏–æ–Ω–∞—...

You may provide a definition with
\DeclareUnicodeCharacter 


! Package inputenc Error: Unicode character –∏ (U+0438)
(inputenc)                not set up for use with LaTeX.

See the inputenc package documentation for explanation.
Type  H <return>  for immediate help.
 ...                                              
                                                  
l.7 ...–ß–∏—Å–ª–µ–Ω–Ω–æ–µ –º–æ–¥–µ–ª–∏—Ä–æ–≤–∞–Ω–∏
                                                  –µ –Ω–µ—Å—Ç–∞—Ü–∏–æ–Ω–∞—Ä–...

You may provide a definition with
\DeclareUnicodeCharacter 


! Package inputenc Error: Unicode character –µ (U+0435)
(inputenc)                not set up for use with LaTeX.

See the inputenc package documentation for explanation.
Type  H <return>  for immediate help.
 ...                                              
                                                  
l.7 ...–∏—Å–ª–µ–Ω–Ω–æ–µ –º–æ–¥–µ–ª–∏—Ä–æ–≤–∞–Ω–∏–µ
                                                   –Ω–µ—Å—Ç–∞—Ü–∏–æ–Ω–∞—Ä–Ω–...

You may provide a definition with
\DeclareUnicodeCharacter 


! Package inputenc Error: Unicode character –Ω (U+043D)
(inputenc)                not set up for use with LaTeX.

See the inputenc package documentation for explanation.
Type  H <return>  for immediate help.
 ...                                              
                                                  
l.7 ...Å–ª–µ–Ω–Ω–æ–µ –º–æ–¥–µ–ª–∏—Ä–æ–≤–∞–Ω–∏–µ –Ω
                                                  –µ—Å—Ç–∞—Ü–∏–æ–Ω–∞—Ä–Ω–æ–≥...

You may provide a definition with
\DeclareUnicodeCharacter 


! Package inputenc Error: Unicode character –µ (U+0435)
(inputenc)                not set up for use with LaTeX.

See the inputenc package documentation for explanation.
Type  H <return>  for immediate help.
 ...                                              
                                                  
l.7 ...ª–µ–Ω–Ω–æ–µ –º–æ–¥–µ–ª–∏—Ä–æ–≤–∞–Ω–∏–µ –Ω–µ
                                                  —Å—Ç–∞—Ü–∏–æ–Ω–∞—Ä–Ω–æ–≥–æ...

You may provide a definition with
\DeclareUnicodeCharacter 


! Package inputenc Error: Unicode character —Å (U+0441)
(inputenc)                not set up for use with LaTeX.

See the inputenc package documentation for explanation.
Type  H <return>  for immediate help.
 ...                                              
                                                  
l.7 ...µ–Ω–Ω–æ–µ –º–æ–¥–µ–ª–∏—Ä–æ–≤–∞–Ω–∏–µ –Ω–µ—Å
                                                  —Ç–∞—Ü–∏–æ–Ω–∞—Ä–Ω–æ–≥–æ –...

You may provide a definition with
\DeclareUnicodeCharacter 


! Package inputenc Error: Unicode character —Ç (U+0442)
(inputenc)                not set up for use with LaTeX.

See the inputenc package documentation for explanation.
Type  H <return>  for immediate help.
 ...                                              
                                                  
l.7 ...Ω–Ω–æ–µ –º–æ–¥–µ–ª–∏—Ä–æ–≤–∞–Ω–∏–µ –Ω–µ—Å—Ç
                                                  –∞—Ü–∏–æ–Ω–∞—Ä–Ω–æ–≥–æ –æ–...

You may provide a definition with
\DeclareUnicodeCharacter 


! Package inputenc Error: Unicode character –∞ (U+0430)
(inputenc)                not set up for use with LaTeX.

See the inputenc package documentation for explanation.
Type  H <return>  for immediate help.
 ...                                              
                                                  
l.7 ...Ω–æ–µ –º–æ–¥–µ–ª–∏—Ä–æ–≤–∞–Ω–∏–µ –Ω–µ—Å—Ç–∞
                                                  —Ü–∏–æ–Ω–∞—Ä–Ω–æ–≥–æ –æ–¥–...

You may provide a definition with
\DeclareUnicodeCharacter 


! Package inputenc Error: Unicode character —Ü (U+0446)
(inputenc)                not set up for use with LaTeX.

See the inputenc package documentation for explanation.
Type  H <return>  for immediate help.
 ...                                              
                                                  
l.7 ...æ–µ –º–æ–¥–µ–ª–∏—Ä–æ–≤–∞–Ω–∏–µ –Ω–µ—Å—Ç–∞—Ü
                                                  –∏–æ–Ω–∞—Ä–Ω–æ–≥–æ –æ–¥–Ω–...

You may provide a definition with
\DeclareUnicodeCharacter 


! Package inputenc Error: Unicode character –∏ (U+0438)
(inputenc)                not set up for use with LaTeX.

See the inputenc package documentation for explanation.
Type  H <return>  for immediate help.
 ...                                              
                                                  
l.7 ...µ –º–æ–¥–µ–ª–∏—Ä–æ–≤–∞–Ω–∏–µ –Ω–µ—Å—Ç–∞—Ü–∏
                                                  –æ–Ω–∞—Ä–Ω–æ–≥–æ –æ–¥–Ω–æ–...

You may provide a definition with
\DeclareUnicodeCharacter 


! Package inputenc Error: Unicode character –æ (U+043E)
(inputenc)                not set up for use with LaTeX.

See the inputenc package documentation for explanation.
Type  H <return>  for immediate help.
 ...                                              
                                                  
l.7 ...–º–æ–¥–µ–ª–∏—Ä–æ–≤–∞–Ω–∏–µ –Ω–µ—Å—Ç–∞—Ü–∏–æ
                                                  –Ω–∞—Ä–Ω–æ–≥–æ –æ–¥–Ω–æ–º–...

You may provide a definition with
\DeclareUnicodeCharacter 


! Package inputenc Error: Unicode character –Ω (U+043D)
(inputenc)                not set up for use with LaTeX.

See the inputenc package documentation for explanation.
Type  H <return>  for immediate help.
 ...                                              
                                                  
l.7 ...–æ–¥–µ–ª–∏—Ä–æ–≤–∞–Ω–∏–µ –Ω–µ—Å—Ç–∞—Ü–∏–æ–Ω
                                                  –∞—Ä–Ω–æ–≥–æ –æ–¥–Ω–æ–º–µ—...

You may provide a definition with
\DeclareUnicodeCharacter 


! Package inputenc Error: Unicode character –∞ (U+0430)
(inputenc)                not set up for use with LaTeX.

See the inputenc package documentation for explanation.
Type  H <return>  for immediate help.
 ...                                              
                                                  
l.7 ...–¥–µ–ª–∏—Ä–æ–≤–∞–Ω–∏–µ –Ω–µ—Å—Ç–∞—Ü–∏–æ–Ω–∞
                                                  —Ä–Ω–æ–≥–æ –æ–¥–Ω–æ–º–µ—Ä–...

You may provide a definition with
\DeclareUnicodeCharacter 


! Package inputenc Error: Unicode character —Ä (U+0440)
(inputenc)                not set up for use with LaTeX.

See the inputenc package documentation for explanation.
Type  H <return>  for immediate help.
 ...                                              
                                                  
l.7 ...–µ–ª–∏—Ä–æ–≤–∞–Ω–∏–µ –Ω–µ—Å—Ç–∞—Ü–∏–æ–Ω–∞—Ä
                                                  –Ω–æ–≥–æ –æ–¥–Ω–æ–º–µ—Ä–Ω–...

You may provide a definition with
\DeclareUnicodeCharacter 


! Package inputenc Error: Unicode character –Ω (U+043D)
(inputenc)                not set up for use with LaTeX.

See the inputenc package documentation for explanation.
Type  H <return>  for immediate help.
 ...                                              
                                                  
l.7 ...–ª–∏—Ä–æ–≤–∞–Ω–∏–µ –Ω–µ—Å—Ç–∞—Ü–∏–æ–Ω–∞—Ä–Ω
                                                  –æ–≥–æ –æ–¥–Ω–æ–º–µ—Ä–Ω–æ–...

You may provide a definition with
\DeclareUnicodeCharacter 


! Package inputenc Error: Unicode character –æ (U+043E)
(inputenc)                not set up for use with LaTeX.

See the inputenc package documentation for explanation.
Type  H <return>  for immediate help.
 ...                                              
                                                  
l.7 ...–∏—Ä–æ–≤–∞–Ω–∏–µ –Ω–µ—Å—Ç–∞—Ü–∏–æ–Ω–∞—Ä–Ω–æ
                                                  –≥–æ –æ–¥–Ω–æ–º–µ—Ä–Ω–æ–≥–...

You may provide a definition with
\DeclareUnicodeCharacter 


! Package inputenc Error: Unicode character –≥ (U+0433)
(inputenc)                not set up for use with LaTeX.

See the inputenc package documentation for explanation.
Type  H <return>  for immediate help.
 ...                                              
                                                  
l.7 ...—Ä–æ–≤–∞–Ω–∏–µ –Ω–µ—Å—Ç–∞—Ü–∏–æ–Ω–∞—Ä–Ω–æ–≥
                                                  –æ –æ–¥–Ω–æ–º–µ—Ä–Ω–æ–≥–æ ...

You may provide a definition with
\DeclareUnicodeCharacter 


! Package inputenc Error: Unicode character –æ (U+043E)
(inputenc)                not set up for use with LaTeX.

See the inputenc package documentation for explanation.
Type  H <return>  for immediate help.
 ...                                              
                                                  
l.7 ...–æ–≤–∞–Ω–∏–µ –Ω–µ—Å—Ç–∞—Ü–∏–æ–Ω–∞—Ä–Ω–æ–≥–æ
                                                   –æ–¥–Ω–æ–º–µ—Ä–Ω–æ–≥–æ —Ç...

You may provide a definition with
\DeclareUnicodeCharacter 


! Package inputenc Error: Unicode character –æ (U+043E)
(inputenc)                not set up for use with LaTeX.

See the inputenc package documentation for explanation.
Type  H <return>  for immediate help.
 ...                                              
                                                  
l.7 ...≤–∞–Ω–∏–µ –Ω–µ—Å—Ç–∞—Ü–∏–æ–Ω–∞—Ä–Ω–æ–≥–æ –æ
                                                  –¥–Ω–æ–º–µ—Ä–Ω–æ–≥–æ —Ç–µ—...

You may provide a definition with
\DeclareUnicodeCharacter 


! Package inputenc Error: Unicode character –¥ (U+0434)
(inputenc)                not set up for use with LaTeX.

See the inputenc package documentation for explanation.
Type  H <return>  for immediate help.
 ...                                              
                                                  
l.7 ...∞–Ω–∏–µ –Ω–µ—Å—Ç–∞—Ü–∏–æ–Ω–∞—Ä–Ω–æ–≥–æ –æ–¥
                                                  –Ω–æ–º–µ—Ä–Ω–æ–≥–æ —Ç–µ—á–...

You may provide a definition with
\DeclareUnicodeCharacter 


! Package inputenc Error: Unicode character –Ω (U+043D)
(inputenc)                not set up for use with LaTeX.

See the inputenc package documentation for explanation.
Type  H <return>  for immediate help.
 ...                                              
                                                  
l.7 ...Ω–∏–µ –Ω–µ—Å—Ç–∞—Ü–∏–æ–Ω–∞—Ä–Ω–æ–≥–æ –æ–¥–Ω
                                                  –æ–º–µ—Ä–Ω–æ–≥–æ —Ç–µ—á–µ–...

You may provide a definition with
\DeclareUnicodeCharacter 


! Package inputenc Error: Unicode character –æ (U+043E)
(inputenc)                not set up for use with LaTeX.

See the inputenc package documentation for explanation.
Type  H <return>  for immediate help.
 ...                                              
                                                  
l.7 ...∏–µ –Ω–µ—Å—Ç–∞—Ü–∏–æ–Ω–∞—Ä–Ω–æ–≥–æ –æ–¥–Ω–æ
                                                  –º–µ—Ä–Ω–æ–≥–æ —Ç–µ—á–µ–Ω–...

You may provide a definition with
\DeclareUnicodeCharacter 


! Package inputenc Error: Unicode character –º (U+043C)
(inputenc)                not set up for use with LaTeX.

See the inputenc package documentation for explanation.
Type  H <return>  for immediate help.
 ...                                              
                                                  
l.7 ...µ –Ω–µ—Å—Ç–∞—Ü–∏–æ–Ω–∞—Ä–Ω–æ–≥–æ –æ–¥–Ω–æ–º
                                                  –µ—Ä–Ω–æ–≥–æ —Ç–µ—á–µ–Ω–∏—...

You may provide a definition with
\DeclareUnicodeCharacter 


! Package inputenc Error: Unicode character –µ (U+0435)
(inputenc)                not set up for use with LaTeX.

See the inputenc package documentation for explanation.
Type  H <return>  for immediate help.
 ...                                              
                                                  
l.7 ...–Ω–µ—Å—Ç–∞—Ü–∏–æ–Ω–∞—Ä–Ω–æ–≥–æ –æ–¥–Ω–æ–º–µ
                                                  —Ä–Ω–æ–≥–æ —Ç–µ—á–µ–Ω–∏—è ...

You may provide a definition with
\DeclareUnicodeCharacter 


! Package inputenc Error: Unicode character —Ä (U+0440)
(inputenc)                not set up for use with LaTeX.

See the inputenc package documentation for explanation.
Type  H <return>  for immediate help.
 ...                                              
                                                  
l.7 ...–µ—Å—Ç–∞—Ü–∏–æ–Ω–∞—Ä–Ω–æ–≥–æ –æ–¥–Ω–æ–º–µ—Ä
                                                  –Ω–æ–≥–æ —Ç–µ—á–µ–Ω–∏—è –≥...

You may provide a definition with
\DeclareUnicodeCharacter 


! Package inputenc Error: Unicode character –Ω (U+043D)
(inputenc)                not set up for use with LaTeX.

See the inputenc package documentation for explanation.
Type  H <return>  for immediate help.
 ...                                              
                                                  
l.7 ...—Å—Ç–∞—Ü–∏–æ–Ω–∞—Ä–Ω–æ–≥–æ –æ–¥–Ω–æ–º–µ—Ä–Ω
                                                  –æ–≥–æ —Ç–µ—á–µ–Ω–∏—è –≥–∞...

You may provide a definition with
\DeclareUnicodeCharacter 


! Package inputenc Error: Unicode character –æ (U+043E)
(inputenc)                not set up for use with LaTeX.

See the inputenc package documentation for explanation.
Type  H <return>  for immediate help.
 ...                                              
                                                  
l.7 ...—Ç–∞—Ü–∏–æ–Ω–∞—Ä–Ω–æ–≥–æ –æ–¥–Ω–æ–º–µ—Ä–Ω–æ
                                                  –≥–æ —Ç–µ—á–µ–Ω–∏—è –≥–∞–∑...

You may provide a definition with
\DeclareUnicodeCharacter 


! Package inputenc Error: Unicode character –≥ (U+0433)
(inputenc)                not set up for use with LaTeX.

See the inputenc package documentation for explanation.
Type  H <return>  for immediate help.
 ...                                              
                                                  
l.7 ...–∞—Ü–∏–æ–Ω–∞—Ä–Ω–æ–≥–æ –æ–¥–Ω–æ–º–µ—Ä–Ω–æ–≥
                                                  –æ —Ç–µ—á–µ–Ω–∏—è –≥–∞–∑–∞...

You may provide a definition with
\DeclareUnicodeCharacter 


! Package inputenc Error: Unicode character –æ (U+043E)
(inputenc)                not set up for use with LaTeX.

See the inputenc package documentation for explanation.
Type  H <return>  for immediate help.
 ...                                              
                                                  
l.7 ...—Ü–∏–æ–Ω–∞—Ä–Ω–æ–≥–æ –æ–¥–Ω–æ–º–µ—Ä–Ω–æ–≥–æ
                                                   —Ç–µ—á–µ–Ω–∏—è –≥–∞–∑–∞ —...

You may provide a definition with
\DeclareUnicodeCharacter 


! Package inputenc Error: Unicode character —Ç (U+0442)
(inputenc)                not set up for use with LaTeX.

See the inputenc package documentation for explanation.
Type  H <return>  for immediate help.
 ...                                              
                                                  
l.7 ...∏–æ–Ω–∞—Ä–Ω–æ–≥–æ –æ–¥–Ω–æ–º–µ—Ä–Ω–æ–≥–æ —Ç
                                                  –µ—á–µ–Ω–∏—è –≥–∞–∑–∞ —Å –...

You may provide a definition with
\DeclareUnicodeCharacter 


! Package inputenc Error: Unicode character –µ (U+0435)
(inputenc)                not set up for use with LaTeX.

See the inputenc package documentation for explanation.
Type  H <return>  for immediate help.
 ...                                              
                                                  
l.7 ...æ–Ω–∞—Ä–Ω–æ–≥–æ –æ–¥–Ω–æ–º–µ—Ä–Ω–æ–≥–æ —Ç–µ
                                                  —á–µ–Ω–∏—è –≥–∞–∑–∞ —Å –∏—...

You may provide a definition with
\DeclareUnicodeCharacter 


! Package inputenc Error: Unicode character —á (U+0447)
(inputenc)                not set up for use with LaTeX.

See the inputenc package documentation for explanation.
Type  H <return>  for immediate help.
 ...                                              
                                                  
l.7 ...Ω–∞—Ä–Ω–æ–≥–æ –æ–¥–Ω–æ–º–µ—Ä–Ω–æ–≥–æ —Ç–µ—á
                                                  –µ–Ω–∏—è –≥–∞–∑–∞ —Å –∏—Å–...

You may provide a definition with
\DeclareUnicodeCharacter 


! Package inputenc Error: Unicode character –µ (U+0435)
(inputenc)                not set up for use with LaTeX.

See the inputenc package documentation for explanation.
Type  H <return>  for immediate help.
 ...                                              
                                                  
l.7 ...∞—Ä–Ω–æ–≥–æ –æ–¥–Ω–æ–º–µ—Ä–Ω–æ–≥–æ —Ç–µ—á–µ
                                                  –Ω–∏—è –≥–∞–∑–∞ —Å –∏—Å–ø–...

You may provide a definition with
\DeclareUnicodeCharacter 


! Package inputenc Error: Unicode character –Ω (U+043D)
(inputenc)                not set up for use with LaTeX.

See the inputenc package documentation for explanation.
Type  H <return>  for immediate help.
 ...                                              
                                                  
l.7 ...Ä–Ω–æ–≥–æ –æ–¥–Ω–æ–º–µ—Ä–Ω–æ–≥–æ —Ç–µ—á–µ–Ω
                                                  –∏—è –≥–∞–∑–∞ —Å –∏—Å–ø–æ–...

You may provide a definition with
\DeclareUnicodeCharacter 


! Package inputenc Error: Unicode character –∏ (U+0438)
(inputenc)                not set up for use with LaTeX.

See the inputenc package documentation for explanation.
Type  H <return>  for immediate help.
 ...                                              
                                                  
l.7 ...Ω–æ–≥–æ –æ–¥–Ω–æ–º–µ—Ä–Ω–æ–≥–æ —Ç–µ—á–µ–Ω–∏
                                                  —è –≥–∞–∑–∞ —Å –∏—Å–ø–æ–ª—...

You may provide a definition with
\DeclareUnicodeCharacter 


! Package inputenc Error: Unicode character —è (U+044F)
(inputenc)                not set up for use with LaTeX.

See the inputenc package documentation for explanation.
Type  H <return>  for immediate help.
 ...                                              
                                                  
l.7 ...æ–≥–æ –æ–¥–Ω–æ–º–µ—Ä–Ω–æ–≥–æ —Ç–µ—á–µ–Ω–∏—è
                                                   –≥–∞–∑–∞ —Å –∏—Å–ø–æ–ª—å–...

You may provide a definition with
\DeclareUnicodeCharacter 


! Package inputenc Error: Unicode character –≥ (U+0433)
(inputenc)                not set up for use with LaTeX.

See the inputenc package documentation for explanation.
Type  H <return>  for immediate help.
 ...                                              
                                                  
l.7 ...–æ –æ–¥–Ω–æ–º–µ—Ä–Ω–æ–≥–æ —Ç–µ—á–µ–Ω–∏—è –≥
                                                  –∞–∑–∞ —Å –∏—Å–ø–æ–ª—å–∑–æ...

You may provide a definition with
\DeclareUnicodeCharacter 


! Package inputenc Error: Unicode character –∞ (U+0430)
(inputenc)                not set up for use with LaTeX.

See the inputenc package documentation for explanation.
Type  H <return>  for immediate help.
 ...                                              
                                                  
l.7 ... –æ–¥–Ω–æ–º–µ—Ä–Ω–æ–≥–æ —Ç–µ—á–µ–Ω–∏—è –≥–∞
                                                  –∑–∞ —Å –∏—Å–ø–æ–ª—å–∑–æ–≤...

You may provide a definition with
\DeclareUnicodeCharacter 


! Package inputenc Error: Unicode character –∑ (U+0437)
(inputenc)                not set up for use with LaTeX.

See the inputenc package documentation for explanation.
Type  H <return>  for immediate help.
 ...                                              
                                                  
l.7 ...æ–¥–Ω–æ–º–µ—Ä–Ω–æ–≥–æ —Ç–µ—á–µ–Ω–∏—è –≥–∞–∑
                                                  –∞ —Å –∏—Å–ø–æ–ª—å–∑–æ–≤–∞...

You may provide a definition with
\DeclareUnicodeCharacter 


! Package inputenc Error: Unicode character –∞ (U+0430)
(inputenc)                not set up for use with LaTeX.

See the inputenc package documentation for explanation.
Type  H <return>  for immediate help.
 ...                                              
                                                  
l.7 ...¥–Ω–æ–º–µ—Ä–Ω–æ–≥–æ —Ç–µ—á–µ–Ω–∏—è –≥–∞–∑–∞
                                                   —Å –∏—Å–ø–æ–ª—å–∑–æ–≤–∞–Ω...

You may provide a definition with
\DeclareUnicodeCharacter 


! Package inputenc Error: Unicode character —Å (U+0441)
(inputenc)                not set up for use with LaTeX.

See the inputenc package documentation for explanation.
Type  H <return>  for immediate help.
 ...                                              
                                                  
l.7 ...–æ–º–µ—Ä–Ω–æ–≥–æ —Ç–µ—á–µ–Ω–∏—è –≥–∞–∑–∞ —Å
                                                   –∏—Å–ø–æ–ª—å–∑–æ–≤–∞–Ω–∏–...

You may provide a definition with
\DeclareUnicodeCharacter 


! Package inputenc Error: Unicode character –∏ (U+0438)
(inputenc)                not set up for use with LaTeX.

See the inputenc package documentation for explanation.
Type  H <return>  for immediate help.
 ...                                              
                                                  
l.7 ...º–µ—Ä–Ω–æ–≥–æ —Ç–µ—á–µ–Ω–∏—è –≥–∞–∑–∞ —Å –∏
                                                  —Å–ø–æ–ª—å–∑–æ–≤–∞–Ω–∏–µ–º...

You may provide a definition with
\DeclareUnicodeCharacter 


! Package inputenc Error: Unicode character —Å (U+0441)
(inputenc)                not set up for use with LaTeX.

See the inputenc package documentation for explanation.
Type  H <return>  for immediate help.
 ...                                              
                                                  
l.7 ...µ—Ä–Ω–æ–≥–æ —Ç–µ—á–µ–Ω–∏—è –≥–∞–∑–∞ —Å –∏—Å
                                                  –ø–æ–ª—å–∑–æ–≤–∞–Ω–∏–µ–º –...

You may provide a definition with
\DeclareUnicodeCharacter 


! Package inputenc Error: Unicode character –ø (U+043F)
(inputenc)                not set up for use with LaTeX.

See the inputenc package documentation for explanation.
Type  H <return>  for immediate help.
 ...                                              
                                                  
l.7 ...Ä–Ω–æ–≥–æ —Ç–µ—á–µ–Ω–∏—è –≥–∞–∑–∞ —Å –∏—Å–ø
                                                  –æ–ª—å–∑–æ–≤–∞–Ω–∏–µ–º –Ω–...

You may provide a definition with
\DeclareUnicodeCharacter 


! Package inputenc Error: Unicode character –æ (U+043E)
(inputenc)                not set up for use with LaTeX.

See the inputenc package documentation for explanation.
Type  H <return>  for immediate help.
 ...                                              
                                                  
l.7 ...Ω–æ–≥–æ —Ç–µ—á–µ–Ω–∏—è –≥–∞–∑–∞ —Å –∏—Å–ø–æ
                                                  –ª—å–∑–æ–≤–∞–Ω–∏–µ–º –Ω–µ—...

You may provide a definition with
\DeclareUnicodeCharacter 


! Package inputenc Error: Unicode character –ª (U+043B)
(inputenc)                not set up for use with LaTeX.

See the inputenc package documentation for explanation.
Type  H <return>  for immediate help.
 ...                                              
                                                  
l.7 ...æ–≥–æ —Ç–µ—á–µ–Ω–∏—è –≥–∞–∑–∞ —Å –∏—Å–ø–æ–ª
                                                  —å–∑–æ–≤–∞–Ω–∏–µ–º –Ω–µ—è–...

You may provide a definition with
\DeclareUnicodeCharacter 


! Package inputenc Error: Unicode character —å (U+044C)
(inputenc)                not set up for use with LaTeX.

See the inputenc package documentation for explanation.
Type  H <return>  for immediate help.
 ...                                              
                                                  
l.7 ...≥–æ —Ç–µ—á–µ–Ω–∏—è –≥–∞–∑–∞ —Å –∏—Å–ø–æ–ª—å
                                                  –∑–æ–≤–∞–Ω–∏–µ–º –Ω–µ—è–≤–...

You may provide a definition with
\DeclareUnicodeCharacter 


! Package inputenc Error: Unicode character –∑ (U+0437)
(inputenc)                not set up for use with LaTeX.

See the inputenc package documentation for explanation.
Type  H <return>  for immediate help.
 ...                                              
                                                  
l.7 ...æ —Ç–µ—á–µ–Ω–∏—è –≥–∞–∑–∞ —Å –∏—Å–ø–æ–ª—å–∑
                                                  –æ–≤–∞–Ω–∏–µ–º –Ω–µ—è–≤–Ω–...

You may provide a definition with
\DeclareUnicodeCharacter 


! Package inputenc Error: Unicode character –æ (U+043E)
(inputenc)                not set up for use with LaTeX.

See the inputenc package documentation for explanation.
Type  H <return>  for immediate help.
 ...                                              
                                                  
l.7 ...—Ç–µ—á–µ–Ω–∏—è –≥–∞–∑–∞ —Å –∏—Å–ø–æ–ª—å–∑–æ
                                                  –≤–∞–Ω–∏–µ–º –Ω–µ—è–≤–Ω–æ–...

You may provide a definition with
\DeclareUnicodeCharacter 


! Package inputenc Error: Unicode character –≤ (U+0432)
(inputenc)                not set up for use with LaTeX.

See the inputenc package documentation for explanation.
Type  H <return>  for immediate help.
 ...                                              
                                                  
l.7 ...–µ—á–µ–Ω–∏—è –≥–∞–∑–∞ —Å –∏—Å–ø–æ–ª—å–∑–æ–≤
                                                  –∞–Ω–∏–µ–º –Ω–µ—è–≤–Ω–æ–π ...

You may provide a definition with
\DeclareUnicodeCharacter 


! Package inputenc Error: Unicode character –∞ (U+0430)
(inputenc)                not set up for use with LaTeX.

See the inputenc package documentation for explanation.
Type  H <return>  for immediate help.
 ...                                              
                                                  
l.7 ...—á–µ–Ω–∏—è –≥–∞–∑–∞ —Å –∏—Å–ø–æ–ª—å–∑–æ–≤–∞
                                                  –Ω–∏–µ–º –Ω–µ—è–≤–Ω–æ–π –ø...

You may provide a definition with
\DeclareUnicodeCharacter 


! Package inputenc Error: Unicode character –Ω (U+043D)
(inputenc)                not set up for use with LaTeX.

See the inputenc package documentation for explanation.
Type  H <return>  for immediate help.
 ...                                              
                                                  
l.7 ...–µ–Ω–∏—è –≥–∞–∑–∞ —Å –∏—Å–ø–æ–ª—å–∑–æ–≤–∞–Ω
                                                  –∏–µ–º –Ω–µ—è–≤–Ω–æ–π –ø–∞...

You may provide a definition with
\DeclareUnicodeCharacter 


! Package inputenc Error: Unicode character –∏ (U+0438)
(inputenc)                not set up for use with LaTeX.

See the inputenc package documentation for explanation.
Type  H <return>  for immediate help.
 ...                                              
                                                  
l.7 ...–Ω–∏—è –≥–∞–∑–∞ —Å –∏—Å–ø–æ–ª—å–∑–æ–≤–∞–Ω–∏
                                                  –µ–º –Ω–µ—è–≤–Ω–æ–π –ø–∞—Ä...

You may provide a definition with
\DeclareUnicodeCharacter 


! Package inputenc Error: Unicode character –µ (U+0435)
(inputenc)                not set up for use with LaTeX.

See the inputenc package documentation for explanation.
Type  H <return>  for immediate help.
 ...                                              
                                                  
l.7 ...–∏—è –≥–∞–∑–∞ —Å –∏—Å–ø–æ–ª—å–∑–æ–≤–∞–Ω–∏–µ
                                                  –º –Ω–µ—è–≤–Ω–æ–π –ø–∞—Ä–∞...

You may provide a definition with
\DeclareUnicodeCharacter 


! Package inputenc Error: Unicode character –º (U+043C)
(inputenc)                not set up for use with LaTeX.

See the inputenc package documentation for explanation.
Type  H <return>  for immediate help.
 ...                                              
                                                  
l.7 ...—è –≥–∞–∑–∞ —Å –∏—Å–ø–æ–ª—å–∑–æ–≤–∞–Ω–∏–µ–º
                                                   –Ω–µ—è–≤–Ω–æ–π –ø–∞—Ä–∞–ª...

You may provide a definition with
\DeclareUnicodeCharacter 


! Package inputenc Error: Unicode character –Ω (U+043D)
(inputenc)                not set up for use with LaTeX.

See the inputenc package documentation for explanation.
Type  H <return>  for immediate help.
 ...                                              
                                                  
l.7 ...–≥–∞–∑–∞ —Å –∏—Å–ø–æ–ª—å–∑–æ–≤–∞–Ω–∏–µ–º –Ω
                                                  –µ—è–≤–Ω–æ–π –ø–∞—Ä–∞–ª–ª–...

You may provide a definition with
\DeclareUnicodeCharacter 


! Package inputenc Error: Unicode character –µ (U+0435)
(inputenc)                not set up for use with LaTeX.

See the inputenc package documentation for explanation.
Type  H <return>  for immediate help.
 ...                                              
                                                  
l.7 ...–∞–∑–∞ —Å –∏—Å–ø–æ–ª—å–∑–æ–≤–∞–Ω–∏–µ–º –Ω–µ
                                                  —è–≤–Ω–æ–π –ø–∞—Ä–∞–ª–ª–µ–...

You may provide a definition with
\DeclareUnicodeCharacter 


! Package inputenc Error: Unicode character —è (U+044F)
(inputenc)                not set up for use with LaTeX.

See the inputenc package documentation for explanation.
Type  H <return>  for immediate help.
 ...                                              
                                                  
l.7 ...–∑–∞ —Å –∏—Å–ø–æ–ª—å–∑–æ–≤–∞–Ω–∏–µ–º –Ω–µ—è
                                                  –≤–Ω–æ–π –ø–∞—Ä–∞–ª–ª–µ–ª—...

You may provide a definition with
\DeclareUnicodeCharacter 


! Package inputenc Error: Unicode character –≤ (U+0432)
(inputenc)                not set up for use with LaTeX.

See the inputenc package documentation for explanation.
Type  H <return>  for immediate help.
 ...                                              
                                                  
l.7 ...–∞ —Å –∏—Å–ø–æ–ª—å–∑–æ–≤–∞–Ω–∏–µ–º –Ω–µ—è–≤
                                                  –Ω–æ–π –ø–∞—Ä–∞–ª–ª–µ–ª—å–...

You may provide a definition with
\DeclareUnicodeCharacter 


! Package inputenc Error: Unicode character –Ω (U+043D)
(inputenc)                not set up for use with LaTeX.

See the inputenc package documentation for explanation.
Type  H <return>  for immediate help.
 ...                                              
                                                  
l.7 ... —Å –∏—Å–ø–æ–ª—å–∑–æ–≤–∞–Ω–∏–µ–º –Ω–µ—è–≤–Ω
                                                  –æ–π –ø–∞—Ä–∞–ª–ª–µ–ª—å–Ω–...

You may provide a definition with
\DeclareUnicodeCharacter 


! Package inputenc Error: Unicode character –æ (U+043E)
(inputenc)                not set up for use with LaTeX.

See the inputenc package documentation for explanation.
Type  H <return>  for immediate help.
 ...                                              
                                                  
l.7 ...Å –∏—Å–ø–æ–ª—å–∑–æ–≤–∞–Ω–∏–µ–º –Ω–µ—è–≤–Ω–æ
                                                  –π –ø–∞—Ä–∞–ª–ª–µ–ª—å–Ω–æ–...

You may provide a definition with
\DeclareUnicodeCharacter 


! Package inputenc Error: Unicode character –π (U+0439)
(inputenc)                not set up for use with LaTeX.

See the inputenc package documentation for explanation.
Type  H <return>  for immediate help.
 ...                                              
                                                  
l.7 ...–∏—Å–ø–æ–ª—å–∑–æ–≤–∞–Ω–∏–µ–º –Ω–µ—è–≤–Ω–æ–π
                                                   –ø–∞—Ä–∞–ª–ª–µ–ª—å–Ω–æ–π ...

You may provide a definition with
\DeclareUnicodeCharacter 


! Package inputenc Error: Unicode character –ø (U+043F)
(inputenc)                not set up for use with LaTeX.

See the inputenc package documentation for explanation.
Type  H <return>  for immediate help.
 ...                                              
                                                  
l.7 ...Å–ø–æ–ª—å–∑–æ–≤–∞–Ω–∏–µ–º –Ω–µ—è–≤–Ω–æ–π –ø
                                                  –∞—Ä–∞–ª–ª–µ–ª—å–Ω–æ–π —Ä–...

You may provide a definition with
\DeclareUnicodeCharacter 


! Package inputenc Error: Unicode character –∞ (U+0430)
(inputenc)                not set up for use with LaTeX.

See the inputenc package documentation for explanation.
Type  H <return>  for immediate help.
 ...                                              
                                                  
l.7 ...ø–æ–ª—å–∑–æ–≤–∞–Ω–∏–µ–º –Ω–µ—è–≤–Ω–æ–π –ø–∞
                                                  —Ä–∞–ª–ª–µ–ª—å–Ω–æ–π —Ä–∞–...

You may provide a definition with
\DeclareUnicodeCharacter 


! Package inputenc Error: Unicode character —Ä (U+0440)
(inputenc)                not set up for use with LaTeX.

See the inputenc package documentation for explanation.
Type  H <return>  for immediate help.
 ...                                              
                                                  
l.7 ...æ–ª—å–∑–æ–≤–∞–Ω–∏–µ–º –Ω–µ—è–≤–Ω–æ–π –ø–∞—Ä
                                                  –∞–ª–ª–µ–ª—å–Ω–æ–π —Ä–∞–∑–...

You may provide a definition with
\DeclareUnicodeCharacter 


! Package inputenc Error: Unicode character –∞ (U+0430)
(inputenc)                not set up for use with LaTeX.

See the inputenc package documentation for explanation.
Type  H <return>  for immediate help.
 ...                                              
                                                  
l.7 ...ª—å–∑–æ–≤–∞–Ω–∏–µ–º –Ω–µ—è–≤–Ω–æ–π –ø–∞—Ä–∞
                                                  –ª–ª–µ–ª—å–Ω–æ–π —Ä–∞–∑–Ω–...

You may provide a definition with
\DeclareUnicodeCharacter 


! Package inputenc Error: Unicode character –ª (U+043B)
(inputenc)                not set up for use with LaTeX.

See the inputenc package documentation for explanation.
Type  H <return>  for immediate help.
 ...                                              
                                                  
l.7 ...å–∑–æ–≤–∞–Ω–∏–µ–º –Ω–µ—è–≤–Ω–æ–π –ø–∞—Ä–∞–ª
                                                  –ª–µ–ª—å–Ω–æ–π —Ä–∞–∑–Ω–æ—...

You may provide a definition with
\DeclareUnicodeCharacter 


! Package inputenc Error: Unicode character –ª (U+043B)
(inputenc)                not set up for use with LaTeX.

See the inputenc package documentation for explanation.
Type  H <return>  for immediate help.
 ...                                              
                                                  
l.7 ...∑–æ–≤–∞–Ω–∏–µ–º –Ω–µ—è–≤–Ω–æ–π –ø–∞—Ä–∞–ª–ª
                                                  –µ–ª—å–Ω–æ–π —Ä–∞–∑–Ω–æ—Å—...

You may provide a definition with
\DeclareUnicodeCharacter 


! Package inputenc Error: Unicode character –µ (U+0435)
(inputenc)                not set up for use with LaTeX.

See the inputenc package documentation for explanation.
Type  H <return>  for immediate help.
 ...                                              
                                                  
l.7 ...æ–≤–∞–Ω–∏–µ–º –Ω–µ—è–≤–Ω–æ–π –ø–∞—Ä–∞–ª–ª–µ
                                                  –ª—å–Ω–æ–π —Ä–∞–∑–Ω–æ—Å—Ç–...

You may provide a definition with
\DeclareUnicodeCharacter 


! Package inputenc Error: Unicode character –ª (U+043B)
(inputenc)                not set up for use with LaTeX.

See the inputenc package documentation for explanation.
Type  H <return>  for immediate help.
 ...                                              
                                                  
l.7 ...≤–∞–Ω–∏–µ–º –Ω–µ—è–≤–Ω–æ–π –ø–∞—Ä–∞–ª–ª–µ–ª
                                                  —å–Ω–æ–π —Ä–∞–∑–Ω–æ—Å—Ç–Ω–...

You may provide a definition with
\DeclareUnicodeCharacter 


! Package inputenc Error: Unicode character —å (U+044C)
(inputenc)                not set up for use with LaTeX.

See the inputenc package documentation for explanation.
Type  H <return>  for immediate help.
 ...                                              
                                                  
l.7 ...∞–Ω–∏–µ–º –Ω–µ—è–≤–Ω–æ–π –ø–∞—Ä–∞–ª–ª–µ–ª—å
                                                  –Ω–æ–π —Ä–∞–∑–Ω–æ—Å—Ç–Ω–æ–...

You may provide a definition with
\DeclareUnicodeCharacter 


! Package inputenc Error: Unicode character –Ω (U+043D)
(inputenc)                not set up for use with LaTeX.

See the inputenc package documentation for explanation.
Type  H <return>  for immediate help.
 ...                                              
                                                  
l.7 ...Ω–∏–µ–º –Ω–µ—è–≤–Ω–æ–π –ø–∞—Ä–∞–ª–ª–µ–ª—å–Ω
                                                  –æ–π —Ä–∞–∑–Ω–æ—Å—Ç–Ω–æ–π ...

You may provide a definition with
\DeclareUnicodeCharacter 


! Package inputenc Error: Unicode character –æ (U+043E)
(inputenc)                not set up for use with LaTeX.

See the inputenc package documentation for explanation.
Type  H <return>  for immediate help.
 ...                                              
                                                  
l.7 ...∏–µ–º –Ω–µ—è–≤–Ω–æ–π –ø–∞—Ä–∞–ª–ª–µ–ª—å–Ω–æ
                                                  –π —Ä–∞–∑–Ω–æ—Å—Ç–Ω–æ–π —Å...

You may provide a definition with
\DeclareUnicodeCharacter 


! Package inputenc Error: Unicode character –π (U+0439)
(inputenc)                not set up for use with LaTeX.

See the inputenc package documentation for explanation.
Type  H <return>  for immediate help.
 ...                                              
                                                  
l.7 ...µ–º –Ω–µ—è–≤–Ω–æ–π –ø–∞—Ä–∞–ª–ª–µ–ª—å–Ω–æ–π
                                                   —Ä–∞–∑–Ω–æ—Å—Ç–Ω–æ–π —Å—Ö...

You may provide a definition with
\DeclareUnicodeCharacter 


! Package inputenc Error: Unicode character —Ä (U+0440)
(inputenc)                not set up for use with LaTeX.

See the inputenc package documentation for explanation.
Type  H <return>  for immediate help.
 ...                                              
                                                  
l.7 ... –Ω–µ—è–≤–Ω–æ–π –ø–∞—Ä–∞–ª–ª–µ–ª—å–Ω–æ–π —Ä
                                                  –∞–∑–Ω–æ—Å—Ç–Ω–æ–π —Å—Ö–µ–...

You may provide a definition with
\DeclareUnicodeCharacter 


! Package inputenc Error: Unicode character –∞ (U+0430)
(inputenc)                not set up for use with LaTeX.

See the inputenc package documentation for explanation.
Type  H <return>  for immediate help.
 ...                                              
                                                  
l.7 ...Ω–µ—è–≤–Ω–æ–π –ø–∞—Ä–∞–ª–ª–µ–ª—å–Ω–æ–π —Ä–∞
                                                  –∑–Ω–æ—Å—Ç–Ω–æ–π —Å—Ö–µ–º–...

You may provide a definition with
\DeclareUnicodeCharacter 


! Package inputenc Error: Unicode character –∑ (U+0437)
(inputenc)                not set up for use with LaTeX.

See the inputenc package documentation for explanation.
Type  H <return>  for immediate help.
 ...                                              
                                                  
l.7 ...µ—è–≤–Ω–æ–π –ø–∞—Ä–∞–ª–ª–µ–ª—å–Ω–æ–π —Ä–∞–∑
                                                  –Ω–æ—Å—Ç–Ω–æ–π —Å—Ö–µ–º–æ–...

You may provide a definition with
\DeclareUnicodeCharacter 


! Package inputenc Error: Unicode character –Ω (U+043D)
(inputenc)                not set up for use with LaTeX.

See the inputenc package documentation for explanation.
Type  H <return>  for immediate help.
 ...                                              
                                                  
l.7 ...è–≤–Ω–æ–π –ø–∞—Ä–∞–ª–ª–µ–ª—å–Ω–æ–π —Ä–∞–∑–Ω
                                                  –æ—Å—Ç–Ω–æ–π —Å—Ö–µ–º–æ–π ...

You may provide a definition with
\DeclareUnicodeCharacter 


! Package inputenc Error: Unicode character –æ (U+043E)
(inputenc)                not set up for use with LaTeX.

See the inputenc package documentation for explanation.
Type  H <return>  for immediate help.
 ...                                              
                                                  
l.7 ...≤–Ω–æ–π –ø–∞—Ä–∞–ª–ª–µ–ª—å–Ω–æ–π —Ä–∞–∑–Ω–æ
                                                  —Å—Ç–Ω–æ–π —Å—Ö–µ–º–æ–π —Å...

You may provide a definition with
\DeclareUnicodeCharacter 


! Package inputenc Error: Unicode character —Å (U+0441)
(inputenc)                not set up for use with LaTeX.

See the inputenc package documentation for explanation.
Type  H <return>  for immediate help.
 ...                                              
                                                  
l.7 ...Ω–æ–π –ø–∞—Ä–∞–ª–ª–µ–ª—å–Ω–æ–π —Ä–∞–∑–Ω–æ—Å
                                                  —Ç–Ω–æ–π —Å—Ö–µ–º–æ–π —Å —...
(That makes 100 errors; please try again.) 
Here is how much of TeX's memory you used:
 37 strings out of 478994
 689 string characters out of 5859688
 283044 words of memory out of 5000000
 17623 multiletter control sequences out of 15000+600000
 403430 words of font info for 27 fonts, out of 8000000 for 9000
 1141 hyphenation exceptions out of 8191
 13i,1n,15p,316b,92s stack positions out of 5000i,500n,10000p,200000b,80000s

!  ==> Fatal error occurred, no output PDF file produced!
