This is pdfTeX, Version 3.141592653-2.6-1.40.22 (TeX Live 2021 - Flatpak) (preloaded format=pdflatex 2021.10.11)  24 APR 2022 20:46
entering extended mode
 restricted \write18 enabled.
 %&-line parsing enabled.
**cds_scheme.tex
(./cds_scheme.tex
LaTeX2e <2020-10-01> patch level 4
L3 programming layer <2021-02-18>
! Undefined control sequence.
l.1 \section
            {–†–∞–∑–Ω–æ—Å—Ç–Ω–∞—è —Å—Ö–µ–º–∞}
The control sequence at the end of the top line
of your error message was never \def'ed. If you have
misspelled it (e.g., `\hobx'), type `I' and the correct
spelling (e.g., `I\hbox'). Otherwise just continue,
and I'll forget about whatever was undefined.


! Package inputenc Error: Unicode character –† (U+0420)
(inputenc)                not set up for use with LaTeX.

See the inputenc package documentation for explanation.
Type  H <return>  for immediate help.
 ...                                              
                                                  
l.1 \section{–†
               –∞–∑–Ω–æ—Å—Ç–Ω–∞—è —Å—Ö–µ–º–∞}
You may provide a definition with
\DeclareUnicodeCharacter 


! Package inputenc Error: Unicode character –∞ (U+0430)
(inputenc)                not set up for use with LaTeX.

See the inputenc package documentation for explanation.
Type  H <return>  for immediate help.
 ...                                              
                                                  
l.1 \section{–†–∞
                 –∑–Ω–æ—Å—Ç–Ω–∞—è —Å—Ö–µ–º–∞}
You may provide a definition with
\DeclareUnicodeCharacter 


! Package inputenc Error: Unicode character –∑ (U+0437)
(inputenc)                not set up for use with LaTeX.

See the inputenc package documentation for explanation.
Type  H <return>  for immediate help.
 ...                                              
                                                  
l.1 \section{–†–∞–∑
                   –Ω–æ—Å—Ç–Ω–∞—è —Å—Ö–µ–º–∞}
You may provide a definition with
\DeclareUnicodeCharacter 


! Package inputenc Error: Unicode character –Ω (U+043D)
(inputenc)                not set up for use with LaTeX.

See the inputenc package documentation for explanation.
Type  H <return>  for immediate help.
 ...                                              
                                                  
l.1 \section{–†–∞–∑–Ω
                     –æ—Å—Ç–Ω–∞—è —Å—Ö–µ–º–∞}
You may provide a definition with
\DeclareUnicodeCharacter 


! Package inputenc Error: Unicode character –æ (U+043E)
(inputenc)                not set up for use with LaTeX.

See the inputenc package documentation for explanation.
Type  H <return>  for immediate help.
 ...                                              
                                                  
l.1 \section{–†–∞–∑–Ω–æ
                       —Å—Ç–Ω–∞—è —Å—Ö–µ–º–∞}
You may provide a definition with
\DeclareUnicodeCharacter 


! Package inputenc Error: Unicode character —Å (U+0441)
(inputenc)                not set up for use with LaTeX.

See the inputenc package documentation for explanation.
Type  H <return>  for immediate help.
 ...                                              
                                                  
l.1 \section{–†–∞–∑–Ω–æ—Å
                         —Ç–Ω–∞—è —Å—Ö–µ–º–∞}
You may provide a definition with
\DeclareUnicodeCharacter 


! Package inputenc Error: Unicode character —Ç (U+0442)
(inputenc)                not set up for use with LaTeX.

See the inputenc package documentation for explanation.
Type  H <return>  for immediate help.
 ...                                              
                                                  
l.1 \section{–†–∞–∑–Ω–æ—Å—Ç
                           –Ω–∞—è —Å—Ö–µ–º–∞}
You may provide a definition with
\DeclareUnicodeCharacter 


! Package inputenc Error: Unicode character –Ω (U+043D)
(inputenc)                not set up for use with LaTeX.

See the inputenc package documentation for explanation.
Type  H <return>  for immediate help.
 ...                                              
                                                  
l.1 \section{–†–∞–∑–Ω–æ—Å—Ç–Ω
                             –∞—è —Å—Ö–µ–º–∞}
You may provide a definition with
\DeclareUnicodeCharacter 


! Package inputenc Error: Unicode character –∞ (U+0430)
(inputenc)                not set up for use with LaTeX.

See the inputenc package documentation for explanation.
Type  H <return>  for immediate help.
 ...                                              
                                                  
l.1 \section{–†–∞–∑–Ω–æ—Å—Ç–Ω–∞
                               —è —Å—Ö–µ–º–∞}
You may provide a definition with
\DeclareUnicodeCharacter 


! Package inputenc Error: Unicode character —è (U+044F)
(inputenc)                not set up for use with LaTeX.

See the inputenc package documentation for explanation.
Type  H <return>  for immediate help.
 ...                                              
                                                  
l.1 \section{–†–∞–∑–Ω–æ—Å—Ç–Ω–∞—è
                                  —Å—Ö–µ–º–∞}
You may provide a definition with
\DeclareUnicodeCharacter 


! Package inputenc Error: Unicode character —Å (U+0441)
(inputenc)                not set up for use with LaTeX.

See the inputenc package documentation for explanation.
Type  H <return>  for immediate help.
 ...                                              
                                                  
l.1 \section{–†–∞–∑–Ω–æ—Å—Ç–Ω–∞—è —Å
                                    —Ö–µ–º–∞}
You may provide a definition with
\DeclareUnicodeCharacter 


! Package inputenc Error: Unicode character —Ö (U+0445)
(inputenc)                not set up for use with LaTeX.

See the inputenc package documentation for explanation.
Type  H <return>  for immediate help.
 ...                                              
                                                  
l.1 \section{–†–∞–∑–Ω–æ—Å—Ç–Ω–∞—è —Å—Ö
                                      –µ–º–∞}
You may provide a definition with
\DeclareUnicodeCharacter 


! Package inputenc Error: Unicode character –µ (U+0435)
(inputenc)                not set up for use with LaTeX.

See the inputenc package documentation for explanation.
Type  H <return>  for immediate help.
 ...                                              
                                                  
l.1 \section{–†–∞–∑–Ω–æ—Å—Ç–Ω–∞—è —Å—Ö–µ
                                        –º–∞}
You may provide a definition with
\DeclareUnicodeCharacter 


! Package inputenc Error: Unicode character –º (U+043C)
(inputenc)                not set up for use with LaTeX.

See the inputenc package documentation for explanation.
Type  H <return>  for immediate help.
 ...                                              
                                                  
l.1 \section{–†–∞–∑–Ω–æ—Å—Ç–Ω–∞—è —Å—Ö–µ–º
                                          –∞}
You may provide a definition with
\DeclareUnicodeCharacter 


! Package inputenc Error: Unicode character –∞ (U+0430)
(inputenc)                not set up for use with LaTeX.

See the inputenc package documentation for explanation.
Type  H <return>  for immediate help.
 ...                                              
                                                  
l.1 \section{–†–∞–∑–Ω–æ—Å—Ç–Ω–∞—è —Å—Ö–µ–º–∞
                                            }
You may provide a definition with
\DeclareUnicodeCharacter 

! Undefined control sequence.
l.2 \subsection
               {–û–ø–∏—Å–∞–Ω–∏–µ —Å—Ö–µ–º—ã}
The control sequence at the end of the top line
of your error message was never \def'ed. If you have
misspelled it (e.g., `\hobx'), type `I' and the correct
spelling (e.g., `I\hbox'). Otherwise just continue,
and I'll forget about whatever was undefined.


! Package inputenc Error: Unicode character –û (U+041E)
(inputenc)                not set up for use with LaTeX.

See the inputenc package documentation for explanation.
Type  H <return>  for immediate help.
 ...                                              
                                                  
l.2 \subsection{–û
                  –ø–∏—Å–∞–Ω–∏–µ —Å—Ö–µ–º—ã}
You may provide a definition with
\DeclareUnicodeCharacter 


! Package inputenc Error: Unicode character –ø (U+043F)
(inputenc)                not set up for use with LaTeX.

See the inputenc package documentation for explanation.
Type  H <return>  for immediate help.
 ...                                              
                                                  
l.2 \subsection{–û–ø
                    –∏—Å–∞–Ω–∏–µ —Å—Ö–µ–º—ã}
You may provide a definition with
\DeclareUnicodeCharacter 


! Package inputenc Error: Unicode character –∏ (U+0438)
(inputenc)                not set up for use with LaTeX.

See the inputenc package documentation for explanation.
Type  H <return>  for immediate help.
 ...                                              
                                                  
l.2 \subsection{–û–ø–∏
                      —Å–∞–Ω–∏–µ —Å—Ö–µ–º—ã}
You may provide a definition with
\DeclareUnicodeCharacter 


! Package inputenc Error: Unicode character —Å (U+0441)
(inputenc)                not set up for use with LaTeX.

See the inputenc package documentation for explanation.
Type  H <return>  for immediate help.
 ...                                              
                                                  
l.2 \subsection{–û–ø–∏—Å
                        –∞–Ω–∏–µ —Å—Ö–µ–º—ã}
You may provide a definition with
\DeclareUnicodeCharacter 


! Package inputenc Error: Unicode character –∞ (U+0430)
(inputenc)                not set up for use with LaTeX.

See the inputenc package documentation for explanation.
Type  H <return>  for immediate help.
 ...                                              
                                                  
l.2 \subsection{–û–ø–∏—Å–∞
                          –Ω–∏–µ —Å—Ö–µ–º—ã}
You may provide a definition with
\DeclareUnicodeCharacter 


! Package inputenc Error: Unicode character –Ω (U+043D)
(inputenc)                not set up for use with LaTeX.

See the inputenc package documentation for explanation.
Type  H <return>  for immediate help.
 ...                                              
                                                  
l.2 \subsection{–û–ø–∏—Å–∞–Ω
                            –∏–µ —Å—Ö–µ–º—ã}
You may provide a definition with
\DeclareUnicodeCharacter 


! Package inputenc Error: Unicode character –∏ (U+0438)
(inputenc)                not set up for use with LaTeX.

See the inputenc package documentation for explanation.
Type  H <return>  for immediate help.
 ...                                              
                                                  
l.2 \subsection{–û–ø–∏—Å–∞–Ω–∏
                              –µ —Å—Ö–µ–º—ã}
You may provide a definition with
\DeclareUnicodeCharacter 


! Package inputenc Error: Unicode character –µ (U+0435)
(inputenc)                not set up for use with LaTeX.

See the inputenc package documentation for explanation.
Type  H <return>  for immediate help.
 ...                                              
                                                  
l.2 \subsection{–û–ø–∏—Å–∞–Ω–∏–µ
                                 —Å—Ö–µ–º—ã}
You may provide a definition with
\DeclareUnicodeCharacter 


! Package inputenc Error: Unicode character —Å (U+0441)
(inputenc)                not set up for use with LaTeX.

See the inputenc package documentation for explanation.
Type  H <return>  for immediate help.
 ...                                              
                                                  
l.2 \subsection{–û–ø–∏—Å–∞–Ω–∏–µ —Å
                                   —Ö–µ–º—ã}
You may provide a definition with
\DeclareUnicodeCharacter 


! Package inputenc Error: Unicode character —Ö (U+0445)
(inputenc)                not set up for use with LaTeX.

See the inputenc package documentation for explanation.
Type  H <return>  for immediate help.
 ...                                              
                                                  
l.2 \subsection{–û–ø–∏—Å–∞–Ω–∏–µ —Å—Ö
                                     –µ–º—ã}
You may provide a definition with
\DeclareUnicodeCharacter 


! Package inputenc Error: Unicode character –µ (U+0435)
(inputenc)                not set up for use with LaTeX.

See the inputenc package documentation for explanation.
Type  H <return>  for immediate help.
 ...                                              
                                                  
l.2 \subsection{–û–ø–∏—Å–∞–Ω–∏–µ —Å—Ö–µ
                                       –º—ã}
You may provide a definition with
\DeclareUnicodeCharacter 


! Package inputenc Error: Unicode character –º (U+043C)
(inputenc)                not set up for use with LaTeX.

See the inputenc package documentation for explanation.
Type  H <return>  for immediate help.
 ...                                              
                                                  
l.2 \subsection{–û–ø–∏—Å–∞–Ω–∏–µ —Å—Ö–µ–º
                                         —ã}
You may provide a definition with
\DeclareUnicodeCharacter 


! Package inputenc Error: Unicode character —ã (U+044B)
(inputenc)                not set up for use with LaTeX.

See the inputenc package documentation for explanation.
Type  H <return>  for immediate help.
 ...                                              
                                                  
l.2 \subsection{–û–ø–∏—Å–∞–Ω–∏–µ —Å—Ö–µ–º—ã
                                           }
You may provide a definition with
\DeclareUnicodeCharacter 


! Package inputenc Error: Unicode character –î (U+0414)
(inputenc)                not set up for use with LaTeX.

See the inputenc package documentation for explanation.
Type  H <return>  for immediate help.
 ...                                              
                                                  
l.4 –î
      –ª—è –ø–æ–∏—Å–∫–∞ —á–∏—Å–ª–µ–Ω–Ω–æ–≥–æ —Ä–µ—à–µ–Ω–∏—è –∑–∞–¥–∞—á–∏ $(1...

You may provide a definition with
\DeclareUnicodeCharacter 


! Package inputenc Error: Unicode character –ª (U+043B)
(inputenc)                not set up for use with LaTeX.

See the inputenc package documentation for explanation.
Type  H <return>  for immediate help.
 ...                                              
                                                  
l.4 –î–ª
        —è –ø–æ–∏—Å–∫–∞ —á–∏—Å–ª–µ–Ω–Ω–æ–≥–æ —Ä–µ—à–µ–Ω–∏—è –∑–∞–¥–∞—á–∏ $(1...

You may provide a definition with
\DeclareUnicodeCharacter 


! Package inputenc Error: Unicode character —è (U+044F)
(inputenc)                not set up for use with LaTeX.

See the inputenc package documentation for explanation.
Type  H <return>  for immediate help.
 ...                                              
                                                  
l.4 –î–ª—è
           –ø–æ–∏—Å–∫–∞ —á–∏—Å–ª–µ–Ω–Ω–æ–≥–æ —Ä–µ—à–µ–Ω–∏—è –∑–∞–¥–∞—á–∏ $(1...

You may provide a definition with
\DeclareUnicodeCharacter 


! Package inputenc Error: Unicode character –ø (U+043F)
(inputenc)                not set up for use with LaTeX.

See the inputenc package documentation for explanation.
Type  H <return>  for immediate help.
 ...                                              
                                                  
l.4 –î–ª—è –ø
             –æ–∏—Å–∫–∞ —á–∏—Å–ª–µ–Ω–Ω–æ–≥–æ —Ä–µ—à–µ–Ω–∏—è –∑–∞–¥–∞—á–∏ $(1...

You may provide a definition with
\DeclareUnicodeCharacter 


! Package inputenc Error: Unicode character –æ (U+043E)
(inputenc)                not set up for use with LaTeX.

See the inputenc package documentation for explanation.
Type  H <return>  for immediate help.
 ...                                              
                                                  
l.4 –î–ª—è –ø–æ
               –∏—Å–∫–∞ —á–∏—Å–ª–µ–Ω–Ω–æ–≥–æ —Ä–µ—à–µ–Ω–∏—è –∑–∞–¥–∞—á–∏ $(1...

You may provide a definition with
\DeclareUnicodeCharacter 


! Package inputenc Error: Unicode character –∏ (U+0438)
(inputenc)                not set up for use with LaTeX.

See the inputenc package documentation for explanation.
Type  H <return>  for immediate help.
 ...                                              
                                                  
l.4 –î–ª—è –ø–æ–∏
                 —Å–∫–∞ —á–∏—Å–ª–µ–Ω–Ω–æ–≥–æ —Ä–µ—à–µ–Ω–∏—è –∑–∞–¥–∞—á–∏ $(1...

You may provide a definition with
\DeclareUnicodeCharacter 


! Package inputenc Error: Unicode character —Å (U+0441)
(inputenc)                not set up for use with LaTeX.

See the inputenc package documentation for explanation.
Type  H <return>  for immediate help.
 ...                                              
                                                  
l.4 –î–ª—è –ø–æ–∏—Å
                   –∫–∞ —á–∏—Å–ª–µ–Ω–Ω–æ–≥–æ —Ä–µ—à–µ–Ω–∏—è –∑–∞–¥–∞—á–∏ $(1...

You may provide a definition with
\DeclareUnicodeCharacter 


! Package inputenc Error: Unicode character –∫ (U+043A)
(inputenc)                not set up for use with LaTeX.

See the inputenc package documentation for explanation.
Type  H <return>  for immediate help.
 ...                                              
                                                  
l.4 –î–ª—è –ø–æ–∏—Å–∫
                     –∞ —á–∏—Å–ª–µ–Ω–Ω–æ–≥–æ —Ä–µ—à–µ–Ω–∏—è –∑–∞–¥–∞—á–∏ $(1...

You may provide a definition with
\DeclareUnicodeCharacter 


! Package inputenc Error: Unicode character –∞ (U+0430)
(inputenc)                not set up for use with LaTeX.

See the inputenc package documentation for explanation.
Type  H <return>  for immediate help.
 ...                                              
                                                  
l.4 –î–ª—è –ø–æ–∏—Å–∫–∞
                        —á–∏—Å–ª–µ–Ω–Ω–æ–≥–æ —Ä–µ—à–µ–Ω–∏—è –∑–∞–¥–∞—á–∏ $(1...

You may provide a definition with
\DeclareUnicodeCharacter 


! Package inputenc Error: Unicode character —á (U+0447)
(inputenc)                not set up for use with LaTeX.

See the inputenc package documentation for explanation.
Type  H <return>  for immediate help.
 ...                                              
                                                  
l.4 –î–ª—è –ø–æ–∏—Å–∫–∞ —á
                          –∏—Å–ª–µ–Ω–Ω–æ–≥–æ —Ä–µ—à–µ–Ω–∏—è –∑–∞–¥–∞—á–∏ $(1...

You may provide a definition with
\DeclareUnicodeCharacter 


! Package inputenc Error: Unicode character –∏ (U+0438)
(inputenc)                not set up for use with LaTeX.

See the inputenc package documentation for explanation.
Type  H <return>  for immediate help.
 ...                                              
                                                  
l.4 –î–ª—è –ø–æ–∏—Å–∫–∞ —á–∏
                            —Å–ª–µ–Ω–Ω–æ–≥–æ —Ä–µ—à–µ–Ω–∏—è –∑–∞–¥–∞—á–∏ $(1...

You may provide a definition with
\DeclareUnicodeCharacter 


! Package inputenc Error: Unicode character —Å (U+0441)
(inputenc)                not set up for use with LaTeX.

See the inputenc package documentation for explanation.
Type  H <return>  for immediate help.
 ...                                              
                                                  
l.4 –î–ª—è –ø–æ–∏—Å–∫–∞ —á–∏—Å
                              –ª–µ–Ω–Ω–æ–≥–æ —Ä–µ—à–µ–Ω–∏—è –∑–∞–¥–∞—á–∏ $(1...

You may provide a definition with
\DeclareUnicodeCharacter 


! Package inputenc Error: Unicode character –ª (U+043B)
(inputenc)                not set up for use with LaTeX.

See the inputenc package documentation for explanation.
Type  H <return>  for immediate help.
 ...                                              
                                                  
l.4 –î–ª—è –ø–æ–∏—Å–∫–∞ —á–∏—Å–ª
                                –µ–Ω–Ω–æ–≥–æ —Ä–µ—à–µ–Ω–∏—è –∑–∞–¥–∞—á–∏ $(1...

You may provide a definition with
\DeclareUnicodeCharacter 


! Package inputenc Error: Unicode character –µ (U+0435)
(inputenc)                not set up for use with LaTeX.

See the inputenc package documentation for explanation.
Type  H <return>  for immediate help.
 ...                                              
                                                  
l.4 –î–ª—è –ø–æ–∏—Å–∫–∞ —á–∏—Å–ª–µ
                                  –Ω–Ω–æ–≥–æ —Ä–µ—à–µ–Ω–∏—è –∑–∞–¥–∞—á–∏ $(1...

You may provide a definition with
\DeclareUnicodeCharacter 


! Package inputenc Error: Unicode character –Ω (U+043D)
(inputenc)                not set up for use with LaTeX.

See the inputenc package documentation for explanation.
Type  H <return>  for immediate help.
 ...                                              
                                                  
l.4 –î–ª—è –ø–æ–∏—Å–∫–∞ —á–∏—Å–ª–µ–Ω
                                    –Ω–æ–≥–æ —Ä–µ—à–µ–Ω–∏—è –∑–∞–¥–∞—á–∏ $(1...

You may provide a definition with
\DeclareUnicodeCharacter 


! Package inputenc Error: Unicode character –Ω (U+043D)
(inputenc)                not set up for use with LaTeX.

See the inputenc package documentation for explanation.
Type  H <return>  for immediate help.
 ...                                              
                                                  
l.4 –î–ª—è –ø–æ–∏—Å–∫–∞ —á–∏—Å–ª–µ–Ω–Ω
                                      –æ–≥–æ —Ä–µ—à–µ–Ω–∏—è –∑–∞–¥–∞—á–∏ $(1...

You may provide a definition with
\DeclareUnicodeCharacter 


! Package inputenc Error: Unicode character –æ (U+043E)
(inputenc)                not set up for use with LaTeX.

See the inputenc package documentation for explanation.
Type  H <return>  for immediate help.
 ...                                              
                                                  
l.4 –î–ª—è –ø–æ–∏—Å–∫–∞ —á–∏—Å–ª–µ–Ω–Ω–æ
                                        –≥–æ —Ä–µ—à–µ–Ω–∏—è –∑–∞–¥–∞—á–∏ $(1...

You may provide a definition with
\DeclareUnicodeCharacter 


! Package inputenc Error: Unicode character –≥ (U+0433)
(inputenc)                not set up for use with LaTeX.

See the inputenc package documentation for explanation.
Type  H <return>  for immediate help.
 ...                                              
                                                  
l.4 –î–ª—è –ø–æ–∏—Å–∫–∞ —á–∏—Å–ª–µ–Ω–Ω–æ–≥
                                          –æ —Ä–µ—à–µ–Ω–∏—è –∑–∞–¥–∞—á–∏ $(1...

You may provide a definition with
\DeclareUnicodeCharacter 


! Package inputenc Error: Unicode character –æ (U+043E)
(inputenc)                not set up for use with LaTeX.

See the inputenc package documentation for explanation.
Type  H <return>  for immediate help.
 ...                                              
                                                  
l.4 –î–ª—è –ø–æ–∏—Å–∫–∞ —á–∏—Å–ª–µ–Ω–Ω–æ–≥–æ
                                             —Ä–µ—à–µ–Ω–∏—è –∑–∞–¥–∞—á–∏ $(1...

You may provide a definition with
\DeclareUnicodeCharacter 


! Package inputenc Error: Unicode character —Ä (U+0440)
(inputenc)                not set up for use with LaTeX.

See the inputenc package documentation for explanation.
Type  H <return>  for immediate help.
 ...                                              
                                                  
l.4 –î–ª—è –ø–æ–∏—Å–∫–∞ —á–∏—Å–ª–µ–Ω–Ω–æ–≥–æ —Ä
                                               –µ—à–µ–Ω–∏—è –∑–∞–¥–∞—á–∏ $(1...

You may provide a definition with
\DeclareUnicodeCharacter 


! Package inputenc Error: Unicode character –µ (U+0435)
(inputenc)                not set up for use with LaTeX.

See the inputenc package documentation for explanation.
Type  H <return>  for immediate help.
 ...                                              
                                                  
l.4 –î–ª—è –ø–æ–∏—Å–∫–∞ —á–∏—Å–ª–µ–Ω–Ω–æ–≥–æ —Ä–µ
                                                 —à–µ–Ω–∏—è –∑–∞–¥–∞—á–∏ $(1...

You may provide a definition with
\DeclareUnicodeCharacter 


! Package inputenc Error: Unicode character —à (U+0448)
(inputenc)                not set up for use with LaTeX.

See the inputenc package documentation for explanation.
Type  H <return>  for immediate help.
 ...                                              
                                                  
l.4 ...—è –ø–æ–∏—Å–∫–∞ —á–∏—Å–ª–µ–Ω–Ω–æ–≥–æ —Ä–µ—à
                                                  –µ–Ω–∏—è –∑–∞–¥–∞—á–∏ $(1)...

You may provide a definition with
\DeclareUnicodeCharacter 


! Package inputenc Error: Unicode character –µ (U+0435)
(inputenc)                not set up for use with LaTeX.

See the inputenc package documentation for explanation.
Type  H <return>  for immediate help.
 ...                                              
                                                  
l.4 ... –ø–æ–∏—Å–∫–∞ —á–∏—Å–ª–µ–Ω–Ω–æ–≥–æ —Ä–µ—à–µ
                                                  –Ω–∏—è –∑–∞–¥–∞—á–∏ $(1)$ ...

You may provide a definition with
\DeclareUnicodeCharacter 


! Package inputenc Error: Unicode character –Ω (U+043D)
(inputenc)                not set up for use with LaTeX.

See the inputenc package documentation for explanation.
Type  H <return>  for immediate help.
 ...                                              
                                                  
l.4 ...ø–æ–∏—Å–∫–∞ —á–∏—Å–ª–µ–Ω–Ω–æ–≥–æ —Ä–µ—à–µ–Ω
                                                  –∏—è –∑–∞–¥–∞—á–∏ $(1)$ –º...

You may provide a definition with
\DeclareUnicodeCharacter 


! Package inputenc Error: Unicode character –∏ (U+0438)
(inputenc)                not set up for use with LaTeX.

See the inputenc package documentation for explanation.
Type  H <return>  for immediate help.
 ...                                              
                                                  
l.4 ...æ–∏—Å–∫–∞ —á–∏—Å–ª–µ–Ω–Ω–æ–≥–æ —Ä–µ—à–µ–Ω–∏
                                                  —è –∑–∞–¥–∞—á–∏ $(1)$ –º–æ...

You may provide a definition with
\DeclareUnicodeCharacter 


! Package inputenc Error: Unicode character —è (U+044F)
(inputenc)                not set up for use with LaTeX.

See the inputenc package documentation for explanation.
Type  H <return>  for immediate help.
 ...                                              
                                                  
l.4 ...∏—Å–∫–∞ —á–∏—Å–ª–µ–Ω–Ω–æ–≥–æ —Ä–µ—à–µ–Ω–∏—è
                                                   –∑–∞–¥–∞—á–∏ $(1)$ –º–æ–∂...

You may provide a definition with
\DeclareUnicodeCharacter 


! Package inputenc Error: Unicode character –∑ (U+0437)
(inputenc)                not set up for use with LaTeX.

See the inputenc package documentation for explanation.
Type  H <return>  for immediate help.
 ...                                              
                                                  
l.4 ...–∫–∞ —á–∏—Å–ª–µ–Ω–Ω–æ–≥–æ —Ä–µ—à–µ–Ω–∏—è –∑
                                                  –∞–¥–∞—á–∏ $(1)$ –º–æ–∂–Ω–...

You may provide a definition with
\DeclareUnicodeCharacter 


! Package inputenc Error: Unicode character –∞ (U+0430)
(inputenc)                not set up for use with LaTeX.

See the inputenc package documentation for explanation.
Type  H <return>  for immediate help.
 ...                                              
                                                  
l.4 ...–∞ —á–∏—Å–ª–µ–Ω–Ω–æ–≥–æ —Ä–µ—à–µ–Ω–∏—è –∑–∞
                                                  –¥–∞—á–∏ $(1)$ –º–æ–∂–Ω–æ ...

You may provide a definition with
\DeclareUnicodeCharacter 


! Package inputenc Error: Unicode character –¥ (U+0434)
(inputenc)                not set up for use with LaTeX.

See the inputenc package documentation for explanation.
Type  H <return>  for immediate help.
 ...                                              
                                                  
l.4 ... —á–∏—Å–ª–µ–Ω–Ω–æ–≥–æ —Ä–µ—à–µ–Ω–∏—è –∑–∞–¥
                                                  –∞—á–∏ $(1)$ –º–æ–∂–Ω–æ –∏...

You may provide a definition with
\DeclareUnicodeCharacter 


! Package inputenc Error: Unicode character –∞ (U+0430)
(inputenc)                not set up for use with LaTeX.

See the inputenc package documentation for explanation.
Type  H <return>  for immediate help.
 ...                                              
                                                  
l.4 ...á–∏—Å–ª–µ–Ω–Ω–æ–≥–æ —Ä–µ—à–µ–Ω–∏—è –∑–∞–¥–∞
                                                  —á–∏ $(1)$ –º–æ–∂–Ω–æ –∏—Å...

You may provide a definition with
\DeclareUnicodeCharacter 


! Package inputenc Error: Unicode character —á (U+0447)
(inputenc)                not set up for use with LaTeX.

See the inputenc package documentation for explanation.
Type  H <return>  for immediate help.
 ...                                              
                                                  
l.4 ...∏—Å–ª–µ–Ω–Ω–æ–≥–æ —Ä–µ—à–µ–Ω–∏—è –∑–∞–¥–∞—á
                                                  –∏ $(1)$ –º–æ–∂–Ω–æ –∏—Å–ø...

You may provide a definition with
\DeclareUnicodeCharacter 


! Package inputenc Error: Unicode character –∏ (U+0438)
(inputenc)                not set up for use with LaTeX.

See the inputenc package documentation for explanation.
Type  H <return>  for immediate help.
 ...                                              
                                                  
l.4 ...Å–ª–µ–Ω–Ω–æ–≥–æ —Ä–µ—à–µ–Ω–∏—è –∑–∞–¥–∞—á–∏
                                                   $(1)$ –º–æ–∂–Ω–æ –∏—Å–ø–æ...

You may provide a definition with
\DeclareUnicodeCharacter 


! LaTeX Error: Missing \begin{document}.

See the LaTeX manual or LaTeX Companion for explanation.
Type  H <return>  for immediate help.
 ...                                              
                                                  
l.4 ...ª–µ–Ω–Ω–æ–≥–æ —Ä–µ—à–µ–Ω–∏—è –∑–∞–¥–∞—á–∏ $
                                                  (1)$ –º–æ–∂–Ω–æ –∏—Å–ø–æ–ª...

You're in trouble here.  Try typing  <return>  to proceed.
If that doesn't work, type  X <return>  to quit.

LaTeX Font Info:    External font `cmex10' loaded for size
(Font)              <7> on input line 4.
LaTeX Font Info:    External font `cmex10' loaded for size
(Font)              <5> on input line 4.

! Package inputenc Error: Unicode character –º (U+043C)
(inputenc)                not set up for use with LaTeX.

See the inputenc package documentation for explanation.
Type  H <return>  for immediate help.
 ...                                              
                                                  
l.4 ...–æ–≥–æ —Ä–µ—à–µ–Ω–∏—è –∑–∞–¥–∞—á–∏ $(1)$ –º
                                                  –æ–∂–Ω–æ –∏—Å–ø–æ–ª—å–∑–æ–...

You may provide a definition with
\DeclareUnicodeCharacter 


! Package inputenc Error: Unicode character –æ (U+043E)
(inputenc)                not set up for use with LaTeX.

See the inputenc package documentation for explanation.
Type  H <return>  for immediate help.
 ...                                              
                                                  
l.4 ...–≥–æ —Ä–µ—à–µ–Ω–∏—è –∑–∞–¥–∞—á–∏ $(1)$ –º–æ
                                                  –∂–Ω–æ –∏—Å–ø–æ–ª—å–∑–æ–≤–...

You may provide a definition with
\DeclareUnicodeCharacter 


! Package inputenc Error: Unicode character –∂ (U+0436)
(inputenc)                not set up for use with LaTeX.

See the inputenc package documentation for explanation.
Type  H <return>  for immediate help.
 ...                                              
                                                  
l.4 ...–æ —Ä–µ—à–µ–Ω–∏—è –∑–∞–¥–∞—á–∏ $(1)$ –º–æ–∂
                                                  –Ω–æ –∏—Å–ø–æ–ª—å–∑–æ–≤–∞—...

You may provide a definition with
\DeclareUnicodeCharacter 


! Package inputenc Error: Unicode character –Ω (U+043D)
(inputenc)                not set up for use with LaTeX.

See the inputenc package documentation for explanation.
Type  H <return>  for immediate help.
 ...                                              
                                                  
l.4 ... —Ä–µ—à–µ–Ω–∏—è –∑–∞–¥–∞—á–∏ $(1)$ –º–æ–∂–Ω
                                                  –æ –∏—Å–ø–æ–ª—å–∑–æ–≤–∞—Ç—...

You may provide a definition with
\DeclareUnicodeCharacter 


! Package inputenc Error: Unicode character –æ (U+043E)
(inputenc)                not set up for use with LaTeX.

See the inputenc package documentation for explanation.
Type  H <return>  for immediate help.
 ...                                              
                                                  
l.4 ...Ä–µ—à–µ–Ω–∏—è –∑–∞–¥–∞—á–∏ $(1)$ –º–æ–∂–Ω–æ
                                                   –∏—Å–ø–æ–ª—å–∑–æ–≤–∞—Ç—å ...

You may provide a definition with
\DeclareUnicodeCharacter 


! Package inputenc Error: Unicode character –∏ (U+0438)
(inputenc)                not set up for use with LaTeX.

See the inputenc package documentation for explanation.
Type  H <return>  for immediate help.
 ...                                              
                                                  
l.4 ...—à–µ–Ω–∏—è –∑–∞–¥–∞—á–∏ $(1)$ –º–æ–∂–Ω–æ –∏
                                                  —Å–ø–æ–ª—å–∑–æ–≤–∞—Ç—å —Ä–...

You may provide a definition with
\DeclareUnicodeCharacter 


! Package inputenc Error: Unicode character —Å (U+0441)
(inputenc)                not set up for use with LaTeX.

See the inputenc package documentation for explanation.
Type  H <return>  for immediate help.
 ...                                              
                                                  
l.4 ...–µ–Ω–∏—è –∑–∞–¥–∞—á–∏ $(1)$ –º–æ–∂–Ω–æ –∏—Å
                                                  –ø–æ–ª—å–∑–æ–≤–∞—Ç—å —Ä–∞–...

You may provide a definition with
\DeclareUnicodeCharacter 


! Package inputenc Error: Unicode character –ø (U+043F)
(inputenc)                not set up for use with LaTeX.

See the inputenc package documentation for explanation.
Type  H <return>  for immediate help.
 ...                                              
                                                  
l.4 ...–Ω–∏—è –∑–∞–¥–∞—á–∏ $(1)$ –º–æ–∂–Ω–æ –∏—Å–ø
                                                  –æ–ª—å–∑–æ–≤–∞—Ç—å —Ä–∞–∑–...

You may provide a definition with
\DeclareUnicodeCharacter 


! Package inputenc Error: Unicode character –æ (U+043E)
(inputenc)                not set up for use with LaTeX.

See the inputenc package documentation for explanation.
Type  H <return>  for immediate help.
 ...                                              
                                                  
l.4 ...–∏—è –∑–∞–¥–∞—á–∏ $(1)$ –º–æ–∂–Ω–æ –∏—Å–ø–æ
                                                  –ª—å–∑–æ–≤–∞—Ç—å —Ä–∞–∑–Ω–...

You may provide a definition with
\DeclareUnicodeCharacter 


! Package inputenc Error: Unicode character –ª (U+043B)
(inputenc)                not set up for use with LaTeX.

See the inputenc package documentation for explanation.
Type  H <return>  for immediate help.
 ...                                              
                                                  
l.4 ...—è –∑–∞–¥–∞—á–∏ $(1)$ –º–æ–∂–Ω–æ –∏—Å–ø–æ–ª
                                                  —å–∑–æ–≤–∞—Ç—å —Ä–∞–∑–Ω–æ—...

You may provide a definition with
\DeclareUnicodeCharacter 


! Package inputenc Error: Unicode character —å (U+044C)
(inputenc)                not set up for use with LaTeX.

See the inputenc package documentation for explanation.
Type  H <return>  for immediate help.
 ...                                              
                                                  
l.4 ... –∑–∞–¥–∞—á–∏ $(1)$ –º–æ–∂–Ω–æ –∏—Å–ø–æ–ª—å
                                                  –∑–æ–≤–∞—Ç—å —Ä–∞–∑–Ω–æ—Å—...

You may provide a definition with
\DeclareUnicodeCharacter 


! Package inputenc Error: Unicode character –∑ (U+0437)
(inputenc)                not set up for use with LaTeX.

See the inputenc package documentation for explanation.
Type  H <return>  for immediate help.
 ...                                              
                                                  
l.4 ...∑–∞–¥–∞—á–∏ $(1)$ –º–æ–∂–Ω–æ –∏—Å–ø–æ–ª—å–∑
                                                  –æ–≤–∞—Ç—å —Ä–∞–∑–Ω–æ—Å—Ç–...

You may provide a definition with
\DeclareUnicodeCharacter 


! Package inputenc Error: Unicode character –æ (U+043E)
(inputenc)                not set up for use with LaTeX.

See the inputenc package documentation for explanation.
Type  H <return>  for immediate help.
 ...                                              
                                                  
l.4 ...∞–¥–∞—á–∏ $(1)$ –º–æ–∂–Ω–æ –∏—Å–ø–æ–ª—å–∑–æ
                                                  –≤–∞—Ç—å —Ä–∞–∑–Ω–æ—Å—Ç–Ω—...

You may provide a definition with
\DeclareUnicodeCharacter 


! Package inputenc Error: Unicode character –≤ (U+0432)
(inputenc)                not set up for use with LaTeX.

See the inputenc package documentation for explanation.
Type  H <return>  for immediate help.
 ...                                              
                                                  
l.4 ...¥–∞—á–∏ $(1)$ –º–æ–∂–Ω–æ –∏—Å–ø–æ–ª—å–∑–æ–≤
                                                  –∞—Ç—å —Ä–∞–∑–Ω–æ—Å—Ç–Ω—É—...

You may provide a definition with
\DeclareUnicodeCharacter 


! Package inputenc Error: Unicode character –∞ (U+0430)
(inputenc)                not set up for use with LaTeX.

See the inputenc package documentation for explanation.
Type  H <return>  for immediate help.
 ...                                              
                                                  
l.4 ...∞—á–∏ $(1)$ –º–æ–∂–Ω–æ –∏—Å–ø–æ–ª—å–∑–æ–≤–∞
                                                  —Ç—å —Ä–∞–∑–Ω–æ—Å—Ç–Ω—É—é ...

You may provide a definition with
\DeclareUnicodeCharacter 


! Package inputenc Error: Unicode character —Ç (U+0442)
(inputenc)                not set up for use with LaTeX.

See the inputenc package documentation for explanation.
Type  H <return>  for immediate help.
 ...                                              
                                                  
l.4 ...á–∏ $(1)$ –º–æ–∂–Ω–æ –∏—Å–ø–æ–ª—å–∑–æ–≤–∞—Ç
                                                  —å —Ä–∞–∑–Ω–æ—Å—Ç–Ω—É—é —Å...

You may provide a definition with
\DeclareUnicodeCharacter 


! Package inputenc Error: Unicode character —å (U+044C)
(inputenc)                not set up for use with LaTeX.

See the inputenc package documentation for explanation.
Type  H <return>  for immediate help.
 ...                                              
                                                  
l.4 ...∏ $(1)$ –º–æ–∂–Ω–æ –∏—Å–ø–æ–ª—å–∑–æ–≤–∞—Ç—å
                                                   —Ä–∞–∑–Ω–æ—Å—Ç–Ω—É—é —Å—Ö...

You may provide a definition with
\DeclareUnicodeCharacter 


! Package inputenc Error: Unicode character —Ä (U+0440)
(inputenc)                not set up for use with LaTeX.

See the inputenc package documentation for explanation.
Type  H <return>  for immediate help.
 ...                                              
                                                  
l.4 ...(1)$ –º–æ–∂–Ω–æ –∏—Å–ø–æ–ª—å–∑–æ–≤–∞—Ç—å —Ä
                                                  –∞–∑–Ω–æ—Å—Ç–Ω—É—é —Å—Ö–µ–...

You may provide a definition with
\DeclareUnicodeCharacter 


! Package inputenc Error: Unicode character –∞ (U+0430)
(inputenc)                not set up for use with LaTeX.

See the inputenc package documentation for explanation.
Type  H <return>  for immediate help.
 ...                                              
                                                  
l.4 ...)$ –º–æ–∂–Ω–æ –∏—Å–ø–æ–ª—å–∑–æ–≤–∞—Ç—å —Ä–∞
                                                  –∑–Ω–æ—Å—Ç–Ω—É—é —Å—Ö–µ–º—...

You may provide a definition with
\DeclareUnicodeCharacter 


! Package inputenc Error: Unicode character –∑ (U+0437)
(inputenc)                not set up for use with LaTeX.

See the inputenc package documentation for explanation.
Type  H <return>  for immediate help.
 ...                                              
                                                  
l.4 ... –º–æ–∂–Ω–æ –∏—Å–ø–æ–ª—å–∑–æ–≤–∞—Ç—å —Ä–∞–∑
                                                  –Ω–æ—Å—Ç–Ω—É—é —Å—Ö–µ–º—É,...

You may provide a definition with
\DeclareUnicodeCharacter 


! Package inputenc Error: Unicode character –Ω (U+043D)
(inputenc)                not set up for use with LaTeX.

See the inputenc package documentation for explanation.
Type  H <return>  for immediate help.
 ...                                              
                                                  
l.4 ...º–æ–∂–Ω–æ –∏—Å–ø–æ–ª—å–∑–æ–≤–∞—Ç—å —Ä–∞–∑–Ω
                                                  –æ—Å—Ç–Ω—É—é —Å—Ö–µ–º—É, –...

You may provide a definition with
\DeclareUnicodeCharacter 


! Package inputenc Error: Unicode character –æ (U+043E)
(inputenc)                not set up for use with LaTeX.

See the inputenc package documentation for explanation.
Type  H <return>  for immediate help.
 ...                                              
                                                  
l.4 ...æ–∂–Ω–æ –∏—Å–ø–æ–ª—å–∑–æ–≤–∞—Ç—å —Ä–∞–∑–Ω–æ
                                                  —Å—Ç–Ω—É—é —Å—Ö–µ–º—É, –≤ ...

You may provide a definition with
\DeclareUnicodeCharacter 


! Package inputenc Error: Unicode character —Å (U+0441)
(inputenc)                not set up for use with LaTeX.

See the inputenc package documentation for explanation.
Type  H <return>  for immediate help.
 ...                                              
                                                  
l.4 ...∂–Ω–æ –∏—Å–ø–æ–ª—å–∑–æ–≤–∞—Ç—å —Ä–∞–∑–Ω–æ—Å
                                                  —Ç–Ω—É—é —Å—Ö–µ–º—É, –≤ –∫...

You may provide a definition with
\DeclareUnicodeCharacter 


! Package inputenc Error: Unicode character —Ç (U+0442)
(inputenc)                not set up for use with LaTeX.

See the inputenc package documentation for explanation.
Type  H <return>  for immediate help.
 ...                                              
                                                  
l.4 ...Ω–æ –∏—Å–ø–æ–ª—å–∑–æ–≤–∞—Ç—å —Ä–∞–∑–Ω–æ—Å—Ç
                                                  –Ω—É—é —Å—Ö–µ–º—É, –≤ –∫–æ...

You may provide a definition with
\DeclareUnicodeCharacter 


! Package inputenc Error: Unicode character –Ω (U+043D)
(inputenc)                not set up for use with LaTeX.

See the inputenc package documentation for explanation.
Type  H <return>  for immediate help.
 ...                                              
                                                  
l.4 ...æ –∏—Å–ø–æ–ª—å–∑–æ–≤–∞—Ç—å —Ä–∞–∑–Ω–æ—Å—Ç–Ω
                                                  —É—é —Å—Ö–µ–º—É, –≤ –∫–æ—Ç...

You may provide a definition with
\DeclareUnicodeCharacter 


! Package inputenc Error: Unicode character —É (U+0443)
(inputenc)                not set up for use with LaTeX.

See the inputenc package documentation for explanation.
Type  H <return>  for immediate help.
 ...                                              
                                                  
l.4 ...–∏—Å–ø–æ–ª—å–∑–æ–≤–∞—Ç—å —Ä–∞–∑–Ω–æ—Å—Ç–Ω—É
                                                  —é —Å—Ö–µ–º—É, –≤ –∫–æ—Ç–æ...

You may provide a definition with
\DeclareUnicodeCharacter 


! Package inputenc Error: Unicode character —é (U+044E)
(inputenc)                not set up for use with LaTeX.

See the inputenc package documentation for explanation.
Type  H <return>  for immediate help.
 ...                                              
                                                  
l.4 ...—Å–ø–æ–ª—å–∑–æ–≤–∞—Ç—å —Ä–∞–∑–Ω–æ—Å—Ç–Ω—É—é
                                                   —Å—Ö–µ–º—É, –≤ –∫–æ—Ç–æ—Ä...

You may provide a definition with
\DeclareUnicodeCharacter 


! Package inputenc Error: Unicode character —Å (U+0441)
(inputenc)                not set up for use with LaTeX.

See the inputenc package documentation for explanation.
Type  H <return>  for immediate help.
 ...                                              
                                                  
l.4 ...ø–æ–ª—å–∑–æ–≤–∞—Ç—å —Ä–∞–∑–Ω–æ—Å—Ç–Ω—É—é —Å
                                                  —Ö–µ–º—É, –≤ –∫–æ—Ç–æ—Ä–æ–...

You may provide a definition with
\DeclareUnicodeCharacter 


! Package inputenc Error: Unicode character —Ö (U+0445)
(inputenc)                not set up for use with LaTeX.

See the inputenc package documentation for explanation.
Type  H <return>  for immediate help.
 ...                                              
                                                  
l.4 ...æ–ª—å–∑–æ–≤–∞—Ç—å —Ä–∞–∑–Ω–æ—Å—Ç–Ω—É—é —Å—Ö
                                                  –µ–º—É, –≤ –∫–æ—Ç–æ—Ä–æ–π ...

You may provide a definition with
\DeclareUnicodeCharacter 


! Package inputenc Error: Unicode character –µ (U+0435)
(inputenc)                not set up for use with LaTeX.

See the inputenc package documentation for explanation.
Type  H <return>  for immediate help.
 ...                                              
                                                  
l.4 ...ª—å–∑–æ–≤–∞—Ç—å —Ä–∞–∑–Ω–æ—Å—Ç–Ω—É—é —Å—Ö–µ
                                                  –º—É, –≤ –∫–æ—Ç–æ—Ä–æ–π –ø...

You may provide a definition with
\DeclareUnicodeCharacter 


! Package inputenc Error: Unicode character –º (U+043C)
(inputenc)                not set up for use with LaTeX.

See the inputenc package documentation for explanation.
Type  H <return>  for immediate help.
 ...                                              
                                                  
l.4 ...å–∑–æ–≤–∞—Ç—å —Ä–∞–∑–Ω–æ—Å—Ç–Ω—É—é —Å—Ö–µ–º
                                                  —É, –≤ –∫–æ—Ç–æ—Ä–æ–π –ø—Ä...

You may provide a definition with
\DeclareUnicodeCharacter 


! Package inputenc Error: Unicode character —É (U+0443)
(inputenc)                not set up for use with LaTeX.

See the inputenc package documentation for explanation.
Type  H <return>  for immediate help.
 ...                                              
                                                  
l.4 ...∑–æ–≤–∞—Ç—å —Ä–∞–∑–Ω–æ—Å—Ç–Ω—É—é —Å—Ö–µ–º—É
                                                  , –≤ –∫–æ—Ç–æ—Ä–æ–π –ø—Ä–∏...

You may provide a definition with
\DeclareUnicodeCharacter 

Missing character: There is no , in font nullfont!

! Package inputenc Error: Unicode character –≤ (U+0432)
(inputenc)                not set up for use with LaTeX.

See the inputenc package documentation for explanation.
Type  H <return>  for immediate help.
 ...                                              
                                                  
l.4 ...≤–∞—Ç—å —Ä–∞–∑–Ω–æ—Å—Ç–Ω—É—é —Å—Ö–µ–º—É, –≤
                                                   –∫–æ—Ç–æ—Ä–æ–π –ø—Ä–∏ –∞–...

You may provide a definition with
\DeclareUnicodeCharacter 


! Package inputenc Error: Unicode character –∫ (U+043A)
(inputenc)                not set up for use with LaTeX.

See the inputenc package documentation for explanation.
Type  H <return>  for immediate help.
 ...                                              
                                                  
l.4 ...—Ç—å —Ä–∞–∑–Ω–æ—Å—Ç–Ω—É—é —Å—Ö–µ–º—É, –≤ –∫
                                                  –æ—Ç–æ—Ä–æ–π –ø—Ä–∏ –∞–ø—Ä...

You may provide a definition with
\DeclareUnicodeCharacter 


! Package inputenc Error: Unicode character –æ (U+043E)
(inputenc)                not set up for use with LaTeX.

See the inputenc package documentation for explanation.
Type  H <return>  for immediate help.
 ...                                              
                                                  
l.4 ...—å —Ä–∞–∑–Ω–æ—Å—Ç–Ω—É—é —Å—Ö–µ–º—É, –≤ –∫–æ
                                                  —Ç–æ—Ä–æ–π –ø—Ä–∏ –∞–ø—Ä–æ...

You may provide a definition with
\DeclareUnicodeCharacter 


! Package inputenc Error: Unicode character —Ç (U+0442)
(inputenc)                not set up for use with LaTeX.

See the inputenc package documentation for explanation.
Type  H <return>  for immediate help.
 ...                                              
                                                  
l.4 ... —Ä–∞–∑–Ω–æ—Å—Ç–Ω—É—é —Å—Ö–µ–º—É, –≤ –∫–æ—Ç
                                                  –æ—Ä–æ–π –ø—Ä–∏ –∞–ø—Ä–æ–∫...

You may provide a definition with
\DeclareUnicodeCharacter 


! Package inputenc Error: Unicode character –æ (U+043E)
(inputenc)                not set up for use with LaTeX.

See the inputenc package documentation for explanation.
Type  H <return>  for immediate help.
 ...                                              
                                                  
l.4 ...Ä–∞–∑–Ω–æ—Å—Ç–Ω—É—é —Å—Ö–µ–º—É, –≤ –∫–æ—Ç–æ
                                                  —Ä–æ–π –ø—Ä–∏ –∞–ø—Ä–æ–∫—Å...
(That makes 100 errors; please try again.) 
Here is how much of TeX's memory you used:
 47 strings out of 478994
 777 string characters out of 5859688
 283044 words of memory out of 5000000
 17632 multiletter control sequences out of 15000+600000
 403430 words of font info for 27 fonts, out of 8000000 for 9000
 1141 hyphenation exceptions out of 8191
 18i,1n,15p,463b,56s stack positions out of 5000i,500n,10000p,200000b,80000s

!  ==> Fatal error occurred, no output PDF file produced!
