This is pdfTeX, Version 3.14159265-2.6-1.40.21 (TeX Live 2020/Debian) (preloaded format=pdflatex 2021.4.15)  16 APR 2021 15:49
entering extended mode
 restricted \write18 enabled.
 %&-line parsing enabled.
**solving.tex
(./solving.tex
LaTeX2e <2020-02-02> patch level 5
L3 programming layer <2020-07-17>
! Undefined control sequence.
l.1 \section
             {Решение задачи}
The control sequence at the end of the top line
of your error message was never \def'ed. If you have
misspelled it (e.g., `\hobx'), type `I' and the correct
spelling (e.g., `I\hbox'). Otherwise just continue,
and I'll forget about whatever was undefined.


! Package inputenc Error: Unicode character Р (U+0420)
(inputenc)                not set up for use with LaTeX.

See the inputenc package documentation for explanation.
Type  H <return>  for immediate help.
 ...                                              
                                                  
l.1 \section {Р
                ешение задачи}
You may provide a definition with
\DeclareUnicodeCharacter 


! Package inputenc Error: Unicode character е (U+0435)
(inputenc)                not set up for use with LaTeX.

See the inputenc package documentation for explanation.
Type  H <return>  for immediate help.
 ...                                              
                                                  
l.1 \section {Ре
                  шение задачи}
You may provide a definition with
\DeclareUnicodeCharacter 


! Package inputenc Error: Unicode character ш (U+0448)
(inputenc)                not set up for use with LaTeX.

See the inputenc package documentation for explanation.
Type  H <return>  for immediate help.
 ...                                              
                                                  
l.1 \section {Реш
                    ение задачи}
You may provide a definition with
\DeclareUnicodeCharacter 


! Package inputenc Error: Unicode character е (U+0435)
(inputenc)                not set up for use with LaTeX.

See the inputenc package documentation for explanation.
Type  H <return>  for immediate help.
 ...                                              
                                                  
l.1 \section {Реше
                      ние задачи}
You may provide a definition with
\DeclareUnicodeCharacter 


! Package inputenc Error: Unicode character н (U+043D)
(inputenc)                not set up for use with LaTeX.

See the inputenc package documentation for explanation.
Type  H <return>  for immediate help.
 ...                                              
                                                  
l.1 \section {Решен
                        ие задачи}
You may provide a definition with
\DeclareUnicodeCharacter 


! Package inputenc Error: Unicode character и (U+0438)
(inputenc)                not set up for use with LaTeX.

See the inputenc package documentation for explanation.
Type  H <return>  for immediate help.
 ...                                              
                                                  
l.1 \section {Решени
                          е задачи}
You may provide a definition with
\DeclareUnicodeCharacter 


! Package inputenc Error: Unicode character е (U+0435)
(inputenc)                not set up for use with LaTeX.

See the inputenc package documentation for explanation.
Type  H <return>  for immediate help.
 ...                                              
                                                  
l.1 \section {Решение
                             задачи}
You may provide a definition with
\DeclareUnicodeCharacter 


! Package inputenc Error: Unicode character з (U+0437)
(inputenc)                not set up for use with LaTeX.

See the inputenc package documentation for explanation.
Type  H <return>  for immediate help.
 ...                                              
                                                  
l.1 \section {Решение з
                               адачи}
You may provide a definition with
\DeclareUnicodeCharacter 


! Package inputenc Error: Unicode character а (U+0430)
(inputenc)                not set up for use with LaTeX.

See the inputenc package documentation for explanation.
Type  H <return>  for immediate help.
 ...                                              
                                                  
l.1 \section {Решение за
                                 дачи}
You may provide a definition with
\DeclareUnicodeCharacter 


! Package inputenc Error: Unicode character д (U+0434)
(inputenc)                not set up for use with LaTeX.

See the inputenc package documentation for explanation.
Type  H <return>  for immediate help.
 ...                                              
                                                  
l.1 \section {Решение зад
                                   ачи}
You may provide a definition with
\DeclareUnicodeCharacter 


! Package inputenc Error: Unicode character а (U+0430)
(inputenc)                not set up for use with LaTeX.

See the inputenc package documentation for explanation.
Type  H <return>  for immediate help.
 ...                                              
                                                  
l.1 \section {Решение зада
                                     чи}
You may provide a definition with
\DeclareUnicodeCharacter 


! Package inputenc Error: Unicode character ч (U+0447)
(inputenc)                not set up for use with LaTeX.

See the inputenc package documentation for explanation.
Type  H <return>  for immediate help.
 ...                                              
                                                  
l.1 \section {Решение задач
                                       и}
You may provide a definition with
\DeclareUnicodeCharacter 


! Package inputenc Error: Unicode character и (U+0438)
(inputenc)                not set up for use with LaTeX.

See the inputenc package documentation for explanation.
Type  H <return>  for immediate help.
 ...                                              
                                                  
l.1 \section {Решение задачи
                                         }
You may provide a definition with
\DeclareUnicodeCharacter 

)
! Emergency stop.
<*> solving.tex
               
*** (job aborted, no legal \end found)

 
Here is how much of TeX's memory you used:
 25 strings out of 480906
 434 string characters out of 5910772
 242475 words of memory out of 5000000
 15723 multiletter control sequences out of 15000+600000
 535088 words of font info for 29 fonts, out of 8000000 for 9000
 1141 hyphenation exceptions out of 8191
 12i,0n,15p,81b,25s stack positions out of 5000i,500n,10000p,200000b,80000s
!  ==> Fatal error occurred, no output PDF file produced!
